<?xml version="1.0" encoding="utf-8" standalone="no"?>
<test-results xmlns:xsi="http://www.w3.org/2001/XMLSchema-instance" xsi:noNamespaceSchemaLocation="nunit_schema_2.5.xsd" name="Pester" total="2798" errors="0" failures="0" not-run="0" inconclusive="0" ignored="0" skipped="0" invalid="0" date="2020-04-28" time="08:12:08">
  <environment clr-version="4.0.30319.42000" user-domain="APPVYR-WIN" cwd="C:\projects\evergreen" platform="Microsoft Windows Server 2012 R2 Datacenter|C:\windows|\Device\Harddisk0\Partition5" machine-name="APPVYR-WIN" nunit-version="2.5.8.0" os-version="6.3.9600" user="appveyor" />
  <culture-info current-culture="en-US" current-uiculture="en-US" />
  <test-suite type="TestFixture" name="Pester" executed="True" result="Success" success="True" time="297.936" asserts="0" description="Pester">
    <results>
      <test-suite type="TestFixture" name="C:\projects\evergreen\tests\Main.Tests.ps1" executed="True" result="Success" success="True" time="11.9482" asserts="0" description="C:\projects\evergreen\tests\Main.Tests.ps1">
        <results>
          <test-suite type="TestFixture" name="General project validation" executed="True" result="Success" success="True" time="9.5006" asserts="0" description="General project validation">
            <results>
              <test-suite type="ParameterizedTest" name="General project validation.Script &lt;file&gt; should be valid PowerShell" executed="True" result="Success" success="True" time="0.8524" asserts="0" description="Script &lt;file&gt; should be valid PowerShell">
                <results>
                  <test-case description="Script C:\projects\evergreen\Evergreen\Private\ConvertFrom-GitHubReleasesJson.ps1 should be valid PowerShell" name="General project validation.Script C:\projects\evergreen\Evergreen\Private\ConvertFrom-GitHubReleasesJson.ps1 should be valid PowerShell" time="0.3104" asserts="0" success="True" result="Success" executed="True" />
                  <test-case description="Script C:\projects\evergreen\Evergreen\Private\ConvertFrom-SourceForgeReleasesJson.ps1 should be valid PowerShell" name="General project validation.Script C:\projects\evergreen\Evergreen\Private\ConvertFrom-SourceForgeReleasesJson.ps1 should be valid PowerShell" time="0.0058" asserts="0" success="True" result="Success" executed="True" />
                  <test-case description="Script C:\projects\evergreen\Evergreen\Private\ConvertTo-DateTime.ps1 should be valid PowerShell" name="General project validation.Script C:\projects\evergreen\Evergreen\Private\ConvertTo-DateTime.ps1 should be valid PowerShell" time="0.0054" asserts="0" success="True" result="Success" executed="True" />
                  <test-case description="Script C:\projects\evergreen\Evergreen\Private\ConvertTo-Hashtable.ps1 should be valid PowerShell" name="General project validation.Script C:\projects\evergreen\Evergreen\Private\ConvertTo-Hashtable.ps1 should be valid PowerShell" time="0.0117" asserts="0" success="True" result="Success" executed="True" />
                  <test-case description="Script C:\projects\evergreen\Evergreen\Private\Get-Architecture.ps1 should be valid PowerShell" name="General project validation.Script C:\projects\evergreen\Evergreen\Private\Get-Architecture.ps1 should be valid PowerShell" time="0.0055" asserts="0" success="True" result="Success" executed="True" />
                  <test-case description="Script C:\projects\evergreen\Evergreen\Private\Get-CitrixRssFeed.ps1 should be valid PowerShell" name="General project validation.Script C:\projects\evergreen\Evergreen\Private\Get-CitrixRssFeed.ps1 should be valid PowerShell" time="0.0058" asserts="0" success="True" result="Success" executed="True" />
                  <test-case description="Script C:\projects\evergreen\Evergreen\Private\Get-FunctionResource.ps1 should be valid PowerShell" name="General project validation.Script C:\projects\evergreen\Evergreen\Private\Get-FunctionResource.ps1 should be valid PowerShell" time="0.0056" asserts="0" success="True" result="Success" executed="True" />
                  <test-case description="Script C:\projects\evergreen\Evergreen\Private\Get-ModuleResource.ps1 should be valid PowerShell" name="General project validation.Script C:\projects\evergreen\Evergreen\Private\Get-ModuleResource.ps1 should be valid PowerShell" time="0.0054" asserts="0" success="True" result="Success" executed="True" />
                  <test-case description="Script C:\projects\evergreen\Evergreen\Private\Get-Platform.ps1 should be valid PowerShell" name="General project validation.Script C:\projects\evergreen\Evergreen\Private\Get-Platform.ps1 should be valid PowerShell" time="0.0053" asserts="0" success="True" result="Success" executed="True" />
                  <test-case description="Script C:\projects\evergreen\Evergreen\Private\Invoke-SystemNetRequest.ps1 should be valid PowerShell" name="General project validation.Script C:\projects\evergreen\Evergreen\Private\Invoke-SystemNetRequest.ps1 should be valid PowerShell" time="0.0054" asserts="0" success="True" result="Success" executed="True" />
                  <test-case description="Script C:\projects\evergreen\Evergreen\Private\Invoke-WebContent.ps1 should be valid PowerShell" name="General project validation.Script C:\projects\evergreen\Evergreen\Private\Invoke-WebContent.ps1 should be valid PowerShell" time="0.0083" asserts="0" success="True" result="Success" executed="True" />
                  <test-case description="Script C:\projects\evergreen\Evergreen\Private\Resolve-RedirectedUri.ps1 should be valid PowerShell" name="General project validation.Script C:\projects\evergreen\Evergreen\Private\Resolve-RedirectedUri.ps1 should be valid PowerShell" time="0.0057" asserts="0" success="True" result="Success" executed="True" />
                  <test-case description="Script C:\projects\evergreen\Evergreen\Private\Resolve-Uri.ps1 should be valid PowerShell" name="General project validation.Script C:\projects\evergreen\Evergreen\Private\Resolve-Uri.ps1 should be valid PowerShell" time="0.0056" asserts="0" success="True" result="Success" executed="True" />
                  <test-case description="Script C:\projects\evergreen\Evergreen\Private\Test-PSCore.ps1 should be valid PowerShell" name="General project validation.Script C:\projects\evergreen\Evergreen\Private\Test-PSCore.ps1 should be valid PowerShell" time="0.0055" asserts="0" success="True" result="Success" executed="True" />
                  <test-case description="Script C:\projects\evergreen\Evergreen\Public\Export-EvergreenFunctionStrings.ps1 should be valid PowerShell" name="General project validation.Script C:\projects\evergreen\Evergreen\Public\Export-EvergreenFunctionStrings.ps1 should be valid PowerShell" time="0.005" asserts="0" success="True" result="Success" executed="True" />
                  <test-case description="Script C:\projects\evergreen\Evergreen\Public\Export-EvergreenResourceStrings.ps1 should be valid PowerShell" name="General project validation.Script C:\projects\evergreen\Evergreen\Public\Export-EvergreenResourceStrings.ps1 should be valid PowerShell" time="0.0052" asserts="0" success="True" result="Success" executed="True" />
                  <test-case description="Script C:\projects\evergreen\Evergreen\Public\Get-7zip.ps1 should be valid PowerShell" name="General project validation.Script C:\projects\evergreen\Evergreen\Public\Get-7zip.ps1 should be valid PowerShell" time="0.0077" asserts="0" success="True" result="Success" executed="True" />
                  <test-case description="Script C:\projects\evergreen\Evergreen\Public\Get-AdobeAcrobatReaderDC.ps1 should be valid PowerShell" name="General project validation.Script C:\projects\evergreen\Evergreen\Public\Get-AdobeAcrobatReaderDC.ps1 should be valid PowerShell" time="0.0063" asserts="0" success="True" result="Success" executed="True" />
                  <test-case description="Script C:\projects\evergreen\Evergreen\Public\Get-Atom.ps1 should be valid PowerShell" name="General project validation.Script C:\projects\evergreen\Evergreen\Public\Get-Atom.ps1 should be valid PowerShell" time="0.0069" asserts="0" success="True" result="Success" executed="True" />
                  <test-case description="Script C:\projects\evergreen\Evergreen\Public\Get-BISF.ps1 should be valid PowerShell" name="General project validation.Script C:\projects\evergreen\Evergreen\Public\Get-BISF.ps1 should be valid PowerShell" time="0.0057" asserts="0" success="True" result="Success" executed="True" />
                  <test-case description="Script C:\projects\evergreen\Evergreen\Public\Get-CitrixAppLayeringFeed.ps1 should be valid PowerShell" name="General project validation.Script C:\projects\evergreen\Evergreen\Public\Get-CitrixAppLayeringFeed.ps1 should be valid PowerShell" time="0.0413" asserts="0" success="True" result="Success" executed="True" />
                  <test-case description="Script C:\projects\evergreen\Evergreen\Public\Get-CitrixApplicationDeliveryManagementFeed.ps1 should be valid PowerShell" name="General project validation.Script C:\projects\evergreen\Evergreen\Public\Get-CitrixApplicationDeliveryManagementFeed.ps1 should be valid PowerShell" time="0.007" asserts="0" success="True" result="Success" executed="True" />
                  <test-case description="Script C:\projects\evergreen\Evergreen\Public\Get-CitrixEndpointManagementFeed.ps1 should be valid PowerShell" name="General project validation.Script C:\projects\evergreen\Evergreen\Public\Get-CitrixEndpointManagementFeed.ps1 should be valid PowerShell" time="0.0122" asserts="0" success="True" result="Success" executed="True" />
                  <test-case description="Script C:\projects\evergreen\Evergreen\Public\Get-CitrixGatewayFeed.ps1 should be valid PowerShell" name="General project validation.Script C:\projects\evergreen\Evergreen\Public\Get-CitrixGatewayFeed.ps1 should be valid PowerShell" time="0.0075" asserts="0" success="True" result="Success" executed="True" />
                  <test-case description="Script C:\projects\evergreen\Evergreen\Public\Get-CitrixHypervisorFeed.ps1 should be valid PowerShell" name="General project validation.Script C:\projects\evergreen\Evergreen\Public\Get-CitrixHypervisorFeed.ps1 should be valid PowerShell" time="0.0083" asserts="0" success="True" result="Success" executed="True" />
                  <test-case description="Script C:\projects\evergreen\Evergreen\Public\Get-CitrixLicensingFeed.ps1 should be valid PowerShell" name="General project validation.Script C:\projects\evergreen\Evergreen\Public\Get-CitrixLicensingFeed.ps1 should be valid PowerShell" time="0.0071" asserts="0" success="True" result="Success" executed="True" />
                  <test-case description="Script C:\projects\evergreen\Evergreen\Public\Get-CitrixReceiverFeed.ps1 should be valid PowerShell" name="General project validation.Script C:\projects\evergreen\Evergreen\Public\Get-CitrixReceiverFeed.ps1 should be valid PowerShell" time="0.0069" asserts="0" success="True" result="Success" executed="True" />
                  <test-case description="Script C:\projects\evergreen\Evergreen\Public\Get-CitrixSdwanFeed.ps1 should be valid PowerShell" name="General project validation.Script C:\projects\evergreen\Evergreen\Public\Get-CitrixSdwanFeed.ps1 should be valid PowerShell" time="0.0069" asserts="0" success="True" result="Success" executed="True" />
                  <test-case description="Script C:\projects\evergreen\Evergreen\Public\Get-CitrixVirtualAppsDesktopsFeed.ps1 should be valid PowerShell" name="General project validation.Script C:\projects\evergreen\Evergreen\Public\Get-CitrixVirtualAppsDesktopsFeed.ps1 should be valid PowerShell" time="0.0068" asserts="0" success="True" result="Success" executed="True" />
                  <test-case description="Script C:\projects\evergreen\Evergreen\Public\Get-CitrixWorkspaceApp.ps1 should be valid PowerShell" name="General project validation.Script C:\projects\evergreen\Evergreen\Public\Get-CitrixWorkspaceApp.ps1 should be valid PowerShell" time="0.0083" asserts="0" success="True" result="Success" executed="True" />
                  <test-case description="Script C:\projects\evergreen\Evergreen\Public\Get-CitrixWorkspaceAppFeed.ps1 should be valid PowerShell" name="General project validation.Script C:\projects\evergreen\Evergreen\Public\Get-CitrixWorkspaceAppFeed.ps1 should be valid PowerShell" time="0.0078" asserts="0" success="True" result="Success" executed="True" />
                  <test-case description="Script C:\projects\evergreen\Evergreen\Public\Get-CitrixXenServerTools.ps1 should be valid PowerShell" name="General project validation.Script C:\projects\evergreen\Evergreen\Public\Get-CitrixXenServerTools.ps1 should be valid PowerShell" time="0.0114" asserts="0" success="True" result="Success" executed="True" />
                  <test-case description="Script C:\projects\evergreen\Evergreen\Public\Get-ControlUpAgent.ps1 should be valid PowerShell" name="General project validation.Script C:\projects\evergreen\Evergreen\Public\Get-ControlUpAgent.ps1 should be valid PowerShell" time="0.0067" asserts="0" success="True" result="Success" executed="True" />
                  <test-case description="Script C:\projects\evergreen\Evergreen\Public\Get-Cyberduck.ps1 should be valid PowerShell" name="General project validation.Script C:\projects\evergreen\Evergreen\Public\Get-Cyberduck.ps1 should be valid PowerShell" time="0.007" asserts="0" success="True" result="Success" executed="True" />
                  <test-case description="Script C:\projects\evergreen\Evergreen\Public\Get-FileZilla.ps1 should be valid PowerShell" name="General project validation.Script C:\projects\evergreen\Evergreen\Public\Get-FileZilla.ps1 should be valid PowerShell" time="0.0055" asserts="0" success="True" result="Success" executed="True" />
                  <test-case description="Script C:\projects\evergreen\Evergreen\Public\Get-FoxitReader.ps1 should be valid PowerShell" name="General project validation.Script C:\projects\evergreen\Evergreen\Public\Get-FoxitReader.ps1 should be valid PowerShell" time="0.0062" asserts="0" success="True" result="Success" executed="True" />
                  <test-case description="Script C:\projects\evergreen\Evergreen\Public\Get-GitforWindows.ps1 should be valid PowerShell" name="General project validation.Script C:\projects\evergreen\Evergreen\Public\Get-GitforWindows.ps1 should be valid PowerShell" time="0.0059" asserts="0" success="True" result="Success" executed="True" />
                  <test-case description="Script C:\projects\evergreen\Evergreen\Public\Get-GitHubRelease.ps1 should be valid PowerShell" name="General project validation.Script C:\projects\evergreen\Evergreen\Public\Get-GitHubRelease.ps1 should be valid PowerShell" time="0.0054" asserts="0" success="True" result="Success" executed="True" />
                  <test-case description="Script C:\projects\evergreen\Evergreen\Public\Get-Good.ps1 should be valid PowerShell" name="General project validation.Script C:\projects\evergreen\Evergreen\Public\Get-Good.ps1 should be valid PowerShell" time="0.0048" asserts="0" success="True" result="Success" executed="True" />
                  <test-case description="Script C:\projects\evergreen\Evergreen\Public\Get-GoogleChrome.ps1 should be valid PowerShell" name="General project validation.Script C:\projects\evergreen\Evergreen\Public\Get-GoogleChrome.ps1 should be valid PowerShell" time="0.0052" asserts="0" success="True" result="Success" executed="True" />
                  <test-case description="Script C:\projects\evergreen\Evergreen\Public\Get-Greenshot.ps1 should be valid PowerShell" name="General project validation.Script C:\projects\evergreen\Evergreen\Public\Get-Greenshot.ps1 should be valid PowerShell" time="0.0046" asserts="0" success="True" result="Success" executed="True" />
                  <test-case description="Script C:\projects\evergreen\Evergreen\Public\Get-Handbrake.ps1 should be valid PowerShell" name="General project validation.Script C:\projects\evergreen\Evergreen\Public\Get-Handbrake.ps1 should be valid PowerShell" time="0.0048" asserts="0" success="True" result="Success" executed="True" />
                  <test-case description="Script C:\projects\evergreen\Evergreen\Public\Get-JamTreeSizeFree.ps1 should be valid PowerShell" name="General project validation.Script C:\projects\evergreen\Evergreen\Public\Get-JamTreeSizeFree.ps1 should be valid PowerShell" time="0.0343" asserts="0" success="True" result="Success" executed="True" />
                  <test-case description="Script C:\projects\evergreen\Evergreen\Public\Get-JamTreeSizeProfessional.ps1 should be valid PowerShell" name="General project validation.Script C:\projects\evergreen\Evergreen\Public\Get-JamTreeSizeProfessional.ps1 should be valid PowerShell" time="0.0051" asserts="0" success="True" result="Success" executed="True" />
                  <test-case description="Script C:\projects\evergreen\Evergreen\Public\Get-KeePass.ps1 should be valid PowerShell" name="General project validation.Script C:\projects\evergreen\Evergreen\Public\Get-KeePass.ps1 should be valid PowerShell" time="0.0049" asserts="0" success="True" result="Success" executed="True" />
                  <test-case description="Script C:\projects\evergreen\Evergreen\Public\Get-LibreOffice.ps1 should be valid PowerShell" name="General project validation.Script C:\projects\evergreen\Evergreen\Public\Get-LibreOffice.ps1 should be valid PowerShell" time="0.0056" asserts="0" success="True" result="Success" executed="True" />
                  <test-case description="Script C:\projects\evergreen\Evergreen\Public\Get-MicrosoftEdge.ps1 should be valid PowerShell" name="General project validation.Script C:\projects\evergreen\Evergreen\Public\Get-MicrosoftEdge.ps1 should be valid PowerShell" time="0.0051" asserts="0" success="True" result="Success" executed="True" />
                  <test-case description="Script C:\projects\evergreen\Evergreen\Public\Get-MicrosoftFSLogixApps.ps1 should be valid PowerShell" name="General project validation.Script C:\projects\evergreen\Evergreen\Public\Get-MicrosoftFSLogixApps.ps1 should be valid PowerShell" time="0.005" asserts="0" success="True" result="Success" executed="True" />
                  <test-case description="Script C:\projects\evergreen\Evergreen\Public\Get-MicrosoftOffice.ps1 should be valid PowerShell" name="General project validation.Script C:\projects\evergreen\Evergreen\Public\Get-MicrosoftOffice.ps1 should be valid PowerShell" time="0.0066" asserts="0" success="True" result="Success" executed="True" />
                  <test-case description="Script C:\projects\evergreen\Evergreen\Public\Get-MicrosoftOneDrive.ps1 should be valid PowerShell" name="General project validation.Script C:\projects\evergreen\Evergreen\Public\Get-MicrosoftOneDrive.ps1 should be valid PowerShell" time="0.0075" asserts="0" success="True" result="Success" executed="True" />
                  <test-case description="Script C:\projects\evergreen\Evergreen\Public\Get-MicrosoftPowerShellCore.ps1 should be valid PowerShell" name="General project validation.Script C:\projects\evergreen\Evergreen\Public\Get-MicrosoftPowerShellCore.ps1 should be valid PowerShell" time="0.0101" asserts="0" success="True" result="Success" executed="True" />
                  <test-case description="Script C:\projects\evergreen\Evergreen\Public\Get-MicrosoftSsms.ps1 should be valid PowerShell" name="General project validation.Script C:\projects\evergreen\Evergreen\Public\Get-MicrosoftSsms.ps1 should be valid PowerShell" time="0.0057" asserts="0" success="True" result="Success" executed="True" />
                  <test-case description="Script C:\projects\evergreen\Evergreen\Public\Get-MicrosoftTeams.ps1 should be valid PowerShell" name="General project validation.Script C:\projects\evergreen\Evergreen\Public\Get-MicrosoftTeams.ps1 should be valid PowerShell" time="0.0083" asserts="0" success="True" result="Success" executed="True" />
                  <test-case description="Script C:\projects\evergreen\Evergreen\Public\Get-MicrosoftVisualStudioCode.ps1 should be valid PowerShell" name="General project validation.Script C:\projects\evergreen\Evergreen\Public\Get-MicrosoftVisualStudioCode.ps1 should be valid PowerShell" time="0.0053" asserts="0" success="True" result="Success" executed="True" />
                  <test-case description="Script C:\projects\evergreen\Evergreen\Public\Get-MozillaFirefox.ps1 should be valid PowerShell" name="General project validation.Script C:\projects\evergreen\Evergreen\Public\Get-MozillaFirefox.ps1 should be valid PowerShell" time="0.0058" asserts="0" success="True" result="Success" executed="True" />
                  <test-case description="Script C:\projects\evergreen\Evergreen\Public\Get-mRemoteNG.ps1 should be valid PowerShell" name="General project validation.Script C:\projects\evergreen\Evergreen\Public\Get-mRemoteNG.ps1 should be valid PowerShell" time="0.0052" asserts="0" success="True" result="Success" executed="True" />
                  <test-case description="Script C:\projects\evergreen\Evergreen\Public\Get-NotepadPlusPlus.ps1 should be valid PowerShell" name="General project validation.Script C:\projects\evergreen\Evergreen\Public\Get-NotepadPlusPlus.ps1 should be valid PowerShell" time="0.0061" asserts="0" success="True" result="Success" executed="True" />
                  <test-case description="Script C:\projects\evergreen\Evergreen\Public\Get-OpenJDK.ps1 should be valid PowerShell" name="General project validation.Script C:\projects\evergreen\Evergreen\Public\Get-OpenJDK.ps1 should be valid PowerShell" time="0.0067" asserts="0" success="True" result="Success" executed="True" />
                  <test-case description="Script C:\projects\evergreen\Evergreen\Public\Get-OpenShellMenu.ps1 should be valid PowerShell" name="General project validation.Script C:\projects\evergreen\Evergreen\Public\Get-OpenShellMenu.ps1 should be valid PowerShell" time="0.0095" asserts="0" success="True" result="Success" executed="True" />
                  <test-case description="Script C:\projects\evergreen\Evergreen\Public\Get-OracleJava8.ps1 should be valid PowerShell" name="General project validation.Script C:\projects\evergreen\Evergreen\Public\Get-OracleJava8.ps1 should be valid PowerShell" time="0.0084" asserts="0" success="True" result="Success" executed="True" />
                  <test-case description="Script C:\projects\evergreen\Evergreen\Public\Get-OracleVirtualBox.ps1 should be valid PowerShell" name="General project validation.Script C:\projects\evergreen\Evergreen\Public\Get-OracleVirtualBox.ps1 should be valid PowerShell" time="0.0064" asserts="0" success="True" result="Success" executed="True" />
                  <test-case description="Script C:\projects\evergreen\Evergreen\Public\Get-PaintDotNet.ps1 should be valid PowerShell" name="General project validation.Script C:\projects\evergreen\Evergreen\Public\Get-PaintDotNet.ps1 should be valid PowerShell" time="0.0091" asserts="0" success="True" result="Success" executed="True" />
                  <test-case description="Script C:\projects\evergreen\Evergreen\Public\Get-PDFForgePDFCreator.ps1 should be valid PowerShell" name="General project validation.Script C:\projects\evergreen\Evergreen\Public\Get-PDFForgePDFCreator.ps1 should be valid PowerShell" time="0.0077" asserts="0" success="True" result="Success" executed="True" />
                  <test-case description="Script C:\projects\evergreen\Evergreen\Public\Get-ScooterBeyondCompare.ps1 should be valid PowerShell" name="General project validation.Script C:\projects\evergreen\Evergreen\Public\Get-ScooterBeyondCompare.ps1 should be valid PowerShell" time="0.0067" asserts="0" success="True" result="Success" executed="True" />
                  <test-case description="Script C:\projects\evergreen\Evergreen\Public\Get-ShareX.ps1 should be valid PowerShell" name="General project validation.Script C:\projects\evergreen\Evergreen\Public\Get-ShareX.ps1 should be valid PowerShell" time="0.0091" asserts="0" success="True" result="Success" executed="True" />
                  <test-case description="Script C:\projects\evergreen\Evergreen\Public\Get-TeamViewer.ps1 should be valid PowerShell" name="General project validation.Script C:\projects\evergreen\Evergreen\Public\Get-TeamViewer.ps1 should be valid PowerShell" time="0.0061" asserts="0" success="True" result="Success" executed="True" />
                  <test-case description="Script C:\projects\evergreen\Evergreen\Public\Get-VastLimitsUberAgent.ps1 should be valid PowerShell" name="General project validation.Script C:\projects\evergreen\Evergreen\Public\Get-VastLimitsUberAgent.ps1 should be valid PowerShell" time="0.0087" asserts="0" success="True" result="Success" executed="True" />
                  <test-case description="Script C:\projects\evergreen\Evergreen\Public\Get-VideoLanVlcPlayer.ps1 should be valid PowerShell" name="General project validation.Script C:\projects\evergreen\Evergreen\Public\Get-VideoLanVlcPlayer.ps1 should be valid PowerShell" time="0.0109" asserts="0" success="True" result="Success" executed="True" />
                  <test-case description="Script C:\projects\evergreen\Evergreen\Public\Get-VMwareTools.ps1 should be valid PowerShell" name="General project validation.Script C:\projects\evergreen\Evergreen\Public\Get-VMwareTools.ps1 should be valid PowerShell" time="0.0048" asserts="0" success="True" result="Success" executed="True" />
                  <test-case description="Script C:\projects\evergreen\Evergreen\Public\Get-WinMerge.ps1 should be valid PowerShell" name="General project validation.Script C:\projects\evergreen\Evergreen\Public\Get-WinMerge.ps1 should be valid PowerShell" time="0.0046" asserts="0" success="True" result="Success" executed="True" />
                  <test-case description="Script C:\projects\evergreen\Evergreen\Public\Get-WinSCP.ps1 should be valid PowerShell" name="General project validation.Script C:\projects\evergreen\Evergreen\Public\Get-WinSCP.ps1 should be valid PowerShell" time="0.0072" asserts="0" success="True" result="Success" executed="True" />
                  <test-case description="Script C:\projects\evergreen\Evergreen\Public\Get-Zoom.ps1 should be valid PowerShell" name="General project validation.Script C:\projects\evergreen\Evergreen\Public\Get-Zoom.ps1 should be valid PowerShell" time="0.0053" asserts="0" success="True" result="Success" executed="True" />
                  <test-case description="Script C:\projects\evergreen\Evergreen\Evergreen.psm1 should be valid PowerShell" name="General project validation.Script C:\projects\evergreen\Evergreen\Evergreen.psm1 should be valid PowerShell" time="0.0045" asserts="0" success="True" result="Success" executed="True" />
                </results>
              </test-suite>
              <test-suite type="ParameterizedTest" name="General project validation.&lt;file&gt; should pass ScriptAnalyzer" executed="True" result="Success" success="True" time="6.0937" asserts="0" description="&lt;file&gt; should pass ScriptAnalyzer">
                <results>
                  <test-case description="C:\projects\evergreen\Evergreen\Private\ConvertFrom-GitHubReleasesJson.ps1 should pass ScriptAnalyzer" name="General project validation.C:\projects\evergreen\Evergreen\Private\ConvertFrom-GitHubReleasesJson.ps1 should pass ScriptAnalyzer" time="0.4195" asserts="0" success="True" result="Success" executed="True" />
                  <test-case description="C:\projects\evergreen\Evergreen\Private\ConvertFrom-SourceForgeReleasesJson.ps1 should pass ScriptAnalyzer" name="General project validation.C:\projects\evergreen\Evergreen\Private\ConvertFrom-SourceForgeReleasesJson.ps1 should pass ScriptAnalyzer" time="0.0827" asserts="0" success="True" result="Success" executed="True" />
                  <test-case description="C:\projects\evergreen\Evergreen\Private\ConvertTo-DateTime.ps1 should pass ScriptAnalyzer" name="General project validation.C:\projects\evergreen\Evergreen\Private\ConvertTo-DateTime.ps1 should pass ScriptAnalyzer" time="0.2016" asserts="0" success="True" result="Success" executed="True" />
                  <test-case description="C:\projects\evergreen\Evergreen\Private\ConvertTo-Hashtable.ps1 should pass ScriptAnalyzer" name="General project validation.C:\projects\evergreen\Evergreen\Private\ConvertTo-Hashtable.ps1 should pass ScriptAnalyzer" time="0.1059" asserts="0" success="True" result="Success" executed="True" />
                  <test-case description="C:\projects\evergreen\Evergreen\Private\Get-Architecture.ps1 should pass ScriptAnalyzer" name="General project validation.C:\projects\evergreen\Evergreen\Private\Get-Architecture.ps1 should pass ScriptAnalyzer" time="0.0481" asserts="0" success="True" result="Success" executed="True" />
                  <test-case description="C:\projects\evergreen\Evergreen\Private\Get-CitrixRssFeed.ps1 should pass ScriptAnalyzer" name="General project validation.C:\projects\evergreen\Evergreen\Private\Get-CitrixRssFeed.ps1 should pass ScriptAnalyzer" time="0.1063" asserts="0" success="True" result="Success" executed="True" />
                  <test-case description="C:\projects\evergreen\Evergreen\Private\Get-FunctionResource.ps1 should pass ScriptAnalyzer" name="General project validation.C:\projects\evergreen\Evergreen\Private\Get-FunctionResource.ps1 should pass ScriptAnalyzer" time="0.0543" asserts="0" success="True" result="Success" executed="True" />
                  <test-case description="C:\projects\evergreen\Evergreen\Private\Get-ModuleResource.ps1 should pass ScriptAnalyzer" name="General project validation.C:\projects\evergreen\Evergreen\Private\Get-ModuleResource.ps1 should pass ScriptAnalyzer" time="0.0649" asserts="0" success="True" result="Success" executed="True" />
                  <test-case description="C:\projects\evergreen\Evergreen\Private\Get-Platform.ps1 should pass ScriptAnalyzer" name="General project validation.C:\projects\evergreen\Evergreen\Private\Get-Platform.ps1 should pass ScriptAnalyzer" time="0.046" asserts="0" success="True" result="Success" executed="True" />
                  <test-case description="C:\projects\evergreen\Evergreen\Private\Invoke-SystemNetRequest.ps1 should pass ScriptAnalyzer" name="General project validation.C:\projects\evergreen\Evergreen\Private\Invoke-SystemNetRequest.ps1 should pass ScriptAnalyzer" time="0.3023" asserts="0" success="True" result="Success" executed="True" />
                  <test-case description="C:\projects\evergreen\Evergreen\Private\Invoke-WebContent.ps1 should pass ScriptAnalyzer" name="General project validation.C:\projects\evergreen\Evergreen\Private\Invoke-WebContent.ps1 should pass ScriptAnalyzer" time="0.1275" asserts="0" success="True" result="Success" executed="True" />
                  <test-case description="C:\projects\evergreen\Evergreen\Private\Resolve-RedirectedUri.ps1 should pass ScriptAnalyzer" name="General project validation.C:\projects\evergreen\Evergreen\Private\Resolve-RedirectedUri.ps1 should pass ScriptAnalyzer" time="0.1065" asserts="0" success="True" result="Success" executed="True" />
                  <test-case description="C:\projects\evergreen\Evergreen\Private\Resolve-Uri.ps1 should pass ScriptAnalyzer" name="General project validation.C:\projects\evergreen\Evergreen\Private\Resolve-Uri.ps1 should pass ScriptAnalyzer" time="0.0435" asserts="0" success="True" result="Success" executed="True" />
                  <test-case description="C:\projects\evergreen\Evergreen\Private\Test-PSCore.ps1 should pass ScriptAnalyzer" name="General project validation.C:\projects\evergreen\Evergreen\Private\Test-PSCore.ps1 should pass ScriptAnalyzer" time="0.0466" asserts="0" success="True" result="Success" executed="True" />
                  <test-case description="C:\projects\evergreen\Evergreen\Public\Export-EvergreenFunctionStrings.ps1 should pass ScriptAnalyzer" name="General project validation.C:\projects\evergreen\Evergreen\Public\Export-EvergreenFunctionStrings.ps1 should pass ScriptAnalyzer" time="0.1157" asserts="0" success="True" result="Success" executed="True" />
                  <test-case description="C:\projects\evergreen\Evergreen\Public\Export-EvergreenResourceStrings.ps1 should pass ScriptAnalyzer" name="General project validation.C:\projects\evergreen\Evergreen\Public\Export-EvergreenResourceStrings.ps1 should pass ScriptAnalyzer" time="0.0435" asserts="0" success="True" result="Success" executed="True" />
                  <test-case description="C:\projects\evergreen\Evergreen\Public\Get-7zip.ps1 should pass ScriptAnalyzer" name="General project validation.C:\projects\evergreen\Evergreen\Public\Get-7zip.ps1 should pass ScriptAnalyzer" time="0.1184" asserts="0" success="True" result="Success" executed="True" />
                  <test-case description="C:\projects\evergreen\Evergreen\Public\Get-AdobeAcrobatReaderDC.ps1 should pass ScriptAnalyzer" name="General project validation.C:\projects\evergreen\Evergreen\Public\Get-AdobeAcrobatReaderDC.ps1 should pass ScriptAnalyzer" time="0.0526" asserts="0" success="True" result="Success" executed="True" />
                  <test-case description="C:\projects\evergreen\Evergreen\Public\Get-Atom.ps1 should pass ScriptAnalyzer" name="General project validation.C:\projects\evergreen\Evergreen\Public\Get-Atom.ps1 should pass ScriptAnalyzer" time="0.1064" asserts="0" success="True" result="Success" executed="True" />
                  <test-case description="C:\projects\evergreen\Evergreen\Public\Get-BISF.ps1 should pass ScriptAnalyzer" name="General project validation.C:\projects\evergreen\Evergreen\Public\Get-BISF.ps1 should pass ScriptAnalyzer" time="0.0473" asserts="0" success="True" result="Success" executed="True" />
                  <test-case description="C:\projects\evergreen\Evergreen\Public\Get-CitrixAppLayeringFeed.ps1 should pass ScriptAnalyzer" name="General project validation.C:\projects\evergreen\Evergreen\Public\Get-CitrixAppLayeringFeed.ps1 should pass ScriptAnalyzer" time="0.1065" asserts="0" success="True" result="Success" executed="True" />
                  <test-case description="C:\projects\evergreen\Evergreen\Public\Get-CitrixApplicationDeliveryManagementFeed.ps1 should pass ScriptAnalyzer" name="General project validation.C:\projects\evergreen\Evergreen\Public\Get-CitrixApplicationDeliveryManagementFeed.ps1 should pass ScriptAnalyzer" time="0.0544" asserts="0" success="True" result="Success" executed="True" />
                  <test-case description="C:\projects\evergreen\Evergreen\Public\Get-CitrixEndpointManagementFeed.ps1 should pass ScriptAnalyzer" name="General project validation.C:\projects\evergreen\Evergreen\Public\Get-CitrixEndpointManagementFeed.ps1 should pass ScriptAnalyzer" time="0.0581" asserts="0" success="True" result="Success" executed="True" />
                  <test-case description="C:\projects\evergreen\Evergreen\Public\Get-CitrixGatewayFeed.ps1 should pass ScriptAnalyzer" name="General project validation.C:\projects\evergreen\Evergreen\Public\Get-CitrixGatewayFeed.ps1 should pass ScriptAnalyzer" time="0.0612" asserts="0" success="True" result="Success" executed="True" />
                  <test-case description="C:\projects\evergreen\Evergreen\Public\Get-CitrixHypervisorFeed.ps1 should pass ScriptAnalyzer" name="General project validation.C:\projects\evergreen\Evergreen\Public\Get-CitrixHypervisorFeed.ps1 should pass ScriptAnalyzer" time="0.0582" asserts="0" success="True" result="Success" executed="True" />
                  <test-case description="C:\projects\evergreen\Evergreen\Public\Get-CitrixLicensingFeed.ps1 should pass ScriptAnalyzer" name="General project validation.C:\projects\evergreen\Evergreen\Public\Get-CitrixLicensingFeed.ps1 should pass ScriptAnalyzer" time="0.0678" asserts="0" success="True" result="Success" executed="True" />
                  <test-case description="C:\projects\evergreen\Evergreen\Public\Get-CitrixReceiverFeed.ps1 should pass ScriptAnalyzer" name="General project validation.C:\projects\evergreen\Evergreen\Public\Get-CitrixReceiverFeed.ps1 should pass ScriptAnalyzer" time="0.0565" asserts="0" success="True" result="Success" executed="True" />
                  <test-case description="C:\projects\evergreen\Evergreen\Public\Get-CitrixSdwanFeed.ps1 should pass ScriptAnalyzer" name="General project validation.C:\projects\evergreen\Evergreen\Public\Get-CitrixSdwanFeed.ps1 should pass ScriptAnalyzer" time="0.0607" asserts="0" success="True" result="Success" executed="True" />
                  <test-case description="C:\projects\evergreen\Evergreen\Public\Get-CitrixVirtualAppsDesktopsFeed.ps1 should pass ScriptAnalyzer" name="General project validation.C:\projects\evergreen\Evergreen\Public\Get-CitrixVirtualAppsDesktopsFeed.ps1 should pass ScriptAnalyzer" time="0.0563" asserts="0" success="True" result="Success" executed="True" />
                  <test-case description="C:\projects\evergreen\Evergreen\Public\Get-CitrixWorkspaceApp.ps1 should pass ScriptAnalyzer" name="General project validation.C:\projects\evergreen\Evergreen\Public\Get-CitrixWorkspaceApp.ps1 should pass ScriptAnalyzer" time="0.0811" asserts="0" success="True" result="Success" executed="True" />
                  <test-case description="C:\projects\evergreen\Evergreen\Public\Get-CitrixWorkspaceAppFeed.ps1 should pass ScriptAnalyzer" name="General project validation.C:\projects\evergreen\Evergreen\Public\Get-CitrixWorkspaceAppFeed.ps1 should pass ScriptAnalyzer" time="0.084" asserts="0" success="True" result="Success" executed="True" />
                  <test-case description="C:\projects\evergreen\Evergreen\Public\Get-CitrixXenServerTools.ps1 should pass ScriptAnalyzer" name="General project validation.C:\projects\evergreen\Evergreen\Public\Get-CitrixXenServerTools.ps1 should pass ScriptAnalyzer" time="0.0826" asserts="0" success="True" result="Success" executed="True" />
                  <test-case description="C:\projects\evergreen\Evergreen\Public\Get-ControlUpAgent.ps1 should pass ScriptAnalyzer" name="General project validation.C:\projects\evergreen\Evergreen\Public\Get-ControlUpAgent.ps1 should pass ScriptAnalyzer" time="0.0684" asserts="0" success="True" result="Success" executed="True" />
                  <test-case description="C:\projects\evergreen\Evergreen\Public\Get-Cyberduck.ps1 should pass ScriptAnalyzer" name="General project validation.C:\projects\evergreen\Evergreen\Public\Get-Cyberduck.ps1 should pass ScriptAnalyzer" time="0.1262" asserts="0" success="True" result="Success" executed="True" />
                  <test-case description="C:\projects\evergreen\Evergreen\Public\Get-FileZilla.ps1 should pass ScriptAnalyzer" name="General project validation.C:\projects\evergreen\Evergreen\Public\Get-FileZilla.ps1 should pass ScriptAnalyzer" time="0.0617" asserts="0" success="True" result="Success" executed="True" />
                  <test-case description="C:\projects\evergreen\Evergreen\Public\Get-FoxitReader.ps1 should pass ScriptAnalyzer" name="General project validation.C:\projects\evergreen\Evergreen\Public\Get-FoxitReader.ps1 should pass ScriptAnalyzer" time="0.2137" asserts="0" success="True" result="Success" executed="True" />
                  <test-case description="C:\projects\evergreen\Evergreen\Public\Get-GitforWindows.ps1 should pass ScriptAnalyzer" name="General project validation.C:\projects\evergreen\Evergreen\Public\Get-GitforWindows.ps1 should pass ScriptAnalyzer" time="0.0584" asserts="0" success="True" result="Success" executed="True" />
                  <test-case description="C:\projects\evergreen\Evergreen\Public\Get-GitHubRelease.ps1 should pass ScriptAnalyzer" name="General project validation.C:\projects\evergreen\Evergreen\Public\Get-GitHubRelease.ps1 should pass ScriptAnalyzer" time="0.0534" asserts="0" success="True" result="Success" executed="True" />
                  <test-case description="C:\projects\evergreen\Evergreen\Public\Get-Good.ps1 should pass ScriptAnalyzer" name="General project validation.C:\projects\evergreen\Evergreen\Public\Get-Good.ps1 should pass ScriptAnalyzer" time="0.0572" asserts="0" success="True" result="Success" executed="True" />
                  <test-case description="C:\projects\evergreen\Evergreen\Public\Get-GoogleChrome.ps1 should pass ScriptAnalyzer" name="General project validation.C:\projects\evergreen\Evergreen\Public\Get-GoogleChrome.ps1 should pass ScriptAnalyzer" time="0.1681" asserts="0" success="True" result="Success" executed="True" />
                  <test-case description="C:\projects\evergreen\Evergreen\Public\Get-Greenshot.ps1 should pass ScriptAnalyzer" name="General project validation.C:\projects\evergreen\Evergreen\Public\Get-Greenshot.ps1 should pass ScriptAnalyzer" time="0.0503" asserts="0" success="True" result="Success" executed="True" />
                  <test-case description="C:\projects\evergreen\Evergreen\Public\Get-Handbrake.ps1 should pass ScriptAnalyzer" name="General project validation.C:\projects\evergreen\Evergreen\Public\Get-Handbrake.ps1 should pass ScriptAnalyzer" time="0.0611" asserts="0" success="True" result="Success" executed="True" />
                  <test-case description="C:\projects\evergreen\Evergreen\Public\Get-JamTreeSizeFree.ps1 should pass ScriptAnalyzer" name="General project validation.C:\projects\evergreen\Evergreen\Public\Get-JamTreeSizeFree.ps1 should pass ScriptAnalyzer" time="0.0475" asserts="0" success="True" result="Success" executed="True" />
                  <test-case description="C:\projects\evergreen\Evergreen\Public\Get-JamTreeSizeProfessional.ps1 should pass ScriptAnalyzer" name="General project validation.C:\projects\evergreen\Evergreen\Public\Get-JamTreeSizeProfessional.ps1 should pass ScriptAnalyzer" time="0.0531" asserts="0" success="True" result="Success" executed="True" />
                  <test-case description="C:\projects\evergreen\Evergreen\Public\Get-KeePass.ps1 should pass ScriptAnalyzer" name="General project validation.C:\projects\evergreen\Evergreen\Public\Get-KeePass.ps1 should pass ScriptAnalyzer" time="0.0635" asserts="0" success="True" result="Success" executed="True" />
                  <test-case description="C:\projects\evergreen\Evergreen\Public\Get-LibreOffice.ps1 should pass ScriptAnalyzer" name="General project validation.C:\projects\evergreen\Evergreen\Public\Get-LibreOffice.ps1 should pass ScriptAnalyzer" time="0.0586" asserts="0" success="True" result="Success" executed="True" />
                  <test-case description="C:\projects\evergreen\Evergreen\Public\Get-MicrosoftEdge.ps1 should pass ScriptAnalyzer" name="General project validation.C:\projects\evergreen\Evergreen\Public\Get-MicrosoftEdge.ps1 should pass ScriptAnalyzer" time="0.0459" asserts="0" success="True" result="Success" executed="True" />
                  <test-case description="C:\projects\evergreen\Evergreen\Public\Get-MicrosoftFSLogixApps.ps1 should pass ScriptAnalyzer" name="General project validation.C:\projects\evergreen\Evergreen\Public\Get-MicrosoftFSLogixApps.ps1 should pass ScriptAnalyzer" time="0.0573" asserts="0" success="True" result="Success" executed="True" />
                  <test-case description="C:\projects\evergreen\Evergreen\Public\Get-MicrosoftOffice.ps1 should pass ScriptAnalyzer" name="General project validation.C:\projects\evergreen\Evergreen\Public\Get-MicrosoftOffice.ps1 should pass ScriptAnalyzer" time="0.0457" asserts="0" success="True" result="Success" executed="True" />
                  <test-case description="C:\projects\evergreen\Evergreen\Public\Get-MicrosoftOneDrive.ps1 should pass ScriptAnalyzer" name="General project validation.C:\projects\evergreen\Evergreen\Public\Get-MicrosoftOneDrive.ps1 should pass ScriptAnalyzer" time="0.0559" asserts="0" success="True" result="Success" executed="True" />
                  <test-case description="C:\projects\evergreen\Evergreen\Public\Get-MicrosoftPowerShellCore.ps1 should pass ScriptAnalyzer" name="General project validation.C:\projects\evergreen\Evergreen\Public\Get-MicrosoftPowerShellCore.ps1 should pass ScriptAnalyzer" time="0.0459" asserts="0" success="True" result="Success" executed="True" />
                  <test-case description="C:\projects\evergreen\Evergreen\Public\Get-MicrosoftSsms.ps1 should pass ScriptAnalyzer" name="General project validation.C:\projects\evergreen\Evergreen\Public\Get-MicrosoftSsms.ps1 should pass ScriptAnalyzer" time="0.0509" asserts="0" success="True" result="Success" executed="True" />
                  <test-case description="C:\projects\evergreen\Evergreen\Public\Get-MicrosoftTeams.ps1 should pass ScriptAnalyzer" name="General project validation.C:\projects\evergreen\Evergreen\Public\Get-MicrosoftTeams.ps1 should pass ScriptAnalyzer" time="0.0464" asserts="0" success="True" result="Success" executed="True" />
                  <test-case description="C:\projects\evergreen\Evergreen\Public\Get-MicrosoftVisualStudioCode.ps1 should pass ScriptAnalyzer" name="General project validation.C:\projects\evergreen\Evergreen\Public\Get-MicrosoftVisualStudioCode.ps1 should pass ScriptAnalyzer" time="0.0479" asserts="0" success="True" result="Success" executed="True" />
                  <test-case description="C:\projects\evergreen\Evergreen\Public\Get-MozillaFirefox.ps1 should pass ScriptAnalyzer" name="General project validation.C:\projects\evergreen\Evergreen\Public\Get-MozillaFirefox.ps1 should pass ScriptAnalyzer" time="0.1006" asserts="0" success="True" result="Success" executed="True" />
                  <test-case description="C:\projects\evergreen\Evergreen\Public\Get-mRemoteNG.ps1 should pass ScriptAnalyzer" name="General project validation.C:\projects\evergreen\Evergreen\Public\Get-mRemoteNG.ps1 should pass ScriptAnalyzer" time="0.0495" asserts="0" success="True" result="Success" executed="True" />
                  <test-case description="C:\projects\evergreen\Evergreen\Public\Get-NotepadPlusPlus.ps1 should pass ScriptAnalyzer" name="General project validation.C:\projects\evergreen\Evergreen\Public\Get-NotepadPlusPlus.ps1 should pass ScriptAnalyzer" time="0.0522" asserts="0" success="True" result="Success" executed="True" />
                  <test-case description="C:\projects\evergreen\Evergreen\Public\Get-OpenJDK.ps1 should pass ScriptAnalyzer" name="General project validation.C:\projects\evergreen\Evergreen\Public\Get-OpenJDK.ps1 should pass ScriptAnalyzer" time="0.0473" asserts="0" success="True" result="Success" executed="True" />
                  <test-case description="C:\projects\evergreen\Evergreen\Public\Get-OpenShellMenu.ps1 should pass ScriptAnalyzer" name="General project validation.C:\projects\evergreen\Evergreen\Public\Get-OpenShellMenu.ps1 should pass ScriptAnalyzer" time="0.0501" asserts="0" success="True" result="Success" executed="True" />
                  <test-case description="C:\projects\evergreen\Evergreen\Public\Get-OracleJava8.ps1 should pass ScriptAnalyzer" name="General project validation.C:\projects\evergreen\Evergreen\Public\Get-OracleJava8.ps1 should pass ScriptAnalyzer" time="0.1206" asserts="0" success="True" result="Success" executed="True" />
                  <test-case description="C:\projects\evergreen\Evergreen\Public\Get-OracleVirtualBox.ps1 should pass ScriptAnalyzer" name="General project validation.C:\projects\evergreen\Evergreen\Public\Get-OracleVirtualBox.ps1 should pass ScriptAnalyzer" time="0.116" asserts="0" success="True" result="Success" executed="True" />
                  <test-case description="C:\projects\evergreen\Evergreen\Public\Get-PaintDotNet.ps1 should pass ScriptAnalyzer" name="General project validation.C:\projects\evergreen\Evergreen\Public\Get-PaintDotNet.ps1 should pass ScriptAnalyzer" time="0.0513" asserts="0" success="True" result="Success" executed="True" />
                  <test-case description="C:\projects\evergreen\Evergreen\Public\Get-PDFForgePDFCreator.ps1 should pass ScriptAnalyzer" name="General project validation.C:\projects\evergreen\Evergreen\Public\Get-PDFForgePDFCreator.ps1 should pass ScriptAnalyzer" time="0.0497" asserts="0" success="True" result="Success" executed="True" />
                  <test-case description="C:\projects\evergreen\Evergreen\Public\Get-ScooterBeyondCompare.ps1 should pass ScriptAnalyzer" name="General project validation.C:\projects\evergreen\Evergreen\Public\Get-ScooterBeyondCompare.ps1 should pass ScriptAnalyzer" time="0.0665" asserts="0" success="True" result="Success" executed="True" />
                  <test-case description="C:\projects\evergreen\Evergreen\Public\Get-ShareX.ps1 should pass ScriptAnalyzer" name="General project validation.C:\projects\evergreen\Evergreen\Public\Get-ShareX.ps1 should pass ScriptAnalyzer" time="0.0553" asserts="0" success="True" result="Success" executed="True" />
                  <test-case description="C:\projects\evergreen\Evergreen\Public\Get-TeamViewer.ps1 should pass ScriptAnalyzer" name="General project validation.C:\projects\evergreen\Evergreen\Public\Get-TeamViewer.ps1 should pass ScriptAnalyzer" time="0.1205" asserts="0" success="True" result="Success" executed="True" />
                  <test-case description="C:\projects\evergreen\Evergreen\Public\Get-VastLimitsUberAgent.ps1 should pass ScriptAnalyzer" name="General project validation.C:\projects\evergreen\Evergreen\Public\Get-VastLimitsUberAgent.ps1 should pass ScriptAnalyzer" time="0.0496" asserts="0" success="True" result="Success" executed="True" />
                  <test-case description="C:\projects\evergreen\Evergreen\Public\Get-VideoLanVlcPlayer.ps1 should pass ScriptAnalyzer" name="General project validation.C:\projects\evergreen\Evergreen\Public\Get-VideoLanVlcPlayer.ps1 should pass ScriptAnalyzer" time="0.1248" asserts="0" success="True" result="Success" executed="True" />
                  <test-case description="C:\projects\evergreen\Evergreen\Public\Get-VMwareTools.ps1 should pass ScriptAnalyzer" name="General project validation.C:\projects\evergreen\Evergreen\Public\Get-VMwareTools.ps1 should pass ScriptAnalyzer" time="0.1013" asserts="0" success="True" result="Success" executed="True" />
                  <test-case description="C:\projects\evergreen\Evergreen\Public\Get-WinMerge.ps1 should pass ScriptAnalyzer" name="General project validation.C:\projects\evergreen\Evergreen\Public\Get-WinMerge.ps1 should pass ScriptAnalyzer" time="0.0563" asserts="0" success="True" result="Success" executed="True" />
                  <test-case description="C:\projects\evergreen\Evergreen\Public\Get-WinSCP.ps1 should pass ScriptAnalyzer" name="General project validation.C:\projects\evergreen\Evergreen\Public\Get-WinSCP.ps1 should pass ScriptAnalyzer" time="0.0521" asserts="0" success="True" result="Success" executed="True" />
                  <test-case description="C:\projects\evergreen\Evergreen\Public\Get-Zoom.ps1 should pass ScriptAnalyzer" name="General project validation.C:\projects\evergreen\Evergreen\Public\Get-Zoom.ps1 should pass ScriptAnalyzer" time="0.1132" asserts="0" success="True" result="Success" executed="True" />
                  <test-case description="C:\projects\evergreen\Evergreen\Evergreen.psm1 should pass ScriptAnalyzer" name="General project validation.C:\projects\evergreen\Evergreen\Evergreen.psm1 should pass ScriptAnalyzer" time="0.1129" asserts="0" success="True" result="Success" executed="True" />
                </results>
              </test-suite>
            </results>
          </test-suite>
          <test-suite type="TestFixture" name="Module Function validation" executed="True" result="Success" success="True" time="1.9177" asserts="0" description="Module Function validation">
            <results>
              <test-suite type="ParameterizedTest" name="Module Function validation.Script &lt;file&gt; should only contain one function" executed="True" result="Success" success="True" time="0.5158" asserts="0" description="Script &lt;file&gt; should only contain one function">
                <results>
                  <test-case description="Script C:\projects\evergreen\Evergreen\Private\ConvertFrom-GitHubReleasesJson.ps1 should only contain one function" name="Module Function validation.Script C:\projects\evergreen\Evergreen\Private\ConvertFrom-GitHubReleasesJson.ps1 should only contain one function" time="0.0335" asserts="0" success="True" result="Success" executed="True" />
                  <test-case description="Script C:\projects\evergreen\Evergreen\Private\ConvertFrom-SourceForgeReleasesJson.ps1 should only contain one function" name="Module Function validation.Script C:\projects\evergreen\Evergreen\Private\ConvertFrom-SourceForgeReleasesJson.ps1 should only contain one function" time="0.0075" asserts="0" success="True" result="Success" executed="True" />
                  <test-case description="Script C:\projects\evergreen\Evergreen\Private\ConvertTo-DateTime.ps1 should only contain one function" name="Module Function validation.Script C:\projects\evergreen\Evergreen\Private\ConvertTo-DateTime.ps1 should only contain one function" time="0.0054" asserts="0" success="True" result="Success" executed="True" />
                  <test-case description="Script C:\projects\evergreen\Evergreen\Private\ConvertTo-Hashtable.ps1 should only contain one function" name="Module Function validation.Script C:\projects\evergreen\Evergreen\Private\ConvertTo-Hashtable.ps1 should only contain one function" time="0.0175" asserts="0" success="True" result="Success" executed="True" />
                  <test-case description="Script C:\projects\evergreen\Evergreen\Private\Get-Architecture.ps1 should only contain one function" name="Module Function validation.Script C:\projects\evergreen\Evergreen\Private\Get-Architecture.ps1 should only contain one function" time="0.0063" asserts="0" success="True" result="Success" executed="True" />
                  <test-case description="Script C:\projects\evergreen\Evergreen\Private\Get-CitrixRssFeed.ps1 should only contain one function" name="Module Function validation.Script C:\projects\evergreen\Evergreen\Private\Get-CitrixRssFeed.ps1 should only contain one function" time="0.0067" asserts="0" success="True" result="Success" executed="True" />
                  <test-case description="Script C:\projects\evergreen\Evergreen\Private\Get-FunctionResource.ps1 should only contain one function" name="Module Function validation.Script C:\projects\evergreen\Evergreen\Private\Get-FunctionResource.ps1 should only contain one function" time="0.0098" asserts="0" success="True" result="Success" executed="True" />
                  <test-case description="Script C:\projects\evergreen\Evergreen\Private\Get-ModuleResource.ps1 should only contain one function" name="Module Function validation.Script C:\projects\evergreen\Evergreen\Private\Get-ModuleResource.ps1 should only contain one function" time="0.008" asserts="0" success="True" result="Success" executed="True" />
                  <test-case description="Script C:\projects\evergreen\Evergreen\Private\Get-Platform.ps1 should only contain one function" name="Module Function validation.Script C:\projects\evergreen\Evergreen\Private\Get-Platform.ps1 should only contain one function" time="0.0063" asserts="0" success="True" result="Success" executed="True" />
                  <test-case description="Script C:\projects\evergreen\Evergreen\Private\Invoke-SystemNetRequest.ps1 should only contain one function" name="Module Function validation.Script C:\projects\evergreen\Evergreen\Private\Invoke-SystemNetRequest.ps1 should only contain one function" time="0.0083" asserts="0" success="True" result="Success" executed="True" />
                  <test-case description="Script C:\projects\evergreen\Evergreen\Private\Invoke-WebContent.ps1 should only contain one function" name="Module Function validation.Script C:\projects\evergreen\Evergreen\Private\Invoke-WebContent.ps1 should only contain one function" time="0.0075" asserts="0" success="True" result="Success" executed="True" />
                  <test-case description="Script C:\projects\evergreen\Evergreen\Private\Resolve-RedirectedUri.ps1 should only contain one function" name="Module Function validation.Script C:\projects\evergreen\Evergreen\Private\Resolve-RedirectedUri.ps1 should only contain one function" time="0.0083" asserts="0" success="True" result="Success" executed="True" />
                  <test-case description="Script C:\projects\evergreen\Evergreen\Private\Resolve-Uri.ps1 should only contain one function" name="Module Function validation.Script C:\projects\evergreen\Evergreen\Private\Resolve-Uri.ps1 should only contain one function" time="0.0094" asserts="0" success="True" result="Success" executed="True" />
                  <test-case description="Script C:\projects\evergreen\Evergreen\Private\Test-PSCore.ps1 should only contain one function" name="Module Function validation.Script C:\projects\evergreen\Evergreen\Private\Test-PSCore.ps1 should only contain one function" time="0.006" asserts="0" success="True" result="Success" executed="True" />
                  <test-case description="Script C:\projects\evergreen\Evergreen\Public\Export-EvergreenFunctionStrings.ps1 should only contain one function" name="Module Function validation.Script C:\projects\evergreen\Evergreen\Public\Export-EvergreenFunctionStrings.ps1 should only contain one function" time="0.007" asserts="0" success="True" result="Success" executed="True" />
                  <test-case description="Script C:\projects\evergreen\Evergreen\Public\Export-EvergreenResourceStrings.ps1 should only contain one function" name="Module Function validation.Script C:\projects\evergreen\Evergreen\Public\Export-EvergreenResourceStrings.ps1 should only contain one function" time="0.0057" asserts="0" success="True" result="Success" executed="True" />
                  <test-case description="Script C:\projects\evergreen\Evergreen\Public\Get-7zip.ps1 should only contain one function" name="Module Function validation.Script C:\projects\evergreen\Evergreen\Public\Get-7zip.ps1 should only contain one function" time="0.0074" asserts="0" success="True" result="Success" executed="True" />
                  <test-case description="Script C:\projects\evergreen\Evergreen\Public\Get-AdobeAcrobatReaderDC.ps1 should only contain one function" name="Module Function validation.Script C:\projects\evergreen\Evergreen\Public\Get-AdobeAcrobatReaderDC.ps1 should only contain one function" time="0.0093" asserts="0" success="True" result="Success" executed="True" />
                  <test-case description="Script C:\projects\evergreen\Evergreen\Public\Get-Atom.ps1 should only contain one function" name="Module Function validation.Script C:\projects\evergreen\Evergreen\Public\Get-Atom.ps1 should only contain one function" time="0.0059" asserts="0" success="True" result="Success" executed="True" />
                  <test-case description="Script C:\projects\evergreen\Evergreen\Public\Get-BISF.ps1 should only contain one function" name="Module Function validation.Script C:\projects\evergreen\Evergreen\Public\Get-BISF.ps1 should only contain one function" time="0.0054" asserts="0" success="True" result="Success" executed="True" />
                  <test-case description="Script C:\projects\evergreen\Evergreen\Public\Get-CitrixAppLayeringFeed.ps1 should only contain one function" name="Module Function validation.Script C:\projects\evergreen\Evergreen\Public\Get-CitrixAppLayeringFeed.ps1 should only contain one function" time="0.0075" asserts="0" success="True" result="Success" executed="True" />
                  <test-case description="Script C:\projects\evergreen\Evergreen\Public\Get-CitrixApplicationDeliveryManagementFeed.ps1 should only contain one function" name="Module Function validation.Script C:\projects\evergreen\Evergreen\Public\Get-CitrixApplicationDeliveryManagementFeed.ps1 should only contain one function" time="0.009" asserts="0" success="True" result="Success" executed="True" />
                  <test-case description="Script C:\projects\evergreen\Evergreen\Public\Get-CitrixEndpointManagementFeed.ps1 should only contain one function" name="Module Function validation.Script C:\projects\evergreen\Evergreen\Public\Get-CitrixEndpointManagementFeed.ps1 should only contain one function" time="0.0057" asserts="0" success="True" result="Success" executed="True" />
                  <test-case description="Script C:\projects\evergreen\Evergreen\Public\Get-CitrixGatewayFeed.ps1 should only contain one function" name="Module Function validation.Script C:\projects\evergreen\Evergreen\Public\Get-CitrixGatewayFeed.ps1 should only contain one function" time="0.0074" asserts="0" success="True" result="Success" executed="True" />
                  <test-case description="Script C:\projects\evergreen\Evergreen\Public\Get-CitrixHypervisorFeed.ps1 should only contain one function" name="Module Function validation.Script C:\projects\evergreen\Evergreen\Public\Get-CitrixHypervisorFeed.ps1 should only contain one function" time="0.0068" asserts="0" success="True" result="Success" executed="True" />
                  <test-case description="Script C:\projects\evergreen\Evergreen\Public\Get-CitrixLicensingFeed.ps1 should only contain one function" name="Module Function validation.Script C:\projects\evergreen\Evergreen\Public\Get-CitrixLicensingFeed.ps1 should only contain one function" time="0.0053" asserts="0" success="True" result="Success" executed="True" />
                  <test-case description="Script C:\projects\evergreen\Evergreen\Public\Get-CitrixReceiverFeed.ps1 should only contain one function" name="Module Function validation.Script C:\projects\evergreen\Evergreen\Public\Get-CitrixReceiverFeed.ps1 should only contain one function" time="0.0073" asserts="0" success="True" result="Success" executed="True" />
                  <test-case description="Script C:\projects\evergreen\Evergreen\Public\Get-CitrixSdwanFeed.ps1 should only contain one function" name="Module Function validation.Script C:\projects\evergreen\Evergreen\Public\Get-CitrixSdwanFeed.ps1 should only contain one function" time="0.0068" asserts="0" success="True" result="Success" executed="True" />
                  <test-case description="Script C:\projects\evergreen\Evergreen\Public\Get-CitrixVirtualAppsDesktopsFeed.ps1 should only contain one function" name="Module Function validation.Script C:\projects\evergreen\Evergreen\Public\Get-CitrixVirtualAppsDesktopsFeed.ps1 should only contain one function" time="0.0054" asserts="0" success="True" result="Success" executed="True" />
                  <test-case description="Script C:\projects\evergreen\Evergreen\Public\Get-CitrixWorkspaceApp.ps1 should only contain one function" name="Module Function validation.Script C:\projects\evergreen\Evergreen\Public\Get-CitrixWorkspaceApp.ps1 should only contain one function" time="0.0077" asserts="0" success="True" result="Success" executed="True" />
                  <test-case description="Script C:\projects\evergreen\Evergreen\Public\Get-CitrixWorkspaceAppFeed.ps1 should only contain one function" name="Module Function validation.Script C:\projects\evergreen\Evergreen\Public\Get-CitrixWorkspaceAppFeed.ps1 should only contain one function" time="0.0068" asserts="0" success="True" result="Success" executed="True" />
                  <test-case description="Script C:\projects\evergreen\Evergreen\Public\Get-CitrixXenServerTools.ps1 should only contain one function" name="Module Function validation.Script C:\projects\evergreen\Evergreen\Public\Get-CitrixXenServerTools.ps1 should only contain one function" time="0.0057" asserts="0" success="True" result="Success" executed="True" />
                  <test-case description="Script C:\projects\evergreen\Evergreen\Public\Get-ControlUpAgent.ps1 should only contain one function" name="Module Function validation.Script C:\projects\evergreen\Evergreen\Public\Get-ControlUpAgent.ps1 should only contain one function" time="0.009" asserts="0" success="True" result="Success" executed="True" />
                  <test-case description="Script C:\projects\evergreen\Evergreen\Public\Get-Cyberduck.ps1 should only contain one function" name="Module Function validation.Script C:\projects\evergreen\Evergreen\Public\Get-Cyberduck.ps1 should only contain one function" time="0.0059" asserts="0" success="True" result="Success" executed="True" />
                  <test-case description="Script C:\projects\evergreen\Evergreen\Public\Get-FileZilla.ps1 should only contain one function" name="Module Function validation.Script C:\projects\evergreen\Evergreen\Public\Get-FileZilla.ps1 should only contain one function" time="0.0054" asserts="0" success="True" result="Success" executed="True" />
                  <test-case description="Script C:\projects\evergreen\Evergreen\Public\Get-FoxitReader.ps1 should only contain one function" name="Module Function validation.Script C:\projects\evergreen\Evergreen\Public\Get-FoxitReader.ps1 should only contain one function" time="0.007" asserts="0" success="True" result="Success" executed="True" />
                  <test-case description="Script C:\projects\evergreen\Evergreen\Public\Get-GitforWindows.ps1 should only contain one function" name="Module Function validation.Script C:\projects\evergreen\Evergreen\Public\Get-GitforWindows.ps1 should only contain one function" time="0.0054" asserts="0" success="True" result="Success" executed="True" />
                  <test-case description="Script C:\projects\evergreen\Evergreen\Public\Get-GitHubRelease.ps1 should only contain one function" name="Module Function validation.Script C:\projects\evergreen\Evergreen\Public\Get-GitHubRelease.ps1 should only contain one function" time="0.0056" asserts="0" success="True" result="Success" executed="True" />
                  <test-case description="Script C:\projects\evergreen\Evergreen\Public\Get-Good.ps1 should only contain one function" name="Module Function validation.Script C:\projects\evergreen\Evergreen\Public\Get-Good.ps1 should only contain one function" time="0.0051" asserts="0" success="True" result="Success" executed="True" />
                  <test-case description="Script C:\projects\evergreen\Evergreen\Public\Get-GoogleChrome.ps1 should only contain one function" name="Module Function validation.Script C:\projects\evergreen\Evergreen\Public\Get-GoogleChrome.ps1 should only contain one function" time="0.0067" asserts="0" success="True" result="Success" executed="True" />
                  <test-case description="Script C:\projects\evergreen\Evergreen\Public\Get-Greenshot.ps1 should only contain one function" name="Module Function validation.Script C:\projects\evergreen\Evergreen\Public\Get-Greenshot.ps1 should only contain one function" time="0.0049" asserts="0" success="True" result="Success" executed="True" />
                  <test-case description="Script C:\projects\evergreen\Evergreen\Public\Get-Handbrake.ps1 should only contain one function" name="Module Function validation.Script C:\projects\evergreen\Evergreen\Public\Get-Handbrake.ps1 should only contain one function" time="0.0065" asserts="0" success="True" result="Success" executed="True" />
                  <test-case description="Script C:\projects\evergreen\Evergreen\Public\Get-JamTreeSizeFree.ps1 should only contain one function" name="Module Function validation.Script C:\projects\evergreen\Evergreen\Public\Get-JamTreeSizeFree.ps1 should only contain one function" time="0.0051" asserts="0" success="True" result="Success" executed="True" />
                  <test-case description="Script C:\projects\evergreen\Evergreen\Public\Get-JamTreeSizeProfessional.ps1 should only contain one function" name="Module Function validation.Script C:\projects\evergreen\Evergreen\Public\Get-JamTreeSizeProfessional.ps1 should only contain one function" time="0.0052" asserts="0" success="True" result="Success" executed="True" />
                  <test-case description="Script C:\projects\evergreen\Evergreen\Public\Get-KeePass.ps1 should only contain one function" name="Module Function validation.Script C:\projects\evergreen\Evergreen\Public\Get-KeePass.ps1 should only contain one function" time="0.0064" asserts="0" success="True" result="Success" executed="True" />
                  <test-case description="Script C:\projects\evergreen\Evergreen\Public\Get-LibreOffice.ps1 should only contain one function" name="Module Function validation.Script C:\projects\evergreen\Evergreen\Public\Get-LibreOffice.ps1 should only contain one function" time="0.0056" asserts="0" success="True" result="Success" executed="True" />
                  <test-case description="Script C:\projects\evergreen\Evergreen\Public\Get-MicrosoftEdge.ps1 should only contain one function" name="Module Function validation.Script C:\projects\evergreen\Evergreen\Public\Get-MicrosoftEdge.ps1 should only contain one function" time="0.0055" asserts="0" success="True" result="Success" executed="True" />
                  <test-case description="Script C:\projects\evergreen\Evergreen\Public\Get-MicrosoftFSLogixApps.ps1 should only contain one function" name="Module Function validation.Script C:\projects\evergreen\Evergreen\Public\Get-MicrosoftFSLogixApps.ps1 should only contain one function" time="0.0063" asserts="0" success="True" result="Success" executed="True" />
                  <test-case description="Script C:\projects\evergreen\Evergreen\Public\Get-MicrosoftOffice.ps1 should only contain one function" name="Module Function validation.Script C:\projects\evergreen\Evergreen\Public\Get-MicrosoftOffice.ps1 should only contain one function" time="0.005" asserts="0" success="True" result="Success" executed="True" />
                  <test-case description="Script C:\projects\evergreen\Evergreen\Public\Get-MicrosoftOneDrive.ps1 should only contain one function" name="Module Function validation.Script C:\projects\evergreen\Evergreen\Public\Get-MicrosoftOneDrive.ps1 should only contain one function" time="0.0053" asserts="0" success="True" result="Success" executed="True" />
                  <test-case description="Script C:\projects\evergreen\Evergreen\Public\Get-MicrosoftPowerShellCore.ps1 should only contain one function" name="Module Function validation.Script C:\projects\evergreen\Evergreen\Public\Get-MicrosoftPowerShellCore.ps1 should only contain one function" time="0.0067" asserts="0" success="True" result="Success" executed="True" />
                  <test-case description="Script C:\projects\evergreen\Evergreen\Public\Get-MicrosoftSsms.ps1 should only contain one function" name="Module Function validation.Script C:\projects\evergreen\Evergreen\Public\Get-MicrosoftSsms.ps1 should only contain one function" time="0.0057" asserts="0" success="True" result="Success" executed="True" />
                  <test-case description="Script C:\projects\evergreen\Evergreen\Public\Get-MicrosoftTeams.ps1 should only contain one function" name="Module Function validation.Script C:\projects\evergreen\Evergreen\Public\Get-MicrosoftTeams.ps1 should only contain one function" time="0.0055" asserts="0" success="True" result="Success" executed="True" />
                  <test-case description="Script C:\projects\evergreen\Evergreen\Public\Get-MicrosoftVisualStudioCode.ps1 should only contain one function" name="Module Function validation.Script C:\projects\evergreen\Evergreen\Public\Get-MicrosoftVisualStudioCode.ps1 should only contain one function" time="0.0085" asserts="0" success="True" result="Success" executed="True" />
                  <test-case description="Script C:\projects\evergreen\Evergreen\Public\Get-MozillaFirefox.ps1 should only contain one function" name="Module Function validation.Script C:\projects\evergreen\Evergreen\Public\Get-MozillaFirefox.ps1 should only contain one function" time="0.0079" asserts="0" success="True" result="Success" executed="True" />
                  <test-case description="Script C:\projects\evergreen\Evergreen\Public\Get-mRemoteNG.ps1 should only contain one function" name="Module Function validation.Script C:\projects\evergreen\Evergreen\Public\Get-mRemoteNG.ps1 should only contain one function" time="0.0092" asserts="0" success="True" result="Success" executed="True" />
                  <test-case description="Script C:\projects\evergreen\Evergreen\Public\Get-NotepadPlusPlus.ps1 should only contain one function" name="Module Function validation.Script C:\projects\evergreen\Evergreen\Public\Get-NotepadPlusPlus.ps1 should only contain one function" time="0.0058" asserts="0" success="True" result="Success" executed="True" />
                  <test-case description="Script C:\projects\evergreen\Evergreen\Public\Get-OpenJDK.ps1 should only contain one function" name="Module Function validation.Script C:\projects\evergreen\Evergreen\Public\Get-OpenJDK.ps1 should only contain one function" time="0.0054" asserts="0" success="True" result="Success" executed="True" />
                  <test-case description="Script C:\projects\evergreen\Evergreen\Public\Get-OpenShellMenu.ps1 should only contain one function" name="Module Function validation.Script C:\projects\evergreen\Evergreen\Public\Get-OpenShellMenu.ps1 should only contain one function" time="0.0089" asserts="0" success="True" result="Success" executed="True" />
                  <test-case description="Script C:\projects\evergreen\Evergreen\Public\Get-OracleJava8.ps1 should only contain one function" name="Module Function validation.Script C:\projects\evergreen\Evergreen\Public\Get-OracleJava8.ps1 should only contain one function" time="0.0088" asserts="0" success="True" result="Success" executed="True" />
                  <test-case description="Script C:\projects\evergreen\Evergreen\Public\Get-OracleVirtualBox.ps1 should only contain one function" name="Module Function validation.Script C:\projects\evergreen\Evergreen\Public\Get-OracleVirtualBox.ps1 should only contain one function" time="0.0073" asserts="0" success="True" result="Success" executed="True" />
                  <test-case description="Script C:\projects\evergreen\Evergreen\Public\Get-PaintDotNet.ps1 should only contain one function" name="Module Function validation.Script C:\projects\evergreen\Evergreen\Public\Get-PaintDotNet.ps1 should only contain one function" time="0.0083" asserts="0" success="True" result="Success" executed="True" />
                  <test-case description="Script C:\projects\evergreen\Evergreen\Public\Get-PDFForgePDFCreator.ps1 should only contain one function" name="Module Function validation.Script C:\projects\evergreen\Evergreen\Public\Get-PDFForgePDFCreator.ps1 should only contain one function" time="0.0059" asserts="0" success="True" result="Success" executed="True" />
                  <test-case description="Script C:\projects\evergreen\Evergreen\Public\Get-ScooterBeyondCompare.ps1 should only contain one function" name="Module Function validation.Script C:\projects\evergreen\Evergreen\Public\Get-ScooterBeyondCompare.ps1 should only contain one function" time="0.0056" asserts="0" success="True" result="Success" executed="True" />
                  <test-case description="Script C:\projects\evergreen\Evergreen\Public\Get-ShareX.ps1 should only contain one function" name="Module Function validation.Script C:\projects\evergreen\Evergreen\Public\Get-ShareX.ps1 should only contain one function" time="0.0066" asserts="0" success="True" result="Success" executed="True" />
                  <test-case description="Script C:\projects\evergreen\Evergreen\Public\Get-TeamViewer.ps1 should only contain one function" name="Module Function validation.Script C:\projects\evergreen\Evergreen\Public\Get-TeamViewer.ps1 should only contain one function" time="0.0054" asserts="0" success="True" result="Success" executed="True" />
                  <test-case description="Script C:\projects\evergreen\Evergreen\Public\Get-VastLimitsUberAgent.ps1 should only contain one function" name="Module Function validation.Script C:\projects\evergreen\Evergreen\Public\Get-VastLimitsUberAgent.ps1 should only contain one function" time="0.0051" asserts="0" success="True" result="Success" executed="True" />
                  <test-case description="Script C:\projects\evergreen\Evergreen\Public\Get-VideoLanVlcPlayer.ps1 should only contain one function" name="Module Function validation.Script C:\projects\evergreen\Evergreen\Public\Get-VideoLanVlcPlayer.ps1 should only contain one function" time="0.0072" asserts="0" success="True" result="Success" executed="True" />
                  <test-case description="Script C:\projects\evergreen\Evergreen\Public\Get-VMwareTools.ps1 should only contain one function" name="Module Function validation.Script C:\projects\evergreen\Evergreen\Public\Get-VMwareTools.ps1 should only contain one function" time="0.0057" asserts="0" success="True" result="Success" executed="True" />
                  <test-case description="Script C:\projects\evergreen\Evergreen\Public\Get-WinMerge.ps1 should only contain one function" name="Module Function validation.Script C:\projects\evergreen\Evergreen\Public\Get-WinMerge.ps1 should only contain one function" time="0.0054" asserts="0" success="True" result="Success" executed="True" />
                  <test-case description="Script C:\projects\evergreen\Evergreen\Public\Get-WinSCP.ps1 should only contain one function" name="Module Function validation.Script C:\projects\evergreen\Evergreen\Public\Get-WinSCP.ps1 should only contain one function" time="0.0067" asserts="0" success="True" result="Success" executed="True" />
                  <test-case description="Script C:\projects\evergreen\Evergreen\Public\Get-Zoom.ps1 should only contain one function" name="Module Function validation.Script C:\projects\evergreen\Evergreen\Public\Get-Zoom.ps1 should only contain one function" time="0.0061" asserts="0" success="True" result="Success" executed="True" />
                </results>
              </test-suite>
              <test-suite type="ParameterizedTest" name="Module Function validation.&lt;file&gt; should match function name" executed="True" result="Success" success="True" time="0.5355" asserts="0" description="&lt;file&gt; should match function name">
                <results>
                  <test-case description="C:\projects\evergreen\Evergreen\Private\ConvertFrom-GitHubReleasesJson.ps1 should match function name" name="Module Function validation.C:\projects\evergreen\Evergreen\Private\ConvertFrom-GitHubReleasesJson.ps1 should match function name" time="0.0234" asserts="0" success="True" result="Success" executed="True" />
                  <test-case description="C:\projects\evergreen\Evergreen\Private\ConvertFrom-SourceForgeReleasesJson.ps1 should match function name" name="Module Function validation.C:\projects\evergreen\Evergreen\Private\ConvertFrom-SourceForgeReleasesJson.ps1 should match function name" time="0.0078" asserts="0" success="True" result="Success" executed="True" />
                  <test-case description="C:\projects\evergreen\Evergreen\Private\ConvertTo-DateTime.ps1 should match function name" name="Module Function validation.C:\projects\evergreen\Evergreen\Private\ConvertTo-DateTime.ps1 should match function name" time="0.0099" asserts="0" success="True" result="Success" executed="True" />
                  <test-case description="C:\projects\evergreen\Evergreen\Private\ConvertTo-Hashtable.ps1 should match function name" name="Module Function validation.C:\projects\evergreen\Evergreen\Private\ConvertTo-Hashtable.ps1 should match function name" time="0.0081" asserts="0" success="True" result="Success" executed="True" />
[...]
                  <test-case description="Get-VideoLanVlcPlayer: [3.0.8] is a valid version number" name="Test.Validate Get-VideoLanVlcPlayer.Get-VideoLanVlcPlayer: [3.0.8] is a valid version number" time="0.0031" asserts="0" success="True" result="Success" executed="True" />
                  <test-case description="Get-VideoLanVlcPlayer: URI is a valid URL" name="Test.Validate Get-VideoLanVlcPlayer.Get-VideoLanVlcPlayer: URI is a valid URL" time="0.0032" asserts="0" success="True" result="Success" executed="True" />
                  <test-case description="Get-VideoLanVlcPlayer: [?linkid=2125901] is a valid download target" name="Test.Validate Get-VideoLanVlcPlayer.Get-VideoLanVlcPlayer: [?linkid=2125901] is a valid download target" time="0.0537" asserts="0" success="True" result="Success" executed="True" />
                  <test-case description="Get-VideoLanVlcPlayer: URI is a valid URL" name="Test.Validate Get-VideoLanVlcPlayer.Get-VideoLanVlcPlayer: URI is a valid URL" time="0.0032" asserts="0" success="True" result="Success" executed="True" />
                  <test-case description="Get-VideoLanVlcPlayer: [?linkid=2125901] is a valid download target" name="Test.Validate Get-VideoLanVlcPlayer.Get-VideoLanVlcPlayer: [?linkid=2125901] is a valid download target" time="0.0582" asserts="0" success="True" result="Success" executed="True" />
                  <test-case description="Get-VideoLanVlcPlayer: URI is a valid URL" name="Test.Validate Get-VideoLanVlcPlayer.Get-VideoLanVlcPlayer: URI is a valid URL" time="0.0022" asserts="0" success="True" result="Success" executed="True" />
                  <test-case description="Get-VideoLanVlcPlayer: [?linkid=2125901] is a valid download target" name="Test.Validate Get-VideoLanVlcPlayer.Get-VideoLanVlcPlayer: [?linkid=2125901] is a valid download target" time="0.0542" asserts="0" success="True" result="Success" executed="True" />
                  <test-case description="Get-VideoLanVlcPlayer: URI is a valid URL" name="Test.Validate Get-VideoLanVlcPlayer.Get-VideoLanVlcPlayer: URI is a valid URL" time="0.0041" asserts="0" success="True" result="Success" executed="True" />
                  <test-case description="Get-VideoLanVlcPlayer: [?linkid=2125901] is a valid download target" name="Test.Validate Get-VideoLanVlcPlayer.Get-VideoLanVlcPlayer: [?linkid=2125901] is a valid download target" time="0.0582" asserts="0" success="True" result="Success" executed="True" />
                  <test-case description="Get-VideoLanVlcPlayer: URI is a valid URL" name="Test.Validate Get-VideoLanVlcPlayer.Get-VideoLanVlcPlayer: URI is a valid URL" time="0.0031" asserts="0" success="True" result="Success" executed="True" />
                  <test-case description="Get-VideoLanVlcPlayer: [?linkid=2125901] is a valid download target" name="Test.Validate Get-VideoLanVlcPlayer.Get-VideoLanVlcPlayer: [?linkid=2125901] is a valid download target" time="0.0548" asserts="0" success="True" result="Success" executed="True" />
                  <test-case description="Get-VideoLanVlcPlayer: URI is a valid URL" name="Test.Validate Get-VideoLanVlcPlayer.Get-VideoLanVlcPlayer: URI is a valid URL" time="0.0027" asserts="0" success="True" result="Success" executed="True" />
                  <test-case description="Get-VideoLanVlcPlayer: [?linkid=2125901] is a valid download target" name="Test.Validate Get-VideoLanVlcPlayer.Get-VideoLanVlcPlayer: [?linkid=2125901] is a valid download target" time="0.0551" asserts="0" success="True" result="Success" executed="True" />
                  <test-case description="Get-VideoLanVlcPlayer: URI is a valid URL" name="Test.Validate Get-VideoLanVlcPlayer.Get-VideoLanVlcPlayer: URI is a valid URL" time="0.0037" asserts="0" success="True" result="Success" executed="True" />
                  <test-case description="Get-VideoLanVlcPlayer: [?linkid=2125901] is a valid download target" name="Test.Validate Get-VideoLanVlcPlayer.Get-VideoLanVlcPlayer: [?linkid=2125901] is a valid download target" time="0.0538" asserts="0" success="True" result="Success" executed="True" />
                </results>
              </test-suite>
              <test-suite type="TestFixture" name="Validate Get-VMwareTools" executed="True" result="Success" success="True" time="0.3345" asserts="0" description="Validate Get-VMwareTools">
                <results>
                  <test-case description="Get-VMwareTools: Fuction returns something" name="Test.Validate Get-VMwareTools.Get-VMwareTools: Fuction returns something" time="0.0033" asserts="0" success="True" result="Success" executed="True" />
                  <test-case description="Get-VMwareTools: Function returns the expected output type" name="Test.Validate Get-VMwareTools.Get-VMwareTools: Function returns the expected output type" time="0.0045" asserts="0" success="True" result="Success" executed="True" />
                  <test-case description="Get-VMwareTools: [10.3.10] is a valid version number" name="Test.Validate Get-VMwareTools.Get-VMwareTools: [10.3.10] is a valid version number" time="0.0035" asserts="0" success="True" result="Success" executed="True" />
                  <test-case description="Get-VMwareTools: URI is a valid URL" name="Test.Validate Get-VMwareTools.Get-VMwareTools: URI is a valid URL" time="0.0098" asserts="0" success="True" result="Success" executed="True" />
                  <test-case description="Get-VMwareTools: [VMware-tools-10.3.10-12406962-x86_64.exe] is a valid download target" name="Test.Validate Get-VMwareTools.Get-VMwareTools: [VMware-tools-10.3.10-12406962-x86_64.exe] is a valid download target" time="0.031" asserts="0" success="True" result="Success" executed="True" />
                </results>
              </test-suite>
              <test-suite type="TestFixture" name="Validate Get-WinMerge" executed="True" result="Success" success="True" time="1.2817" asserts="0" description="Validate Get-WinMerge">
                <results>
                  <test-case description="Get-WinMerge: Fuction returns something" name="Test.Validate Get-WinMerge.Get-WinMerge: Fuction returns something" time="0.0027" asserts="0" success="True" result="Success" executed="True" />
                  <test-case description="Get-WinMerge: Function returns the expected output type" name="Test.Validate Get-WinMerge.Get-WinMerge: Function returns the expected output type" time="0.0027" asserts="0" success="True" result="Success" executed="True" />
                  <test-case description="Get-WinMerge: [2.16.6] is a valid version number" name="Test.Validate Get-WinMerge.Get-WinMerge: [2.16.6] is a valid version number" time="0.0025" asserts="0" success="True" result="Success" executed="True" />
                  <test-case description="Get-WinMerge: URI is a valid URL" name="Test.Validate Get-WinMerge.Get-WinMerge: URI is a valid URL" time="0.0057" asserts="0" success="True" result="Success" executed="True" />
                  <test-case description="Get-WinMerge: [WinMerge-2.16.6-x64-Setup_no_support_for_per-user_installation.exe] is a valid download target" name="Test.Validate Get-WinMerge.Get-WinMerge: [WinMerge-2.16.6-x64-Setup_no_support_for_per-user_installation.exe] is a valid download target" time="0.9759" asserts="0" success="True" result="Success" executed="True" />
                </results>
              </test-suite>
              <test-suite type="TestFixture" name="Validate Get-WinSCP" executed="True" result="Success" success="True" time="1.2175" asserts="0" description="Validate Get-WinSCP">
                <results>
                  <test-case description="Get-WinSCP: Fuction returns something" name="Test.Validate Get-WinSCP.Get-WinSCP: Fuction returns something" time="0.0048" asserts="0" success="True" result="Success" executed="True" />
                  <test-case description="Get-WinSCP: Function returns the expected output type" name="Test.Validate Get-WinSCP.Get-WinSCP: Function returns the expected output type" time="0.0029" asserts="0" success="True" result="Success" executed="True" />
                  <test-case description="Get-WinSCP: [5.17.5] is a valid version number" name="Test.Validate Get-WinSCP.Get-WinSCP: [5.17.5] is a valid version number" time="0.0078" asserts="0" success="True" result="Success" executed="True" />
                  <test-case description="Get-WinSCP: URI is a valid URL" name="Test.Validate Get-WinSCP.Get-WinSCP: URI is a valid URL" time="0.005" asserts="0" success="True" result="Success" executed="True" />
                  <test-case description="Get-WinSCP: [WinSCP-5.17.5-Setup.exe] is a valid download target" name="Test.Validate Get-WinSCP.Get-WinSCP: [WinSCP-5.17.5-Setup.exe] is a valid download target" time="0.989" asserts="0" success="True" result="Success" executed="True" />
                </results>
              </test-suite>
              <test-suite type="TestFixture" name="Validate Get-Zoom" executed="True" result="Success" success="True" time="5.8909" asserts="0" description="Validate Get-Zoom">
                <results>
                  <test-case description="Get-Zoom: Fuction returns something" name="Test.Validate Get-Zoom.Get-Zoom: Fuction returns something" time="0.004" asserts="0" success="True" result="Success" executed="True" />
                  <test-case description="Get-Zoom: Function returns the expected output type" name="Test.Validate Get-Zoom.Get-Zoom: Function returns the expected output type" time="0.0142" asserts="0" success="True" result="Success" executed="True" />
                  <test-case description="Get-Zoom: [5.0.1420] is a valid version number" name="Test.Validate Get-Zoom.Get-Zoom: [5.0.1420] is a valid version number" time="0.0047" asserts="0" success="True" result="Success" executed="True" />
                  <test-case description="Get-Zoom: [4.7.52180] is a valid version number" name="Test.Validate Get-Zoom.Get-Zoom: [4.7.52180] is a valid version number" time="0.0042" asserts="0" success="True" result="Success" executed="True" />
                  <test-case description="Get-Zoom: [5.0.23168] is a valid version number" name="Test.Validate Get-Zoom.Get-Zoom: [5.0.23168] is a valid version number" time="0.0038" asserts="0" success="True" result="Success" executed="True" />
                  <test-case description="Get-Zoom: [5.0.23168] is a valid version number" name="Test.Validate Get-Zoom.Get-Zoom: [5.0.23168] is a valid version number" time="0.0037" asserts="0" success="True" result="Success" executed="True" />
                  <test-case description="Get-Zoom: [5.0.23115] is a valid version number" name="Test.Validate Get-Zoom.Get-Zoom: [5.0.23115] is a valid version number" time="0.0036" asserts="0" success="True" result="Success" executed="True" />
                  <test-case description="Get-Zoom: [4.8.13207] is a valid version number" name="Test.Validate Get-Zoom.Get-Zoom: [4.8.13207] is a valid version number" time="0.0037" asserts="0" success="True" result="Success" executed="True" />
                  <test-case description="Get-Zoom: [Unknown] is a valid version number" name="Test.Validate Get-Zoom.Get-Zoom: [Unknown] is a valid version number" time="0.0035" asserts="0" success="True" result="Success" executed="True" />
                  <test-case description="Get-Zoom: [Unknown] is a valid version number" name="Test.Validate Get-Zoom.Get-Zoom: [Unknown] is a valid version number" time="0.0036" asserts="0" success="True" result="Success" executed="True" />
                  <test-case description="Get-Zoom: [Unknown] is a valid version number" name="Test.Validate Get-Zoom.Get-Zoom: [Unknown] is a valid version number" time="0.0042" asserts="0" success="True" result="Success" executed="True" />
                  <test-case description="Get-Zoom: [Unknown] is a valid version number" name="Test.Validate Get-Zoom.Get-Zoom: [Unknown] is a valid version number" time="0.0035" asserts="0" success="True" result="Success" executed="True" />
                  <test-case description="Get-Zoom: [Unknown] is a valid version number" name="Test.Validate Get-Zoom.Get-Zoom: [Unknown] is a valid version number" time="0.0036" asserts="0" success="True" result="Success" executed="True" />
                  <test-case description="Get-Zoom: [Unknown] is a valid version number" name="Test.Validate Get-Zoom.Get-Zoom: [Unknown] is a valid version number" time="0.0035" asserts="0" success="True" result="Success" executed="True" />
                  <test-case description="Get-Zoom: [Unknown] is a valid version number" name="Test.Validate Get-Zoom.Get-Zoom: [Unknown] is a valid version number" time="0.0038" asserts="0" success="True" result="Success" executed="True" />
                  <test-case description="Get-Zoom: [Unknown] is a valid version number" name="Test.Validate Get-Zoom.Get-Zoom: [Unknown] is a valid version number" time="0.0034" asserts="0" success="True" result="Success" executed="True" />
                  <test-case description="Get-Zoom: URI is a valid URL" name="Test.Validate Get-Zoom.Get-Zoom: URI is a valid URL" time="0.0023" asserts="0" success="True" result="Success" executed="True" />
                  <test-case description="Get-Zoom: [ZoomRooms.exe] is a valid download target" name="Test.Validate Get-Zoom.Get-Zoom: [ZoomRooms.exe] is a valid download target" time="0.1744" asserts="0" success="True" result="Success" executed="True" />
                  <test-case description="Get-Zoom: URI is a valid URL" name="Test.Validate Get-Zoom.Get-Zoom: URI is a valid URL" time="0.0053" asserts="0" success="True" result="Success" executed="True" />
                  <test-case description="Get-Zoom: [ZoomNotesPluginSetup.msi] is a valid download target" name="Test.Validate Get-Zoom.Get-Zoom: [ZoomNotesPluginSetup.msi] is a valid download target" time="0.0433" asserts="0" success="True" result="Success" executed="True" />
                  <test-case description="Get-Zoom: URI is a valid URL" name="Test.Validate Get-Zoom.Get-Zoom: URI is a valid URL" time="0.0021" asserts="0" success="True" result="Success" executed="True" />
                  <test-case description="Get-Zoom: [ZoomInstaller.exe] is a valid download target" name="Test.Validate Get-Zoom.Get-Zoom: [ZoomInstaller.exe] is a valid download target" time="0.0431" asserts="0" success="True" result="Success" executed="True" />
                  <test-case description="Get-Zoom: URI is a valid URL" name="Test.Validate Get-Zoom.Get-Zoom: URI is a valid URL" time="0.0066" asserts="0" success="True" result="Success" executed="True" />
                  <test-case description="Get-Zoom: [ZoomInstallerFull.msi] is a valid download target" name="Test.Validate Get-Zoom.Get-Zoom: [ZoomInstallerFull.msi] is a valid download target" time="0.0439" asserts="0" success="True" result="Success" executed="True" />
                  <test-case description="Get-Zoom: URI is a valid URL" name="Test.Validate Get-Zoom.Get-Zoom: URI is a valid URL" time="0.0052" asserts="0" success="True" result="Success" executed="True" />
                  <test-case description="Get-Zoom: [ZoomOutlookPluginSetup.msi] is a valid download target" name="Test.Validate Get-Zoom.Get-Zoom: [ZoomOutlookPluginSetup.msi] is a valid download target" time="0.0547" asserts="0" success="True" result="Success" executed="True" />
                  <test-case description="Get-Zoom: URI is a valid URL" name="Test.Validate Get-Zoom.Get-Zoom: URI is a valid URL" time="0.0037" asserts="0" success="True" result="Success" executed="True" />
                  <test-case description="Get-Zoom: [ZoomLyncPluginSetup.msi] is a valid download target" name="Test.Validate Get-Zoom.Get-Zoom: [ZoomLyncPluginSetup.msi] is a valid download target" time="0.0439" asserts="0" success="True" result="Success" executed="True" />
                  <test-case description="Get-Zoom: URI is a valid URL" name="Test.Validate Get-Zoom.Get-Zoom: URI is a valid URL" time="0.0032" asserts="0" success="True" result="Success" executed="True" />
                  <test-case description="Get-Zoom: [zoomcitrixplugin_library_RP5.zip] is a valid download target" name="Test.Validate Get-Zoom.Get-Zoom: [zoomcitrixplugin_library_RP5.zip] is a valid download target" time="0.045" asserts="0" success="True" result="Success" executed="True" />
                  <test-case description="Get-Zoom: URI is a valid URL" name="Test.Validate Get-Zoom.Get-Zoom: URI is a valid URL" time="0.0028" asserts="0" success="True" result="Success" executed="True" />
                  <test-case description="Get-Zoom: [ZoomInstallerVDI.msi] is a valid download target" name="Test.Validate Get-Zoom.Get-Zoom: [ZoomInstallerVDI.msi] is a valid download target" time="0.0448" asserts="0" success="True" result="Success" executed="True" />
                  <test-case description="Get-Zoom: URI is a valid URL" name="Test.Validate Get-Zoom.Get-Zoom: URI is a valid URL" time="0.0034" asserts="0" success="True" result="Success" executed="True" />
                  <test-case description="Get-Zoom: [zoomcitrixplugin-hp_amd64.deb] is a valid download target" name="Test.Validate Get-Zoom.Get-Zoom: [zoomcitrixplugin-hp_amd64.deb] is a valid download target" time="0.0451" asserts="0" success="True" result="Success" executed="True" />
                  <test-case description="Get-Zoom: URI is a valid URL" name="Test.Validate Get-Zoom.Get-Zoom: URI is a valid URL" time="0.0043" asserts="0" success="True" result="Success" executed="True" />
                  <test-case description="Get-Zoom: [zoomcitrixplugin-igel_64.zip] is a valid download target" name="Test.Validate Get-Zoom.Get-Zoom: [zoomcitrixplugin-igel_64.zip] is a valid download target" time="0.0451" asserts="0" success="True" result="Success" executed="True" />
                  <test-case description="Get-Zoom: URI is a valid URL" name="Test.Validate Get-Zoom.Get-Zoom: URI is a valid URL" time="0.0033" asserts="0" success="True" result="Success" executed="True" />
                  <test-case description="Get-Zoom: [zoomcitrixplugin-hp_i386.deb] is a valid download target" name="Test.Validate Get-Zoom.Get-Zoom: [zoomcitrixplugin-hp_i386.deb] is a valid download target" time="0.0433" asserts="0" success="True" result="Success" executed="True" />
                  <test-case description="Get-Zoom: URI is a valid URL" name="Test.Validate Get-Zoom.Get-Zoom: URI is a valid URL" time="0.0025" asserts="0" success="True" result="Success" executed="True" />
                  <test-case description="Get-Zoom: [ZoomCitrixHDXMediaPlugin.msi] is a valid download target" name="Test.Validate Get-Zoom.Get-Zoom: [ZoomCitrixHDXMediaPlugin.msi] is a valid download target" time="0.0487" asserts="0" success="True" result="Success" executed="True" />
                  <test-case description="Get-Zoom: URI is a valid URL" name="Test.Validate Get-Zoom.Get-Zoom: URI is a valid URL" time="0.003" asserts="0" success="True" result="Success" executed="True" />
                  <test-case description="Get-Zoom: [zoomcitrixplugin_library_RP6.zip] is a valid download target" name="Test.Validate Get-Zoom.Get-Zoom: [zoomcitrixplugin_library_RP6.zip] is a valid download target" time="0.0438" asserts="0" success="True" result="Success" executed="True" />
                  <test-case description="Get-Zoom: URI is a valid URL" name="Test.Validate Get-Zoom.Get-Zoom: URI is a valid URL" time="0.0024" asserts="0" success="True" result="Success" executed="True" />
                  <test-case description="Get-Zoom: [ZoomVmwareMediaPlugin.msi] is a valid download target" name="Test.Validate Get-Zoom.Get-Zoom: [ZoomVmwareMediaPlugin.msi] is a valid download target" time="0.0524" asserts="0" success="True" result="Success" executed="True" />
                </results>
              </test-suite>
            </results>
          </test-suite>
        </results>
      </test-suite>
    </results>
  </test-suite>
</test-results>