<?xml version="1.0" encoding="utf-8" standalone="no"?>
<test-results xmlns:xsi="http://www.w3.org/2001/XMLSchema-instance" xsi:noNamespaceSchemaLocation="nunit_schema_2.5.xsd" name="Pester" total="3350" errors="0" failures="0" not-run="0" inconclusive="0" ignored="0" skipped="0" invalid="0" date="2020-04-23" time="02:23:04">
  <environment clr-version="4.0.30319.42000" user-domain="APPVYR-WIN" cwd="C:\projects\evergreen" platform="Microsoft Windows Server 2012 R2 Datacenter|C:\windows|\Device\Harddisk0\Partition5" machine-name="APPVYR-WIN" nunit-version="2.5.8.0" os-version="6.3.9600" user="appveyor" />
  <culture-info current-culture="en-US" current-uiculture="en-US" />
  <test-suite type="TestFixture" name="Pester" executed="True" result="Success" success="True" time="689.9497" asserts="0" description="Pester">
    <results>
      <test-suite type="TestFixture" name="C:\projects\evergreen\tests\Main.Tests.ps1" executed="True" result="Success" success="True" time="10.633" asserts="0" description="C:\projects\evergreen\tests\Main.Tests.ps1">
        <results>
          <test-suite type="TestFixture" name="General project validation" executed="True" result="Success" success="True" time="8.4111" asserts="0" description="General project validation">
            <results>
              <test-suite type="ParameterizedTest" name="General project validation.Script &lt;file&gt; should be valid PowerShell" executed="True" result="Success" success="True" time="0.6903" asserts="0" description="Script &lt;file&gt; should be valid PowerShell">
                <results>
                  <test-case description="Script C:\projects\evergreen\Evergreen\Private\ConvertFrom-GitHubReleasesJson.ps1 should be valid PowerShell" name="General project validation.Script C:\projects\evergreen\Evergreen\Private\ConvertFrom-GitHubReleasesJson.ps1 should be valid PowerShell" time="0.28" asserts="0" success="True" result="Success" executed="True" />
                  <test-case description="Script C:\projects\evergreen\Evergreen\Private\ConvertFrom-SourceForgeReleasesJson.ps1 should be valid PowerShell" name="General project validation.Script C:\projects\evergreen\Evergreen\Private\ConvertFrom-SourceForgeReleasesJson.ps1 should be valid PowerShell" time="0.0057" asserts="0" success="True" result="Success" executed="True" />
                  <test-case description="Script C:\projects\evergreen\Evergreen\Private\ConvertTo-DateTime.ps1 should be valid PowerShell" name="General project validation.Script C:\projects\evergreen\Evergreen\Private\ConvertTo-DateTime.ps1 should be valid PowerShell" time="0.0051" asserts="0" success="True" result="Success" executed="True" />
                  <test-case description="Script C:\projects\evergreen\Evergreen\Private\ConvertTo-Hashtable.ps1 should be valid PowerShell" name="General project validation.Script C:\projects\evergreen\Evergreen\Private\ConvertTo-Hashtable.ps1 should be valid PowerShell" time="0.005" asserts="0" success="True" result="Success" executed="True" />
                  <test-case description="Script C:\projects\evergreen\Evergreen\Private\Get-Architecture.ps1 should be valid PowerShell" name="General project validation.Script C:\projects\evergreen\Evergreen\Private\Get-Architecture.ps1 should be valid PowerShell" time="0.0048" asserts="0" success="True" result="Success" executed="True" />
                  <test-case description="Script C:\projects\evergreen\Evergreen\Private\Get-CitrixRssFeed.ps1 should be valid PowerShell" name="General project validation.Script C:\projects\evergreen\Evergreen\Private\Get-CitrixRssFeed.ps1 should be valid PowerShell" time="0.0153" asserts="0" success="True" result="Success" executed="True" />
                  <test-case description="Script C:\projects\evergreen\Evergreen\Private\Get-FunctionResource.ps1 should be valid PowerShell" name="General project validation.Script C:\projects\evergreen\Evergreen\Private\Get-FunctionResource.ps1 should be valid PowerShell" time="0.0052" asserts="0" success="True" result="Success" executed="True" />
                  <test-case description="Script C:\projects\evergreen\Evergreen\Private\Get-ModuleResource.ps1 should be valid PowerShell" name="General project validation.Script C:\projects\evergreen\Evergreen\Private\Get-ModuleResource.ps1 should be valid PowerShell" time="0.0256" asserts="0" success="True" result="Success" executed="True" />
                  <test-case description="Script C:\projects\evergreen\Evergreen\Private\Get-Platform.ps1 should be valid PowerShell" name="General project validation.Script C:\projects\evergreen\Evergreen\Private\Get-Platform.ps1 should be valid PowerShell" time="0.0051" asserts="0" success="True" result="Success" executed="True" />
                  <test-case description="Script C:\projects\evergreen\Evergreen\Private\Invoke-SystemNetRequest.ps1 should be valid PowerShell" name="General project validation.Script C:\projects\evergreen\Evergreen\Private\Invoke-SystemNetRequest.ps1 should be valid PowerShell" time="0.0056" asserts="0" success="True" result="Success" executed="True" />
                  <test-case description="Script C:\projects\evergreen\Evergreen\Private\Invoke-WebContent.ps1 should be valid PowerShell" name="General project validation.Script C:\projects\evergreen\Evergreen\Private\Invoke-WebContent.ps1 should be valid PowerShell" time="0.0064" asserts="0" success="True" result="Success" executed="True" />
                  <test-case description="Script C:\projects\evergreen\Evergreen\Private\Resolve-RedirectedUri.ps1 should be valid PowerShell" name="General project validation.Script C:\projects\evergreen\Evergreen\Private\Resolve-RedirectedUri.ps1 should be valid PowerShell" time="0.0056" asserts="0" success="True" result="Success" executed="True" />
                  <test-case description="Script C:\projects\evergreen\Evergreen\Private\Resolve-Uri.ps1 should be valid PowerShell" name="General project validation.Script C:\projects\evergreen\Evergreen\Private\Resolve-Uri.ps1 should be valid PowerShell" time="0.005" asserts="0" success="True" result="Success" executed="True" />
                  <test-case description="Script C:\projects\evergreen\Evergreen\Private\Test-PSCore.ps1 should be valid PowerShell" name="General project validation.Script C:\projects\evergreen\Evergreen\Private\Test-PSCore.ps1 should be valid PowerShell" time="0.0051" asserts="0" success="True" result="Success" executed="True" />
                  <test-case description="Script C:\projects\evergreen\Evergreen\Public\Export-EvergreenFunctionStrings.ps1 should be valid PowerShell" name="General project validation.Script C:\projects\evergreen\Evergreen\Public\Export-EvergreenFunctionStrings.ps1 should be valid PowerShell" time="0.0051" asserts="0" success="True" result="Success" executed="True" />
                  <test-case description="Script C:\projects\evergreen\Evergreen\Public\Export-EvergreenResourceStrings.ps1 should be valid PowerShell" name="General project validation.Script C:\projects\evergreen\Evergreen\Public\Export-EvergreenResourceStrings.ps1 should be valid PowerShell" time="0.0051" asserts="0" success="True" result="Success" executed="True" />
                  <test-case description="Script C:\projects\evergreen\Evergreen\Public\Get-7zip.ps1 should be valid PowerShell" name="General project validation.Script C:\projects\evergreen\Evergreen\Public\Get-7zip.ps1 should be valid PowerShell" time="0.0151" asserts="0" success="True" result="Success" executed="True" />
                  <test-case description="Script C:\projects\evergreen\Evergreen\Public\Get-AdobeAcrobatReaderDC.ps1 should be valid PowerShell" name="General project validation.Script C:\projects\evergreen\Evergreen\Public\Get-AdobeAcrobatReaderDC.ps1 should be valid PowerShell" time="0.0081" asserts="0" success="True" result="Success" executed="True" />
                  <test-case description="Script C:\projects\evergreen\Evergreen\Public\Get-Atom.ps1 should be valid PowerShell" name="General project validation.Script C:\projects\evergreen\Evergreen\Public\Get-Atom.ps1 should be valid PowerShell" time="0.0049" asserts="0" success="True" result="Success" executed="True" />
                  <test-case description="Script C:\projects\evergreen\Evergreen\Public\Get-BISF.ps1 should be valid PowerShell" name="General project validation.Script C:\projects\evergreen\Evergreen\Public\Get-BISF.ps1 should be valid PowerShell" time="0.0054" asserts="0" success="True" result="Success" executed="True" />
                  <test-case description="Script C:\projects\evergreen\Evergreen\Public\Get-CitrixAppLayeringFeed.ps1 should be valid PowerShell" name="General project validation.Script C:\projects\evergreen\Evergreen\Public\Get-CitrixAppLayeringFeed.ps1 should be valid PowerShell" time="0.0048" asserts="0" success="True" result="Success" executed="True" />
                  <test-case description="Script C:\projects\evergreen\Evergreen\Public\Get-CitrixApplicationDeliveryManagementFeed.ps1 should be valid PowerShell" name="General project validation.Script C:\projects\evergreen\Evergreen\Public\Get-CitrixApplicationDeliveryManagementFeed.ps1 should be valid PowerShell" time="0.0045" asserts="0" success="True" result="Success" executed="True" />
                  <test-case description="Script C:\projects\evergreen\Evergreen\Public\Get-CitrixEndpointManagementFeed.ps1 should be valid PowerShell" name="General project validation.Script C:\projects\evergreen\Evergreen\Public\Get-CitrixEndpointManagementFeed.ps1 should be valid PowerShell" time="0.0046" asserts="0" success="True" result="Success" executed="True" />
                  <test-case description="Script C:\projects\evergreen\Evergreen\Public\Get-CitrixGatewayFeed.ps1 should be valid PowerShell" name="General project validation.Script C:\projects\evergreen\Evergreen\Public\Get-CitrixGatewayFeed.ps1 should be valid PowerShell" time="0.0046" asserts="0" success="True" result="Success" executed="True" />
                  <test-case description="Script C:\projects\evergreen\Evergreen\Public\Get-CitrixHypervisorFeed.ps1 should be valid PowerShell" name="General project validation.Script C:\projects\evergreen\Evergreen\Public\Get-CitrixHypervisorFeed.ps1 should be valid PowerShell" time="0.0065" asserts="0" success="True" result="Success" executed="True" />
                  <test-case description="Script C:\projects\evergreen\Evergreen\Public\Get-CitrixLicensingFeed.ps1 should be valid PowerShell" name="General project validation.Script C:\projects\evergreen\Evergreen\Public\Get-CitrixLicensingFeed.ps1 should be valid PowerShell" time="0.0052" asserts="0" success="True" result="Success" executed="True" />
                  <test-case description="Script C:\projects\evergreen\Evergreen\Public\Get-CitrixReceiverFeed.ps1 should be valid PowerShell" name="General project validation.Script C:\projects\evergreen\Evergreen\Public\Get-CitrixReceiverFeed.ps1 should be valid PowerShell" time="0.0064" asserts="0" success="True" result="Success" executed="True" />
                  <test-case description="Script C:\projects\evergreen\Evergreen\Public\Get-CitrixSdwanFeed.ps1 should be valid PowerShell" name="General project validation.Script C:\projects\evergreen\Evergreen\Public\Get-CitrixSdwanFeed.ps1 should be valid PowerShell" time="0.0047" asserts="0" success="True" result="Success" executed="True" />
                  <test-case description="Script C:\projects\evergreen\Evergreen\Public\Get-CitrixVirtualAppsDesktopsFeed.ps1 should be valid PowerShell" name="General project validation.Script C:\projects\evergreen\Evergreen\Public\Get-CitrixVirtualAppsDesktopsFeed.ps1 should be valid PowerShell" time="0.0052" asserts="0" success="True" result="Success" executed="True" />
                  <test-case description="Script C:\projects\evergreen\Evergreen\Public\Get-CitrixWorkspaceApp.ps1 should be valid PowerShell" name="General project validation.Script C:\projects\evergreen\Evergreen\Public\Get-CitrixWorkspaceApp.ps1 should be valid PowerShell" time="0.0051" asserts="0" success="True" result="Success" executed="True" />
                  <test-case description="Script C:\projects\evergreen\Evergreen\Public\Get-CitrixWorkspaceAppFeed.ps1 should be valid PowerShell" name="General project validation.Script C:\projects\evergreen\Evergreen\Public\Get-CitrixWorkspaceAppFeed.ps1 should be valid PowerShell" time="0.0063" asserts="0" success="True" result="Success" executed="True" />
                  <test-case description="Script C:\projects\evergreen\Evergreen\Public\Get-CitrixXenServerTools.ps1 should be valid PowerShell" name="General project validation.Script C:\projects\evergreen\Evergreen\Public\Get-CitrixXenServerTools.ps1 should be valid PowerShell" time="0.0046" asserts="0" success="True" result="Success" executed="True" />
                  <test-case description="Script C:\projects\evergreen\Evergreen\Public\Get-ControlUpAgent.ps1 should be valid PowerShell" name="General project validation.Script C:\projects\evergreen\Evergreen\Public\Get-ControlUpAgent.ps1 should be valid PowerShell" time="0.0049" asserts="0" success="True" result="Success" executed="True" />
                  <test-case description="Script C:\projects\evergreen\Evergreen\Public\Get-Cyberduck.ps1 should be valid PowerShell" name="General project validation.Script C:\projects\evergreen\Evergreen\Public\Get-Cyberduck.ps1 should be valid PowerShell" time="0.0068" asserts="0" success="True" result="Success" executed="True" />
                  <test-case description="Script C:\projects\evergreen\Evergreen\Public\Get-FileZilla.ps1 should be valid PowerShell" name="General project validation.Script C:\projects\evergreen\Evergreen\Public\Get-FileZilla.ps1 should be valid PowerShell" time="0.0049" asserts="0" success="True" result="Success" executed="True" />
                  <test-case description="Script C:\projects\evergreen\Evergreen\Public\Get-FoxitReader.ps1 should be valid PowerShell" name="General project validation.Script C:\projects\evergreen\Evergreen\Public\Get-FoxitReader.ps1 should be valid PowerShell" time="0.005" asserts="0" success="True" result="Success" executed="True" />
                  <test-case description="Script C:\projects\evergreen\Evergreen\Public\Get-GitforWindows.ps1 should be valid PowerShell" name="General project validation.Script C:\projects\evergreen\Evergreen\Public\Get-GitforWindows.ps1 should be valid PowerShell" time="0.0048" asserts="0" success="True" result="Success" executed="True" />
                  <test-case description="Script C:\projects\evergreen\Evergreen\Public\Get-GitHubRelease.ps1 should be valid PowerShell" name="General project validation.Script C:\projects\evergreen\Evergreen\Public\Get-GitHubRelease.ps1 should be valid PowerShell" time="0.0211" asserts="0" success="True" result="Success" executed="True" />
                  <test-case description="Script C:\projects\evergreen\Evergreen\Public\Get-Good.ps1 should be valid PowerShell" name="General project validation.Script C:\projects\evergreen\Evergreen\Public\Get-Good.ps1 should be valid PowerShell" time="0.0045" asserts="0" success="True" result="Success" executed="True" />
                  <test-case description="Script C:\projects\evergreen\Evergreen\Public\Get-GoogleChrome.ps1 should be valid PowerShell" name="General project validation.Script C:\projects\evergreen\Evergreen\Public\Get-GoogleChrome.ps1 should be valid PowerShell" time="0.0085" asserts="0" success="True" result="Success" executed="True" />
                  <test-case description="Script C:\projects\evergreen\Evergreen\Public\Get-Greenshot.ps1 should be valid PowerShell" name="General project validation.Script C:\projects\evergreen\Evergreen\Public\Get-Greenshot.ps1 should be valid PowerShell" time="0.0048" asserts="0" success="True" result="Success" executed="True" />
                  <test-case description="Script C:\projects\evergreen\Evergreen\Public\Get-JamTreeSizeFree.ps1 should be valid PowerShell" name="General project validation.Script C:\projects\evergreen\Evergreen\Public\Get-JamTreeSizeFree.ps1 should be valid PowerShell" time="0.005" asserts="0" success="True" result="Success" executed="True" />
                  <test-case description="Script C:\projects\evergreen\Evergreen\Public\Get-JamTreeSizeProfessional.ps1 should be valid PowerShell" name="General project validation.Script C:\projects\evergreen\Evergreen\Public\Get-JamTreeSizeProfessional.ps1 should be valid PowerShell" time="0.0049" asserts="0" success="True" result="Success" executed="True" />
                  <test-case description="Script C:\projects\evergreen\Evergreen\Public\Get-LibreOffice.ps1 should be valid PowerShell" name="General project validation.Script C:\projects\evergreen\Evergreen\Public\Get-LibreOffice.ps1 should be valid PowerShell" time="0.0051" asserts="0" success="True" result="Success" executed="True" />
                  <test-case description="Script C:\projects\evergreen\Evergreen\Public\Get-MicrosoftEdge.ps1 should be valid PowerShell" name="General project validation.Script C:\projects\evergreen\Evergreen\Public\Get-MicrosoftEdge.ps1 should be valid PowerShell" time="0.005" asserts="0" success="True" result="Success" executed="True" />
                  <test-case description="Script C:\projects\evergreen\Evergreen\Public\Get-MicrosoftFSLogixApps.ps1 should be valid PowerShell" name="General project validation.Script C:\projects\evergreen\Evergreen\Public\Get-MicrosoftFSLogixApps.ps1 should be valid PowerShell" time="0.0047" asserts="0" success="True" result="Success" executed="True" />
                  <test-case description="Script C:\projects\evergreen\Evergreen\Public\Get-MicrosoftOffice.ps1 should be valid PowerShell" name="General project validation.Script C:\projects\evergreen\Evergreen\Public\Get-MicrosoftOffice.ps1 should be valid PowerShell" time="0.0047" asserts="0" success="True" result="Success" executed="True" />
                  <test-case description="Script C:\projects\evergreen\Evergreen\Public\Get-MicrosoftOneDrive.ps1 should be valid PowerShell" name="General project validation.Script C:\projects\evergreen\Evergreen\Public\Get-MicrosoftOneDrive.ps1 should be valid PowerShell" time="0.008" asserts="0" success="True" result="Success" executed="True" />
                  <test-case description="Script C:\projects\evergreen\Evergreen\Public\Get-MicrosoftPowerShellCore.ps1 should be valid PowerShell" name="General project validation.Script C:\projects\evergreen\Evergreen\Public\Get-MicrosoftPowerShellCore.ps1 should be valid PowerShell" time="0.0045" asserts="0" success="True" result="Success" executed="True" />
                  <test-case description="Script C:\projects\evergreen\Evergreen\Public\Get-MicrosoftSsms.ps1 should be valid PowerShell" name="General project validation.Script C:\projects\evergreen\Evergreen\Public\Get-MicrosoftSsms.ps1 should be valid PowerShell" time="0.0051" asserts="0" success="True" result="Success" executed="True" />
                  <test-case description="Script C:\projects\evergreen\Evergreen\Public\Get-MicrosoftTeams.ps1 should be valid PowerShell" name="General project validation.Script C:\projects\evergreen\Evergreen\Public\Get-MicrosoftTeams.ps1 should be valid PowerShell" time="0.0048" asserts="0" success="True" result="Success" executed="True" />
                  <test-case description="Script C:\projects\evergreen\Evergreen\Public\Get-MicrosoftVisualStudioCode.ps1 should be valid PowerShell" name="General project validation.Script C:\projects\evergreen\Evergreen\Public\Get-MicrosoftVisualStudioCode.ps1 should be valid PowerShell" time="0.0047" asserts="0" success="True" result="Success" executed="True" />
                  <test-case description="Script C:\projects\evergreen\Evergreen\Public\Get-MozillaFirefox.ps1 should be valid PowerShell" name="General project validation.Script C:\projects\evergreen\Evergreen\Public\Get-MozillaFirefox.ps1 should be valid PowerShell" time="0.005" asserts="0" success="True" result="Success" executed="True" />
                  <test-case description="Script C:\projects\evergreen\Evergreen\Public\Get-mRemoteNG.ps1 should be valid PowerShell" name="General project validation.Script C:\projects\evergreen\Evergreen\Public\Get-mRemoteNG.ps1 should be valid PowerShell" time="0.0045" asserts="0" success="True" result="Success" executed="True" />
                  <test-case description="Script C:\projects\evergreen\Evergreen\Public\Get-NotepadPlusPlus.ps1 should be valid PowerShell" name="General project validation.Script C:\projects\evergreen\Evergreen\Public\Get-NotepadPlusPlus.ps1 should be valid PowerShell" time="0.0049" asserts="0" success="True" result="Success" executed="True" />
                  <test-case description="Script C:\projects\evergreen\Evergreen\Public\Get-OpenJDK.ps1 should be valid PowerShell" name="General project validation.Script C:\projects\evergreen\Evergreen\Public\Get-OpenJDK.ps1 should be valid PowerShell" time="0.0081" asserts="0" success="True" result="Success" executed="True" />
                  <test-case description="Script C:\projects\evergreen\Evergreen\Public\Get-OracleJava8.ps1 should be valid PowerShell" name="General project validation.Script C:\projects\evergreen\Evergreen\Public\Get-OracleJava8.ps1 should be valid PowerShell" time="0.005" asserts="0" success="True" result="Success" executed="True" />
                  <test-case description="Script C:\projects\evergreen\Evergreen\Public\Get-OracleVirtualBox.ps1 should be valid PowerShell" name="General project validation.Script C:\projects\evergreen\Evergreen\Public\Get-OracleVirtualBox.ps1 should be valid PowerShell" time="0.0048" asserts="0" success="True" result="Success" executed="True" />
                  <test-case description="Script C:\projects\evergreen\Evergreen\Public\Get-PaintDotNet.ps1 should be valid PowerShell" name="General project validation.Script C:\projects\evergreen\Evergreen\Public\Get-PaintDotNet.ps1 should be valid PowerShell" time="0.0067" asserts="0" success="True" result="Success" executed="True" />
                  <test-case description="Script C:\projects\evergreen\Evergreen\Public\Get-PDFForgePDFCreator.ps1 should be valid PowerShell" name="General project validation.Script C:\projects\evergreen\Evergreen\Public\Get-PDFForgePDFCreator.ps1 should be valid PowerShell" time="0.0045" asserts="0" success="True" result="Success" executed="True" />
                  <test-case description="Script C:\projects\evergreen\Evergreen\Public\Get-ScooterBeyondCompare.ps1 should be valid PowerShell" name="General project validation.Script C:\projects\evergreen\Evergreen\Public\Get-ScooterBeyondCompare.ps1 should be valid PowerShell" time="0.0047" asserts="0" success="True" result="Success" executed="True" />
                  <test-case description="Script C:\projects\evergreen\Evergreen\Public\Get-ShareX.ps1 should be valid PowerShell" name="General project validation.Script C:\projects\evergreen\Evergreen\Public\Get-ShareX.ps1 should be valid PowerShell" time="0.0045" asserts="0" success="True" result="Success" executed="True" />
                  <test-case description="Script C:\projects\evergreen\Evergreen\Public\Get-TeamViewer.ps1 should be valid PowerShell" name="General project validation.Script C:\projects\evergreen\Evergreen\Public\Get-TeamViewer.ps1 should be valid PowerShell" time="0.005" asserts="0" success="True" result="Success" executed="True" />
                  <test-case description="Script C:\projects\evergreen\Evergreen\Public\Get-VideoLanVlcPlayer.ps1 should be valid PowerShell" name="General project validation.Script C:\projects\evergreen\Evergreen\Public\Get-VideoLanVlcPlayer.ps1 should be valid PowerShell" time="0.006" asserts="0" success="True" result="Success" executed="True" />
                  <test-case description="Script C:\projects\evergreen\Evergreen\Public\Get-VMwareTools.ps1 should be valid PowerShell" name="General project validation.Script C:\projects\evergreen\Evergreen\Public\Get-VMwareTools.ps1 should be valid PowerShell" time="0.0047" asserts="0" success="True" result="Success" executed="True" />
                  <test-case description="Script C:\projects\evergreen\Evergreen\Public\Get-WinMerge.ps1 should be valid PowerShell" name="General project validation.Script C:\projects\evergreen\Evergreen\Public\Get-WinMerge.ps1 should be valid PowerShell" time="0.0046" asserts="0" success="True" result="Success" executed="True" />
                  <test-case description="Script C:\projects\evergreen\Evergreen\Public\Get-Zoom.ps1 should be valid PowerShell" name="General project validation.Script C:\projects\evergreen\Evergreen\Public\Get-Zoom.ps1 should be valid PowerShell" time="0.0052" asserts="0" success="True" result="Success" executed="True" />
                  <test-case description="Script C:\projects\evergreen\Evergreen\Evergreen.psm1 should be valid PowerShell" name="General project validation.Script C:\projects\evergreen\Evergreen\Evergreen.psm1 should be valid PowerShell" time="0.0047" asserts="0" success="True" result="Success" executed="True" />
                </results>
              </test-suite>
              <test-suite type="ParameterizedTest" name="General project validation.&lt;file&gt; should pass ScriptAnalyzer" executed="True" result="Success" success="True" time="5.431" asserts="0" description="&lt;file&gt; should pass ScriptAnalyzer">
                <results>
                  <test-case description="C:\projects\evergreen\Evergreen\Private\ConvertFrom-GitHubReleasesJson.ps1 should pass ScriptAnalyzer" name="General project validation.C:\projects\evergreen\Evergreen\Private\ConvertFrom-GitHubReleasesJson.ps1 should pass ScriptAnalyzer" time="0.4195" asserts="0" success="True" result="Success" executed="True" />
                  <test-case description="C:\projects\evergreen\Evergreen\Private\ConvertFrom-SourceForgeReleasesJson.ps1 should pass ScriptAnalyzer" name="General project validation.C:\projects\evergreen\Evergreen\Private\ConvertFrom-SourceForgeReleasesJson.ps1 should pass ScriptAnalyzer" time="0.05" asserts="0" success="True" result="Success" executed="True" />
                  <test-case description="C:\projects\evergreen\Evergreen\Private\ConvertTo-DateTime.ps1 should pass ScriptAnalyzer" name="General project validation.C:\projects\evergreen\Evergreen\Private\ConvertTo-DateTime.ps1 should pass ScriptAnalyzer" time="0.2342" asserts="0" success="True" result="Success" executed="True" />
                  <test-case description="C:\projects\evergreen\Evergreen\Private\ConvertTo-Hashtable.ps1 should pass ScriptAnalyzer" name="General project validation.C:\projects\evergreen\Evergreen\Private\ConvertTo-Hashtable.ps1 should pass ScriptAnalyzer" time="0.1084" asserts="0" success="True" result="Success" executed="True" />
                  <test-case description="C:\projects\evergreen\Evergreen\Private\Get-Architecture.ps1 should pass ScriptAnalyzer" name="General project validation.C:\projects\evergreen\Evergreen\Private\Get-Architecture.ps1 should pass ScriptAnalyzer" time="0.0456" asserts="0" success="True" result="Success" executed="True" />
                  <test-case description="C:\projects\evergreen\Evergreen\Private\Get-CitrixRssFeed.ps1 should pass ScriptAnalyzer" name="General project validation.C:\projects\evergreen\Evergreen\Private\Get-CitrixRssFeed.ps1 should pass ScriptAnalyzer" time="0.1143" asserts="0" success="True" result="Success" executed="True" />
                  <test-case description="C:\projects\evergreen\Evergreen\Private\Get-FunctionResource.ps1 should pass ScriptAnalyzer" name="General project validation.C:\projects\evergreen\Evergreen\Private\Get-FunctionResource.ps1 should pass ScriptAnalyzer" time="0.0537" asserts="0" success="True" result="Success" executed="True" />
                  <test-case description="C:\projects\evergreen\Evergreen\Private\Get-ModuleResource.ps1 should pass ScriptAnalyzer" name="General project validation.C:\projects\evergreen\Evergreen\Private\Get-ModuleResource.ps1 should pass ScriptAnalyzer" time="0.0895" asserts="0" success="True" result="Success" executed="True" />
                  <test-case description="C:\projects\evergreen\Evergreen\Private\Get-Platform.ps1 should pass ScriptAnalyzer" name="General project validation.C:\projects\evergreen\Evergreen\Private\Get-Platform.ps1 should pass ScriptAnalyzer" time="0.0914" asserts="0" success="True" result="Success" executed="True" />
                  <test-case description="C:\projects\evergreen\Evergreen\Private\Invoke-SystemNetRequest.ps1 should pass ScriptAnalyzer" name="General project validation.C:\projects\evergreen\Evergreen\Private\Invoke-SystemNetRequest.ps1 should pass ScriptAnalyzer" time="0.33" asserts="0" success="True" result="Success" executed="True" />
                  <test-case description="C:\projects\evergreen\Evergreen\Private\Invoke-WebContent.ps1 should pass ScriptAnalyzer" name="General project validation.C:\projects\evergreen\Evergreen\Private\Invoke-WebContent.ps1 should pass ScriptAnalyzer" time="0.1577" asserts="0" success="True" result="Success" executed="True" />
                  <test-case description="C:\projects\evergreen\Evergreen\Private\Resolve-RedirectedUri.ps1 should pass ScriptAnalyzer" name="General project validation.C:\projects\evergreen\Evergreen\Private\Resolve-RedirectedUri.ps1 should pass ScriptAnalyzer" time="0.0962" asserts="0" success="True" result="Success" executed="True" />
                  <test-case description="C:\projects\evergreen\Evergreen\Private\Resolve-Uri.ps1 should pass ScriptAnalyzer" name="General project validation.C:\projects\evergreen\Evergreen\Private\Resolve-Uri.ps1 should pass ScriptAnalyzer" time="0.0472" asserts="0" success="True" result="Success" executed="True" />
                  <test-case description="C:\projects\evergreen\Evergreen\Private\Test-PSCore.ps1 should pass ScriptAnalyzer" name="General project validation.C:\projects\evergreen\Evergreen\Private\Test-PSCore.ps1 should pass ScriptAnalyzer" time="0.0451" asserts="0" success="True" result="Success" executed="True" />
                  <test-case description="C:\projects\evergreen\Evergreen\Public\Export-EvergreenFunctionStrings.ps1 should pass ScriptAnalyzer" name="General project validation.C:\projects\evergreen\Evergreen\Public\Export-EvergreenFunctionStrings.ps1 should pass ScriptAnalyzer" time="0.121" asserts="0" success="True" result="Success" executed="True" />
                  <test-case description="C:\projects\evergreen\Evergreen\Public\Export-EvergreenResourceStrings.ps1 should pass ScriptAnalyzer" name="General project validation.C:\projects\evergreen\Evergreen\Public\Export-EvergreenResourceStrings.ps1 should pass ScriptAnalyzer" time="0.0457" asserts="0" success="True" result="Success" executed="True" />
                  <test-case description="C:\projects\evergreen\Evergreen\Public\Get-7zip.ps1 should pass ScriptAnalyzer" name="General project validation.C:\projects\evergreen\Evergreen\Public\Get-7zip.ps1 should pass ScriptAnalyzer" time="0.1131" asserts="0" success="True" result="Success" executed="True" />
                  <test-case description="C:\projects\evergreen\Evergreen\Public\Get-AdobeAcrobatReaderDC.ps1 should pass ScriptAnalyzer" name="General project validation.C:\projects\evergreen\Evergreen\Public\Get-AdobeAcrobatReaderDC.ps1 should pass ScriptAnalyzer" time="0.0512" asserts="0" success="True" result="Success" executed="True" />
                  <test-case description="C:\projects\evergreen\Evergreen\Public\Get-Atom.ps1 should pass ScriptAnalyzer" name="General project validation.C:\projects\evergreen\Evergreen\Public\Get-Atom.ps1 should pass ScriptAnalyzer" time="0.106" asserts="0" success="True" result="Success" executed="True" />
                  <test-case description="C:\projects\evergreen\Evergreen\Public\Get-BISF.ps1 should pass ScriptAnalyzer" name="General project validation.C:\projects\evergreen\Evergreen\Public\Get-BISF.ps1 should pass ScriptAnalyzer" time="0.044" asserts="0" success="True" result="Success" executed="True" />
                  <test-case description="C:\projects\evergreen\Evergreen\Public\Get-CitrixAppLayeringFeed.ps1 should pass ScriptAnalyzer" name="General project validation.C:\projects\evergreen\Evergreen\Public\Get-CitrixAppLayeringFeed.ps1 should pass ScriptAnalyzer" time="0.1117" asserts="0" success="True" result="Success" executed="True" />
                  <test-case description="C:\projects\evergreen\Evergreen\Public\Get-CitrixApplicationDeliveryManagementFeed.ps1 should pass ScriptAnalyzer" name="General project validation.C:\projects\evergreen\Evergreen\Public\Get-CitrixApplicationDeliveryManagementFeed.ps1 should pass ScriptAnalyzer" time="0.0448" asserts="0" success="True" result="Success" executed="True" />
                  <test-case description="C:\projects\evergreen\Evergreen\Public\Get-CitrixEndpointManagementFeed.ps1 should pass ScriptAnalyzer" name="General project validation.C:\projects\evergreen\Evergreen\Public\Get-CitrixEndpointManagementFeed.ps1 should pass ScriptAnalyzer" time="0.0476" asserts="0" success="True" result="Success" executed="True" />
                  <test-case description="C:\projects\evergreen\Evergreen\Public\Get-CitrixGatewayFeed.ps1 should pass ScriptAnalyzer" name="General project validation.C:\projects\evergreen\Evergreen\Public\Get-CitrixGatewayFeed.ps1 should pass ScriptAnalyzer" time="0.0453" asserts="0" success="True" result="Success" executed="True" />
                  <test-case description="C:\projects\evergreen\Evergreen\Public\Get-CitrixHypervisorFeed.ps1 should pass ScriptAnalyzer" name="General project validation.C:\projects\evergreen\Evergreen\Public\Get-CitrixHypervisorFeed.ps1 should pass ScriptAnalyzer" time="0.0487" asserts="0" success="True" result="Success" executed="True" />
                  <test-case description="C:\projects\evergreen\Evergreen\Public\Get-CitrixLicensingFeed.ps1 should pass ScriptAnalyzer" name="General project validation.C:\projects\evergreen\Evergreen\Public\Get-CitrixLicensingFeed.ps1 should pass ScriptAnalyzer" time="0.0445" asserts="0" success="True" result="Success" executed="True" />
                  <test-case description="C:\projects\evergreen\Evergreen\Public\Get-CitrixReceiverFeed.ps1 should pass ScriptAnalyzer" name="General project validation.C:\projects\evergreen\Evergreen\Public\Get-CitrixReceiverFeed.ps1 should pass ScriptAnalyzer" time="0.0435" asserts="0" success="True" result="Success" executed="True" />
                  <test-case description="C:\projects\evergreen\Evergreen\Public\Get-CitrixSdwanFeed.ps1 should pass ScriptAnalyzer" name="General project validation.C:\projects\evergreen\Evergreen\Public\Get-CitrixSdwanFeed.ps1 should pass ScriptAnalyzer" time="0.0454" asserts="0" success="True" result="Success" executed="True" />
                  <test-case description="C:\projects\evergreen\Evergreen\Public\Get-CitrixVirtualAppsDesktopsFeed.ps1 should pass ScriptAnalyzer" name="General project validation.C:\projects\evergreen\Evergreen\Public\Get-CitrixVirtualAppsDesktopsFeed.ps1 should pass ScriptAnalyzer" time="0.047" asserts="0" success="True" result="Success" executed="True" />
                  <test-case description="C:\projects\evergreen\Evergreen\Public\Get-CitrixWorkspaceApp.ps1 should pass ScriptAnalyzer" name="General project validation.C:\projects\evergreen\Evergreen\Public\Get-CitrixWorkspaceApp.ps1 should pass ScriptAnalyzer" time="0.047" asserts="0" success="True" result="Success" executed="True" />
                  <test-case description="C:\projects\evergreen\Evergreen\Public\Get-CitrixWorkspaceAppFeed.ps1 should pass ScriptAnalyzer" name="General project validation.C:\projects\evergreen\Evergreen\Public\Get-CitrixWorkspaceAppFeed.ps1 should pass ScriptAnalyzer" time="0.0454" asserts="0" success="True" result="Success" executed="True" />
                  <test-case description="C:\projects\evergreen\Evergreen\Public\Get-CitrixXenServerTools.ps1 should pass ScriptAnalyzer" name="General project validation.C:\projects\evergreen\Evergreen\Public\Get-CitrixXenServerTools.ps1 should pass ScriptAnalyzer" time="0.0488" asserts="0" success="True" result="Success" executed="True" />
                  <test-case description="C:\projects\evergreen\Evergreen\Public\Get-ControlUpAgent.ps1 should pass ScriptAnalyzer" name="General project validation.C:\projects\evergreen\Evergreen\Public\Get-ControlUpAgent.ps1 should pass ScriptAnalyzer" time="0.0446" asserts="0" success="True" result="Success" executed="True" />
                  <test-case description="C:\projects\evergreen\Evergreen\Public\Get-Cyberduck.ps1 should pass ScriptAnalyzer" name="General project validation.C:\projects\evergreen\Evergreen\Public\Get-Cyberduck.ps1 should pass ScriptAnalyzer" time="0.1002" asserts="0" success="True" result="Success" executed="True" />
                  <test-case description="C:\projects\evergreen\Evergreen\Public\Get-FileZilla.ps1 should pass ScriptAnalyzer" name="General project validation.C:\projects\evergreen\Evergreen\Public\Get-FileZilla.ps1 should pass ScriptAnalyzer" time="0.0454" asserts="0" success="True" result="Success" executed="True" />
                  <test-case description="C:\projects\evergreen\Evergreen\Public\Get-FoxitReader.ps1 should pass ScriptAnalyzer" name="General project validation.C:\projects\evergreen\Evergreen\Public\Get-FoxitReader.ps1 should pass ScriptAnalyzer" time="0.1123" asserts="0" success="True" result="Success" executed="True" />
                  <test-case description="C:\projects\evergreen\Evergreen\Public\Get-GitforWindows.ps1 should pass ScriptAnalyzer" name="General project validation.C:\projects\evergreen\Evergreen\Public\Get-GitforWindows.ps1 should pass ScriptAnalyzer" time="0.0442" asserts="0" success="True" result="Success" executed="True" />
                  <test-case description="C:\projects\evergreen\Evergreen\Public\Get-GitHubRelease.ps1 should pass ScriptAnalyzer" name="General project validation.C:\projects\evergreen\Evergreen\Public\Get-GitHubRelease.ps1 should pass ScriptAnalyzer" time="0.0469" asserts="0" success="True" result="Success" executed="True" />
                  <test-case description="C:\projects\evergreen\Evergreen\Public\Get-Good.ps1 should pass ScriptAnalyzer" name="General project validation.C:\projects\evergreen\Evergreen\Public\Get-Good.ps1 should pass ScriptAnalyzer" time="0.0436" asserts="0" success="True" result="Success" executed="True" />
                  <test-case description="C:\projects\evergreen\Evergreen\Public\Get-GoogleChrome.ps1 should pass ScriptAnalyzer" name="General project validation.C:\projects\evergreen\Evergreen\Public\Get-GoogleChrome.ps1 should pass ScriptAnalyzer" time="0.162" asserts="0" success="True" result="Success" executed="True" />
                  <test-case description="C:\projects\evergreen\Evergreen\Public\Get-Greenshot.ps1 should pass ScriptAnalyzer" name="General project validation.C:\projects\evergreen\Evergreen\Public\Get-Greenshot.ps1 should pass ScriptAnalyzer" time="0.0462" asserts="0" success="True" result="Success" executed="True" />
                  <test-case description="C:\projects\evergreen\Evergreen\Public\Get-JamTreeSizeFree.ps1 should pass ScriptAnalyzer" name="General project validation.C:\projects\evergreen\Evergreen\Public\Get-JamTreeSizeFree.ps1 should pass ScriptAnalyzer" time="0.0489" asserts="0" success="True" result="Success" executed="True" />
                  <test-case description="C:\projects\evergreen\Evergreen\Public\Get-JamTreeSizeProfessional.ps1 should pass ScriptAnalyzer" name="General project validation.C:\projects\evergreen\Evergreen\Public\Get-JamTreeSizeProfessional.ps1 should pass ScriptAnalyzer" time="0.0464" asserts="0" success="True" result="Success" executed="True" />
                  <test-case description="C:\projects\evergreen\Evergreen\Public\Get-LibreOffice.ps1 should pass ScriptAnalyzer" name="General project validation.C:\projects\evergreen\Evergreen\Public\Get-LibreOffice.ps1 should pass ScriptAnalyzer" time="0.0529" asserts="0" success="True" result="Success" executed="True" />
                  <test-case description="C:\projects\evergreen\Evergreen\Public\Get-MicrosoftEdge.ps1 should pass ScriptAnalyzer" name="General project validation.C:\projects\evergreen\Evergreen\Public\Get-MicrosoftEdge.ps1 should pass ScriptAnalyzer" time="0.0472" asserts="0" success="True" result="Success" executed="True" />
                  <test-case description="C:\projects\evergreen\Evergreen\Public\Get-MicrosoftFSLogixApps.ps1 should pass ScriptAnalyzer" name="General project validation.C:\projects\evergreen\Evergreen\Public\Get-MicrosoftFSLogixApps.ps1 should pass ScriptAnalyzer" time="0.0499" asserts="0" success="True" result="Success" executed="True" />
                  <test-case description="C:\projects\evergreen\Evergreen\Public\Get-MicrosoftOffice.ps1 should pass ScriptAnalyzer" name="General project validation.C:\projects\evergreen\Evergreen\Public\Get-MicrosoftOffice.ps1 should pass ScriptAnalyzer" time="0.0583" asserts="0" success="True" result="Success" executed="True" />
                  <test-case description="C:\projects\evergreen\Evergreen\Public\Get-MicrosoftOneDrive.ps1 should pass ScriptAnalyzer" name="General project validation.C:\projects\evergreen\Evergreen\Public\Get-MicrosoftOneDrive.ps1 should pass ScriptAnalyzer" time="0.0501" asserts="0" success="True" result="Success" executed="True" />
                  <test-case description="C:\projects\evergreen\Evergreen\Public\Get-MicrosoftPowerShellCore.ps1 should pass ScriptAnalyzer" name="General project validation.C:\projects\evergreen\Evergreen\Public\Get-MicrosoftPowerShellCore.ps1 should pass ScriptAnalyzer" time="0.058" asserts="0" success="True" result="Success" executed="True" />
                  <test-case description="C:\projects\evergreen\Evergreen\Public\Get-MicrosoftSsms.ps1 should pass ScriptAnalyzer" name="General project validation.C:\projects\evergreen\Evergreen\Public\Get-MicrosoftSsms.ps1 should pass ScriptAnalyzer" time="0.0512" asserts="0" success="True" result="Success" executed="True" />
                  <test-case description="C:\projects\evergreen\Evergreen\Public\Get-MicrosoftTeams.ps1 should pass ScriptAnalyzer" name="General project validation.C:\projects\evergreen\Evergreen\Public\Get-MicrosoftTeams.ps1 should pass ScriptAnalyzer" time="0.0474" asserts="0" success="True" result="Success" executed="True" />
                  <test-case description="C:\projects\evergreen\Evergreen\Public\Get-MicrosoftVisualStudioCode.ps1 should pass ScriptAnalyzer" name="General project validation.C:\projects\evergreen\Evergreen\Public\Get-MicrosoftVisualStudioCode.ps1 should pass ScriptAnalyzer" time="0.0761" asserts="0" success="True" result="Success" executed="True" />
                  <test-case description="C:\projects\evergreen\Evergreen\Public\Get-MozillaFirefox.ps1 should pass ScriptAnalyzer" name="General project validation.C:\projects\evergreen\Evergreen\Public\Get-MozillaFirefox.ps1 should pass ScriptAnalyzer" time="0.1004" asserts="0" success="True" result="Success" executed="True" />
                  <test-case description="C:\projects\evergreen\Evergreen\Public\Get-mRemoteNG.ps1 should pass ScriptAnalyzer" name="General project validation.C:\projects\evergreen\Evergreen\Public\Get-mRemoteNG.ps1 should pass ScriptAnalyzer" time="0.0491" asserts="0" success="True" result="Success" executed="True" />
                  <test-case description="C:\projects\evergreen\Evergreen\Public\Get-NotepadPlusPlus.ps1 should pass ScriptAnalyzer" name="General project validation.C:\projects\evergreen\Evergreen\Public\Get-NotepadPlusPlus.ps1 should pass ScriptAnalyzer" time="0.0461" asserts="0" success="True" result="Success" executed="True" />
                  <test-case description="C:\projects\evergreen\Evergreen\Public\Get-OpenJDK.ps1 should pass ScriptAnalyzer" name="General project validation.C:\projects\evergreen\Evergreen\Public\Get-OpenJDK.ps1 should pass ScriptAnalyzer" time="0.049" asserts="0" success="True" result="Success" executed="True" />
                  <test-case description="C:\projects\evergreen\Evergreen\Public\Get-OracleJava8.ps1 should pass ScriptAnalyzer" name="General project validation.C:\projects\evergreen\Evergreen\Public\Get-OracleJava8.ps1 should pass ScriptAnalyzer" time="0.048" asserts="0" success="True" result="Success" executed="True" />
                  <test-case description="C:\projects\evergreen\Evergreen\Public\Get-OracleVirtualBox.ps1 should pass ScriptAnalyzer" name="General project validation.C:\projects\evergreen\Evergreen\Public\Get-OracleVirtualBox.ps1 should pass ScriptAnalyzer" time="0.1075" asserts="0" success="True" result="Success" executed="True" />
                  <test-case description="C:\projects\evergreen\Evergreen\Public\Get-PaintDotNet.ps1 should pass ScriptAnalyzer" name="General project validation.C:\projects\evergreen\Evergreen\Public\Get-PaintDotNet.ps1 should pass ScriptAnalyzer" time="0.0449" asserts="0" success="True" result="Success" executed="True" />
                  <test-case description="C:\projects\evergreen\Evergreen\Public\Get-PDFForgePDFCreator.ps1 should pass ScriptAnalyzer" name="General project validation.C:\projects\evergreen\Evergreen\Public\Get-PDFForgePDFCreator.ps1 should pass ScriptAnalyzer" time="0.0459" asserts="0" success="True" result="Success" executed="True" />
                  <test-case description="C:\projects\evergreen\Evergreen\Public\Get-ScooterBeyondCompare.ps1 should pass ScriptAnalyzer" name="General project validation.C:\projects\evergreen\Evergreen\Public\Get-ScooterBeyondCompare.ps1 should pass ScriptAnalyzer" time="0.0531" asserts="0" success="True" result="Success" executed="True" />
                  <test-case description="C:\projects\evergreen\Evergreen\Public\Get-ShareX.ps1 should pass ScriptAnalyzer" name="General project validation.C:\projects\evergreen\Evergreen\Public\Get-ShareX.ps1 should pass ScriptAnalyzer" time="0.0492" asserts="0" success="True" result="Success" executed="True" />
                  <test-case description="C:\projects\evergreen\Evergreen\Public\Get-TeamViewer.ps1 should pass ScriptAnalyzer" name="General project validation.C:\projects\evergreen\Evergreen\Public\Get-TeamViewer.ps1 should pass ScriptAnalyzer" time="0.1296" asserts="0" success="True" result="Success" executed="True" />
                  <test-case description="C:\projects\evergreen\Evergreen\Public\Get-VideoLanVlcPlayer.ps1 should pass ScriptAnalyzer" name="General project validation.C:\projects\evergreen\Evergreen\Public\Get-VideoLanVlcPlayer.ps1 should pass ScriptAnalyzer" time="0.1108" asserts="0" success="True" result="Success" executed="True" />
                  <test-case description="C:\projects\evergreen\Evergreen\Public\Get-VMwareTools.ps1 should pass ScriptAnalyzer" name="General project validation.C:\projects\evergreen\Evergreen\Public\Get-VMwareTools.ps1 should pass ScriptAnalyzer" time="0.1094" asserts="0" success="True" result="Success" executed="True" />
                  <test-case description="C:\projects\evergreen\Evergreen\Public\Get-WinMerge.ps1 should pass ScriptAnalyzer" name="General project validation.C:\projects\evergreen\Evergreen\Public\Get-WinMerge.ps1 should pass ScriptAnalyzer" time="0.045" asserts="0" success="True" result="Success" executed="True" />
                  <test-case description="C:\projects\evergreen\Evergreen\Public\Get-Zoom.ps1 should pass ScriptAnalyzer" name="General project validation.C:\projects\evergreen\Evergreen\Public\Get-Zoom.ps1 should pass ScriptAnalyzer" time="0.1107" asserts="0" success="True" result="Success" executed="True" />
                  <test-case description="C:\projects\evergreen\Evergreen\Evergreen.psm1 should pass ScriptAnalyzer" name="General project validation.C:\projects\evergreen\Evergreen\Evergreen.psm1 should pass ScriptAnalyzer" time="0.1171" asserts="0" success="True" result="Success" executed="True" />
                </results>
              </test-suite>
            </results>
          </test-suite>
          <test-suite type="TestFixture" name="Module Function validation" executed="True" result="Success" success="True" time="1.6973" asserts="0" description="Module Function validation">
            <results>
              <test-suite type="ParameterizedTest" name="Module Function validation.Script &lt;file&gt; should only contain one function" executed="True" result="Success" success="True" time="0.4633" asserts="0" description="Script &lt;file&gt; should only contain one function">
                <results>
                  <test-case description="Script C:\projects\evergreen\Evergreen\Private\ConvertFrom-GitHubReleasesJson.ps1 should only contain one function" name="Module Function validation.Script C:\projects\evergreen\Evergreen\Private\ConvertFrom-GitHubReleasesJson.ps1 should only contain one function" time="0.0337" asserts="0" success="True" result="Success" executed="True" />
                  <test-case description="Script C:\projects\evergreen\Evergreen\Private\ConvertFrom-SourceForgeReleasesJson.ps1 should only contain one function" name="Module Function validation.Script C:\projects\evergreen\Evergreen\Private\ConvertFrom-SourceForgeReleasesJson.ps1 should only contain one function" time="0.0121" asserts="0" success="True" result="Success" executed="True" />
                  <test-case description="Script C:\projects\evergreen\Evergreen\Private\ConvertTo-DateTime.ps1 should only contain one function" name="Module Function validation.Script C:\projects\evergreen\Evergreen\Private\ConvertTo-DateTime.ps1 should only contain one function" time="0.0057" asserts="0" success="True" result="Success" executed="True" />
                  <test-case description="Script C:\projects\evergreen\Evergreen\Private\ConvertTo-Hashtable.ps1 should only contain one function" name="Module Function validation.Script C:\projects\evergreen\Evergreen\Private\ConvertTo-Hashtable.ps1 should only contain one function" time="0.006" asserts="0" success="True" result="Success" executed="True" />
                  <test-case description="Script C:\projects\evergreen\Evergreen\Private\Get-Architecture.ps1 should only contain one function" name="Module Function validation.Script C:\projects\evergreen\Evergreen\Private\Get-Architecture.ps1 should only contain one function" time="0.0056" asserts="0" success="True" result="Success" executed="True" />
                  <test-case description="Script C:\projects\evergreen\Evergreen\Private\Get-CitrixRssFeed.ps1 should only contain one function" name="Module Function validation.Script C:\projects\evergreen\Evergreen\Private\Get-CitrixRssFeed.ps1 should only contain one function" time="0.0065" asserts="0" success="True" result="Success" executed="True" />
                  <test-case description="Script C:\projects\evergreen\Evergreen\Private\Get-FunctionResource.ps1 should only contain one function" name="Module Function validation.Script C:\projects\evergreen\Evergreen\Private\Get-FunctionResource.ps1 should only contain one function" time="0.0054" asserts="0" success="True" result="Success" executed="True" />
                  <test-case description="Script C:\projects\evergreen\Evergreen\Private\Get-ModuleResource.ps1 should only contain one function" name="Module Function validation.Script C:\projects\evergreen\Evergreen\Private\Get-ModuleResource.ps1 should only contain one function" time="0.0065" asserts="0" success="True" result="Success" executed="True" />
                  <test-case description="Script C:\projects\evergreen\Evergreen\Private\Get-Platform.ps1 should only contain one function" name="Module Function validation.Script C:\projects\evergreen\Evergreen\Private\Get-Platform.ps1 should only contain one function" time="0.0057" asserts="0" success="True" result="Success" executed="True" />
                  <test-case description="Script C:\projects\evergreen\Evergreen\Private\Invoke-SystemNetRequest.ps1 should only contain one function" name="Module Function validation.Script C:\projects\evergreen\Evergreen\Private\Invoke-SystemNetRequest.ps1 should only contain one function" time="0.0125" asserts="0" success="True" result="Success" executed="True" />
                  <test-case description="Script C:\projects\evergreen\Evergreen\Private\Invoke-WebContent.ps1 should only contain one function" name="Module Function validation.Script C:\projects\evergreen\Evergreen\Private\Invoke-WebContent.ps1 should only contain one function" time="0.0061" asserts="0" success="True" result="Success" executed="True" />
                  <test-case description="Script C:\projects\evergreen\Evergreen\Private\Resolve-RedirectedUri.ps1 should only contain one function" name="Module Function validation.Script C:\projects\evergreen\Evergreen\Private\Resolve-RedirectedUri.ps1 should only contain one function" time="0.0057" asserts="0" success="True" result="Success" executed="True" />
                  <test-case description="Script C:\projects\evergreen\Evergreen\Private\Resolve-Uri.ps1 should only contain one function" name="Module Function validation.Script C:\projects\evergreen\Evergreen\Private\Resolve-Uri.ps1 should only contain one function" time="0.0072" asserts="0" success="True" result="Success" executed="True" />
                  <test-case description="Script C:\projects\evergreen\Evergreen\Private\Test-PSCore.ps1 should only contain one function" name="Module Function validation.Script C:\projects\evergreen\Evergreen\Private\Test-PSCore.ps1 should only contain one function" time="0.0051" asserts="0" success="True" result="Success" executed="True" />
                  <test-case description="Script C:\projects\evergreen\Evergreen\Public\Export-EvergreenFunctionStrings.ps1 should only contain one function" name="Module Function validation.Script C:\projects\evergreen\Evergreen\Public\Export-EvergreenFunctionStrings.ps1 should only contain one function" time="0.0055" asserts="0" success="True" result="Success" executed="True" />
                  <test-case description="Script C:\projects\evergreen\Evergreen\Public\Export-EvergreenResourceStrings.ps1 should only contain one function" name="Module Function validation.Script C:\projects\evergreen\Evergreen\Public\Export-EvergreenResourceStrings.ps1 should only contain one function" time="0.0068" asserts="0" success="True" result="Success" executed="True" />
                  <test-case description="Script C:\projects\evergreen\Evergreen\Public\Get-7zip.ps1 should only contain one function" name="Module Function validation.Script C:\projects\evergreen\Evergreen\Public\Get-7zip.ps1 should only contain one function" time="0.0055" asserts="0" success="True" result="Success" executed="True" />
                  <test-case description="Script C:\projects\evergreen\Evergreen\Public\Get-AdobeAcrobatReaderDC.ps1 should only contain one function" name="Module Function validation.Script C:\projects\evergreen\Evergreen\Public\Get-AdobeAcrobatReaderDC.ps1 should only contain one function" time="0.0062" asserts="0" success="True" result="Success" executed="True" />
                  <test-case description="Script C:\projects\evergreen\Evergreen\Public\Get-Atom.ps1 should only contain one function" name="Module Function validation.Script C:\projects\evergreen\Evergreen\Public\Get-Atom.ps1 should only contain one function" time="0.0075" asserts="0" success="True" result="Success" executed="True" />
                  <test-case description="Script C:\projects\evergreen\Evergreen\Public\Get-BISF.ps1 should only contain one function" name="Module Function validation.Script C:\projects\evergreen\Evergreen\Public\Get-BISF.ps1 should only contain one function" time="0.0054" asserts="0" success="True" result="Success" executed="True" />
                  <test-case description="Script C:\projects\evergreen\Evergreen\Public\Get-CitrixAppLayeringFeed.ps1 should only contain one function" name="Module Function validation.Script C:\projects\evergreen\Evergreen\Public\Get-CitrixAppLayeringFeed.ps1 should only contain one function" time="0.0054" asserts="0" success="True" result="Success" executed="True" />
                  <test-case description="Script C:\projects\evergreen\Evergreen\Public\Get-CitrixApplicationDeliveryManagementFeed.ps1 should only contain one function" name="Module Function validation.Script C:\projects\evergreen\Evergreen\Public\Get-CitrixApplicationDeliveryManagementFeed.ps1 should only contain one function" time="0.0075" asserts="0" success="True" result="Success" executed="True" />
                  <test-case description="Script C:\projects\evergreen\Evergreen\Public\Get-CitrixEndpointManagementFeed.ps1 should only contain one function" name="Module Function validation.Script C:\projects\evergreen\Evergreen\Public\Get-CitrixEndpointManagementFeed.ps1 should only contain one function" time="0.0059" asserts="0" success="True" result="Success" executed="True" />
                  <test-case description="Script C:\projects\evergreen\Evergreen\Public\Get-CitrixGatewayFeed.ps1 should only contain one function" name="Module Function validation.Script C:\projects\evergreen\Evergreen\Public\Get-CitrixGatewayFeed.ps1 should only contain one function" time="0.0054" asserts="0" success="True" result="Success" executed="True" />
                  <test-case description="Script C:\projects\evergreen\Evergreen\Public\Get-CitrixHypervisorFeed.ps1 should only contain one function" name="Module Function validation.Script C:\projects\evergreen\Evergreen\Public\Get-CitrixHypervisorFeed.ps1 should only contain one function" time="0.0056" asserts="0" success="True" result="Success" executed="True" />
                  <test-case description="Script C:\projects\evergreen\Evergreen\Public\Get-CitrixLicensingFeed.ps1 should only contain one function" name="Module Function validation.Script C:\projects\evergreen\Evergreen\Public\Get-CitrixLicensingFeed.ps1 should only contain one function" time="0.0058" asserts="0" success="True" result="Success" executed="True" />
                  <test-case description="Script C:\projects\evergreen\Evergreen\Public\Get-CitrixReceiverFeed.ps1 should only contain one function" name="Module Function validation.Script C:\projects\evergreen\Evergreen\Public\Get-CitrixReceiverFeed.ps1 should only contain one function" time="0.0055" asserts="0" success="True" result="Success" executed="True" />
                  <test-case description="Script C:\projects\evergreen\Evergreen\Public\Get-CitrixSdwanFeed.ps1 should only contain one function" name="Module Function validation.Script C:\projects\evergreen\Evergreen\Public\Get-CitrixSdwanFeed.ps1 should only contain one function" time="0.0054" asserts="0" success="True" result="Success" executed="True" />
                  <test-case description="Script C:\projects\evergreen\Evergreen\Public\Get-CitrixVirtualAppsDesktopsFeed.ps1 should only contain one function" name="Module Function validation.Script C:\projects\evergreen\Evergreen\Public\Get-CitrixVirtualAppsDesktopsFeed.ps1 should only contain one function" time="0.0056" asserts="0" success="True" result="Success" executed="True" />
                  <test-case description="Script C:\projects\evergreen\Evergreen\Public\Get-CitrixWorkspaceApp.ps1 should only contain one function" name="Module Function validation.Script C:\projects\evergreen\Evergreen\Public\Get-CitrixWorkspaceApp.ps1 should only contain one function" time="0.0059" asserts="0" success="True" result="Success" executed="True" />
                  <test-case description="Script C:\projects\evergreen\Evergreen\Public\Get-CitrixWorkspaceAppFeed.ps1 should only contain one function" name="Module Function validation.Script C:\projects\evergreen\Evergreen\Public\Get-CitrixWorkspaceAppFeed.ps1 should only contain one function" time="0.0055" asserts="0" success="True" result="Success" executed="True" />
                  <test-case description="Script C:\projects\evergreen\Evergreen\Public\Get-CitrixXenServerTools.ps1 should only contain one function" name="Module Function validation.Script C:\projects\evergreen\Evergreen\Public\Get-CitrixXenServerTools.ps1 should only contain one function" time="0.0069" asserts="0" success="True" result="Success" executed="True" />
                  <test-case description="Script C:\projects\evergreen\Evergreen\Public\Get-ControlUpAgent.ps1 should only contain one function" name="Module Function validation.Script C:\projects\evergreen\Evergreen\Public\Get-ControlUpAgent.ps1 should only contain one function" time="0.0058" asserts="0" success="True" result="Success" executed="True" />
                  <test-case description="Script C:\projects\evergreen\Evergreen\Public\Get-Cyberduck.ps1 should only contain one function" name="Module Function validation.Script C:\projects\evergreen\Evergreen\Public\Get-Cyberduck.ps1 should only contain one function" time="0.008" asserts="0" success="True" result="Success" executed="True" />
                  <test-case description="Script C:\projects\evergreen\Evergreen\Public\Get-FileZilla.ps1 should only contain one function" name="Module Function validation.Script C:\projects\evergreen\Evergreen\Public\Get-FileZilla.ps1 should only contain one function" time="0.0078" asserts="0" success="True" result="Success" executed="True" />
                  <test-case description="Script C:\projects\evergreen\Evergreen\Public\Get-FoxitReader.ps1 should only contain one function" name="Module Function validation.Script C:\projects\evergreen\Evergreen\Public\Get-FoxitReader.ps1 should only contain one function" time="0.008" asserts="0" success="True" result="Success" executed="True" />
                  <test-case description="Script C:\projects\evergreen\Evergreen\Public\Get-GitforWindows.ps1 should only contain one function" name="Module Function validation.Script C:\projects\evergreen\Evergreen\Public\Get-GitforWindows.ps1 should only contain one function" time="0.0095" asserts="0" success="True" result="Success" executed="True" />
                  <test-case description="Script C:\projects\evergreen\Evergreen\Public\Get-GitHubRelease.ps1 should only contain one function" name="Module Function validation.Script C:\projects\evergreen\Evergreen\Public\Get-GitHubRelease.ps1 should only contain one function" time="0.0081" asserts="0" success="True" result="Success" executed="True" />
                  <test-case description="Script C:\projects\evergreen\Evergreen\Public\Get-Good.ps1 should only contain one function" name="Module Function validation.Script C:\projects\evergreen\Evergreen\Public\Get-Good.ps1 should only contain one function" time="0.0068" asserts="0" success="True" result="Success" executed="True" />
                  <test-case description="Script C:\projects\evergreen\Evergreen\Public\Get-GoogleChrome.ps1 should only contain one function" name="Module Function validation.Script C:\projects\evergreen\Evergreen\Public\Get-GoogleChrome.ps1 should only contain one function" time="0.0109" asserts="0" success="True" result="Success" executed="True" />
                  <test-case description="Script C:\projects\evergreen\Evergreen\Public\Get-Greenshot.ps1 should only contain one function" name="Module Function validation.Script C:\projects\evergreen\Evergreen\Public\Get-Greenshot.ps1 should only contain one function" time="0.0076" asserts="0" success="True" result="Success" executed="True" />
                  <test-case description="Script C:\projects\evergreen\Evergreen\Public\Get-JamTreeSizeFree.ps1 should only contain one function" name="Module Function validation.Script C:\projects\evergreen\Evergreen\Public\Get-JamTreeSizeFree.ps1 should only contain one function" time="0.0054" asserts="0" success="True" result="Success" executed="True" />
                  <test-case description="Script C:\projects\evergreen\Evergreen\Public\Get-JamTreeSizeProfessional.ps1 should only contain one function" name="Module Function validation.Script C:\projects\evergreen\Evergreen\Public\Get-JamTreeSizeProfessional.ps1 should only contain one function" time="0.0054" asserts="0" success="True" result="Success" executed="True" />
                  <test-case description="Script C:\projects\evergreen\Evergreen\Public\Get-LibreOffice.ps1 should only contain one function" name="Module Function validation.Script C:\projects\evergreen\Evergreen\Public\Get-LibreOffice.ps1 should only contain one function" time="0.0058" asserts="0" success="True" result="Success" executed="True" />
                  <test-case description="Script C:\projects\evergreen\Evergreen\Public\Get-MicrosoftEdge.ps1 should only contain one function" name="Module Function validation.Script C:\projects\evergreen\Evergreen\Public\Get-MicrosoftEdge.ps1 should only contain one function" time="0.0055" asserts="0" success="True" result="Success" executed="True" />
                  <test-case description="Script C:\projects\evergreen\Evergreen\Public\Get-MicrosoftFSLogixApps.ps1 should only contain one function" name="Module Function validation.Script C:\projects\evergreen\Evergreen\Public\Get-MicrosoftFSLogixApps.ps1 should only contain one function" time="0.0057" asserts="0" success="True" result="Success" executed="True" />
                  <test-case description="Script C:\projects\evergreen\Evergreen\Public\Get-MicrosoftOffice.ps1 should only contain one function" name="Module Function validation.Script C:\projects\evergreen\Evergreen\Public\Get-MicrosoftOffice.ps1 should only contain one function" time="0.0054" asserts="0" success="True" result="Success" executed="True" />
                  <test-case description="Script C:\projects\evergreen\Evergreen\Public\Get-MicrosoftOneDrive.ps1 should only contain one function" name="Module Function validation.Script C:\projects\evergreen\Evergreen\Public\Get-MicrosoftOneDrive.ps1 should only contain one function" time="0.0056" asserts="0" success="True" result="Success" executed="True" />
                  <test-case description="Script C:\projects\evergreen\Evergreen\Public\Get-MicrosoftPowerShellCore.ps1 should only contain one function" name="Module Function validation.Script C:\projects\evergreen\Evergreen\Public\Get-MicrosoftPowerShellCore.ps1 should only contain one function" time="0.0052" asserts="0" success="True" result="Success" executed="True" />
                  <test-case description="Script C:\projects\evergreen\Evergreen\Public\Get-MicrosoftSsms.ps1 should only contain one function" name="Module Function validation.Script C:\projects\evergreen\Evergreen\Public\Get-MicrosoftSsms.ps1 should only contain one function" time="0.0058" asserts="0" success="True" result="Success" executed="True" />
                  <test-case description="Script C:\projects\evergreen\Evergreen\Public\Get-MicrosoftTeams.ps1 should only contain one function" name="Module Function validation.Script C:\projects\evergreen\Evergreen\Public\Get-MicrosoftTeams.ps1 should only contain one function" time="0.0055" asserts="0" success="True" result="Success" executed="True" />
                  <test-case description="Script C:\projects\evergreen\Evergreen\Public\Get-MicrosoftVisualStudioCode.ps1 should only contain one function" name="Module Function validation.Script C:\projects\evergreen\Evergreen\Public\Get-MicrosoftVisualStudioCode.ps1 should only contain one function" time="0.0075" asserts="0" success="True" result="Success" executed="True" />
                  <test-case description="Script C:\projects\evergreen\Evergreen\Public\Get-MozillaFirefox.ps1 should only contain one function" name="Module Function validation.Script C:\projects\evergreen\Evergreen\Public\Get-MozillaFirefox.ps1 should only contain one function" time="0.0064" asserts="0" success="True" result="Success" executed="True" />
                  <test-case description="Script C:\projects\evergreen\Evergreen\Public\Get-mRemoteNG.ps1 should only contain one function" name="Module Function validation.Script C:\projects\evergreen\Evergreen\Public\Get-mRemoteNG.ps1 should only contain one function" time="0.0054" asserts="0" success="True" result="Success" executed="True" />
                  <test-case description="Script C:\projects\evergreen\Evergreen\Public\Get-NotepadPlusPlus.ps1 should only contain one function" name="Module Function validation.Script C:\projects\evergreen\Evergreen\Public\Get-NotepadPlusPlus.ps1 should only contain one function" time="0.0076" asserts="0" success="True" result="Success" executed="True" />
                  <test-case description="Script C:\projects\evergreen\Evergreen\Public\Get-OpenJDK.ps1 should only contain one function" name="Module Function validation.Script C:\projects\evergreen\Evergreen\Public\Get-OpenJDK.ps1 should only contain one function" time="0.0055" asserts="0" success="True" result="Success" executed="True" />
                  <test-case description="Script C:\projects\evergreen\Evergreen\Public\Get-OracleJava8.ps1 should only contain one function" name="Module Function validation.Script C:\projects\evergreen\Evergreen\Public\Get-OracleJava8.ps1 should only contain one function" time="0.0056" asserts="0" success="True" result="Success" executed="True" />
                  <test-case description="Script C:\projects\evergreen\Evergreen\Public\Get-OracleVirtualBox.ps1 should only contain one function" name="Module Function validation.Script C:\projects\evergreen\Evergreen\Public\Get-OracleVirtualBox.ps1 should only contain one function" time="0.0077" asserts="0" success="True" result="Success" executed="True" />
                  <test-case description="Script C:\projects\evergreen\Evergreen\Public\Get-PaintDotNet.ps1 should only contain one function" name="Module Function validation.Script C:\projects\evergreen\Evergreen\Public\Get-PaintDotNet.ps1 should only contain one function" time="0.0053" asserts="0" success="True" result="Success" executed="True" />
                  <test-case description="Script C:\projects\evergreen\Evergreen\Public\Get-PDFForgePDFCreator.ps1 should only contain one function" name="Module Function validation.Script C:\projects\evergreen\Evergreen\Public\Get-PDFForgePDFCreator.ps1 should only contain one function" time="0.0052" asserts="0" success="True" result="Success" executed="True" />
                  <test-case description="Script C:\projects\evergreen\Evergreen\Public\Get-ScooterBeyondCompare.ps1 should only contain one function" name="Module Function validation.Script C:\projects\evergreen\Evergreen\Public\Get-ScooterBeyondCompare.ps1 should only contain one function" time="0.0079" asserts="0" success="True" result="Success" executed="True" />
                  <test-case description="Script C:\projects\evergreen\Evergreen\Public\Get-ShareX.ps1 should only contain one function" name="Module Function validation.Script C:\projects\evergreen\Evergreen\Public\Get-ShareX.ps1 should only contain one function" time="0.006" asserts="0" success="True" result="Success" executed="True" />
                  <test-case description="Script C:\projects\evergreen\Evergreen\Public\Get-TeamViewer.ps1 should only contain one function" name="Module Function validation.Script C:\projects\evergreen\Evergreen\Public\Get-TeamViewer.ps1 should only contain one function" time="0.0059" asserts="0" success="True" result="Success" executed="True" />
                  <test-case description="Script C:\projects\evergreen\Evergreen\Public\Get-VideoLanVlcPlayer.ps1 should only contain one function" name="Module Function validation.Script C:\projects\evergreen\Evergreen\Public\Get-VideoLanVlcPlayer.ps1 should only contain one function" time="0.0096" asserts="0" success="True" result="Success" executed="True" />
                  <test-case description="Script C:\projects\evergreen\Evergreen\Public\Get-VMwareTools.ps1 should only contain one function" name="Module Function validation.Script C:\projects\evergreen\Evergreen\Public\Get-VMwareTools.ps1 should only contain one function" time="0.0072" asserts="0" success="True" result="Success" executed="True" />
                  <test-case description="Script C:\projects\evergreen\Evergreen\Public\Get-WinMerge.ps1 should only contain one function" name="Module Function validation.Script C:\projects\evergreen\Evergreen\Public\Get-WinMerge.ps1 should only contain one function" time="0.0056" asserts="0" success="True" result="Success" executed="True" />
                  <test-case description="Script C:\projects\evergreen\Evergreen\Public\Get-Zoom.ps1 should only contain one function" name="Module Function validation.Script C:\projects\evergreen\Evergreen\Public\Get-Zoom.ps1 should only contain one function" time="0.0058" asserts="0" success="True" result="Success" executed="True" />
                </results>
              </test-suite>
              <test-suite type="ParameterizedTest" name="Module Function validation.&lt;file&gt; should match function name" executed="True" result="Success" success="True" time="0.4399" asserts="0" description="&lt;file&gt; should match function name">
                <results>
                  <test-case description="C:\projects\evergreen\Evergreen\Private\ConvertFrom-GitHubReleasesJson.ps1 should match function name" name="Module Function validation.C:\projects\evergreen\Evergreen\Private\ConvertFrom-GitHubReleasesJson.ps1 should match function name" time="0.018" asserts="0" success="True" result="Success" executed="True" />
                  <test-case description="C:\projects\evergreen\Evergreen\Private\ConvertFrom-SourceForgeReleasesJson.ps1 should match function name" name="Module Function validation.C:\projects\evergreen\Evergreen\Private\ConvertFrom-SourceForgeReleasesJson.ps1 should match function name" time="0.0063" asserts="0" success="True" result="Success" executed="True" />
                  <test-case description="C:\projects\evergreen\Evergreen\Private\ConvertTo-DateTime.ps1 should match function name" name="Module Function validation.C:\projects\evergreen\Evergreen\Private\ConvertTo-DateTime.ps1 should match function name" time="0.0056" asserts="0" success="True" result="Success" executed="True" />
                  <test-case description="C:\projects\evergreen\Evergreen\Private\ConvertTo-Hashtable.ps1 should match function name" name="Module Function validation.C:\projects\evergreen\Evergreen\Private\ConvertTo-Hashtable.ps1 should match function name" time="0.0058" asserts="0" success="True" result="Success" executed="True" />
                  <test-case description="C:\projects\evergreen\Evergreen\Private\Get-Architecture.ps1 should match function name" name="Module Function validation.C:\projects\evergreen\Evergreen\Private\Get-Architecture.ps1 should match function name" time="0.0059" asserts="0" success="True" result="Success" executed="True" />
                  <test-case description="C:\projects\evergreen\Evergreen\Private\Get-CitrixRssFeed.ps1 should match function name" name="Module Function validation.C:\projects\evergreen\Evergreen\Private\Get-CitrixRssFeed.ps1 should match function name" time="0.006" asserts="0" success="True" result="Success" executed="True" />
                  <test-case description="C:\projects\evergreen\Evergreen\Private\Get-FunctionResource.ps1 should match function name" name="Module Function validation.C:\projects\evergreen\Evergreen\Private\Get-FunctionResource.ps1 should match function name" time="0.0068" asserts="0" success="True" result="Success" executed="True" />
                  <test-case description="C:\projects\evergreen\Evergreen\Private\Get-ModuleResource.ps1 should match function name" name="Module Function validation.C:\projects\evergreen\Evergreen\Private\Get-ModuleResource.ps1 should match function name" time="0.0066" asserts="0" success="True" result="Success" executed="True" />
                  <test-case description="C:\projects\evergreen\Evergreen\Private\Get-Platform.ps1 should match function name" name="Module Function validation.C:\projects\evergreen\Evergreen\Private\Get-Platform.ps1 should match function name" time="0.0062" asserts="0" success="True" result="Success" executed="True" />
                  <test-case description="C:\projects\evergreen\Evergreen\Private\Invoke-SystemNetRequest.ps1 should match function name" name="Module Function validation.C:\projects\evergreen\Evergreen\Private\Invoke-SystemNetRequest.ps1 should match function name" time="0.0066" asserts="0" success="True" result="Success" executed="True" />
                  <test-case description="C:\projects\evergreen\Evergreen\Private\Invoke-WebContent.ps1 should match function name" name="Module Function validation.C:\projects\evergreen\Evergreen\Private\Invoke-WebContent.ps1 should match function name" time="0.0105" asserts="0" success="True" result="Success" executed="True" />
                  <test-case description="C:\projects\evergreen\Evergreen\Private\Resolve-RedirectedUri.ps1 should match function name" name="Module Function validation.C:\projects\evergreen\Evergreen\Private\Resolve-RedirectedUri.ps1 should match function name" time="0.0059" asserts="0" success="True" result="Success" executed="True" />
                  <test-case description="C:\projects\evergreen\Evergreen\Private\Resolve-Uri.ps1 should match function name" name="Module Function validation.C:\projects\evergreen\Evergreen\Private\Resolve-Uri.ps1 should match function name" time="0.0063" asserts="0" success="True" result="Success" executed="True" />
                  <test-case description="C:\projects\evergreen\Evergreen\Private\Test-PSCore.ps1 should match function name" name="Module Function validation.C:\projects\evergreen\Evergreen\Private\Test-PSCore.ps1 should match function name" time="0.0087" asserts="0" success="True" result="Success" executed="True" />
                  <test-case description="C:\projects\evergreen\Evergreen\Public\Export-EvergreenFunctionStrings.ps1 should match function name" name="Module Function validation.C:\projects\evergreen\Evergreen\Public\Export-EvergreenFunctionStrings.ps1 should match function name" time="0.0054" asserts="0" success="True" result="Success" executed="True" />
                  <test-case description="C:\projects\evergreen\Evergreen\Public\Export-EvergreenResourceStrings.ps1 should match function name" name="Module Function validation.C:\projects\evergreen\Evergreen\Public\Export-EvergreenResourceStrings.ps1 should match function name" time="0.0059" asserts="0" success="True" result="Success" executed="True" />
                  <test-case description="C:\projects\evergreen\Evergreen\Public\Get-7zip.ps1 should match function name" name="Module Function validation.C:\projects\evergreen\Evergreen\Public\Get-7zip.ps1 should match function name" time="0.0056" asserts="0" success="True" result="Success" executed="True" />
                  <test-case description="C:\projects\evergreen\Evergreen\Public\Get-AdobeAcrobatReaderDC.ps1 should match function name" name="Module Function validation.C:\projects\evergreen\Evergreen\Public\Get-AdobeAcrobatReaderDC.ps1 should match function name" time="0.0063" asserts="0" success="True" result="Success" executed="True" />
                  <test-case description="C:\projects\evergreen\Evergreen\Public\Get-Atom.ps1 should match function name" name="Module Function validation.C:\projects\evergreen\Evergreen\Public\Get-Atom.ps1 should match function name" time="0.0065" asserts="0" success="True" result="Success" executed="True" />
[...]
                  <test-case description="Get-VideoLanVlcPlayer: [3.0.8] is a valid version number" name="Test.Validate Get-VideoLanVlcPlayer.Get-VideoLanVlcPlayer: [3.0.8] is a valid version number" time="0.0019" asserts="0" success="True" result="Success" executed="True" />
                  <test-case description="Get-VideoLanVlcPlayer: [3.0.8] is a valid version number" name="Test.Validate Get-VideoLanVlcPlayer.Get-VideoLanVlcPlayer: [3.0.8] is a valid version number" time="0.0019" asserts="0" success="True" result="Success" executed="True" />
                  <test-case description="Get-VideoLanVlcPlayer: [3.0.8] is a valid version number" name="Test.Validate Get-VideoLanVlcPlayer.Get-VideoLanVlcPlayer: [3.0.8] is a valid version number" time="0.0019" asserts="0" success="True" result="Success" executed="True" />
                  <test-case description="Get-VideoLanVlcPlayer: [3.0.8] is a valid version number" name="Test.Validate Get-VideoLanVlcPlayer.Get-VideoLanVlcPlayer: [3.0.8] is a valid version number" time="0.0043" asserts="0" success="True" result="Success" executed="True" />
                  <test-case description="Get-VideoLanVlcPlayer: [3.0.8] is a valid version number" name="Test.Validate Get-VideoLanVlcPlayer.Get-VideoLanVlcPlayer: [3.0.8] is a valid version number" time="0.002" asserts="0" success="True" result="Success" executed="True" />
                  <test-case description="Get-VideoLanVlcPlayer: [3.0.8] is a valid version number" name="Test.Validate Get-VideoLanVlcPlayer.Get-VideoLanVlcPlayer: [3.0.8] is a valid version number" time="0.0021" asserts="0" success="True" result="Success" executed="True" />
                  <test-case description="Get-VideoLanVlcPlayer: URI is a valid URL" name="Test.Validate Get-VideoLanVlcPlayer.Get-VideoLanVlcPlayer: URI is a valid URL" time="0.0021" asserts="0" success="True" result="Success" executed="True" />
                  <test-case description="Get-VideoLanVlcPlayer: [vlc-3.0.8.dmg] is a valid download target" name="Test.Validate Get-VideoLanVlcPlayer.Get-VideoLanVlcPlayer: [vlc-3.0.8.dmg] is a valid download target" time="0.3166" asserts="0" success="True" result="Success" executed="True" />
                  <test-case description="Get-VideoLanVlcPlayer: URI is a valid URL" name="Test.Validate Get-VideoLanVlcPlayer.Get-VideoLanVlcPlayer: URI is a valid URL" time="0.0019" asserts="0" success="True" result="Success" executed="True" />
                  <test-case description="Get-VideoLanVlcPlayer: [vlc-3.0.8-win32.exe] is a valid download target" name="Test.Validate Get-VideoLanVlcPlayer.Get-VideoLanVlcPlayer: [vlc-3.0.8-win32.exe] is a valid download target" time="0.1355" asserts="0" success="True" result="Success" executed="True" />
                  <test-case description="Get-VideoLanVlcPlayer: URI is a valid URL" name="Test.Validate Get-VideoLanVlcPlayer.Get-VideoLanVlcPlayer: URI is a valid URL" time="0.0024" asserts="0" success="True" result="Success" executed="True" />
                  <test-case description="Get-VideoLanVlcPlayer: [vlc-3.0.8-win32.msi] is a valid download target" name="Test.Validate Get-VideoLanVlcPlayer.Get-VideoLanVlcPlayer: [vlc-3.0.8-win32.msi] is a valid download target" time="0.0178" asserts="0" success="True" result="Success" executed="True" />
                  <test-case description="Get-VideoLanVlcPlayer: URI is a valid URL" name="Test.Validate Get-VideoLanVlcPlayer.Get-VideoLanVlcPlayer: URI is a valid URL" time="0.002" asserts="0" success="True" result="Success" executed="True" />
                  <test-case description="Get-VideoLanVlcPlayer: [vlc-3.0.8-win32.zip] is a valid download target" name="Test.Validate Get-VideoLanVlcPlayer.Get-VideoLanVlcPlayer: [vlc-3.0.8-win32.zip] is a valid download target" time="0.0468" asserts="0" success="True" result="Success" executed="True" />
                  <test-case description="Get-VideoLanVlcPlayer: URI is a valid URL" name="Test.Validate Get-VideoLanVlcPlayer.Get-VideoLanVlcPlayer: URI is a valid URL" time="0.002" asserts="0" success="True" result="Success" executed="True" />
                  <test-case description="Get-VideoLanVlcPlayer: [vlc-3.0.8-win64.exe] is a valid download target" name="Test.Validate Get-VideoLanVlcPlayer.Get-VideoLanVlcPlayer: [vlc-3.0.8-win64.exe] is a valid download target" time="0.2633" asserts="0" success="True" result="Success" executed="True" />
                  <test-case description="Get-VideoLanVlcPlayer: URI is a valid URL" name="Test.Validate Get-VideoLanVlcPlayer.Get-VideoLanVlcPlayer: URI is a valid URL" time="0.0021" asserts="0" success="True" result="Success" executed="True" />
                  <test-case description="Get-VideoLanVlcPlayer: [vlc-3.0.8-win64.msi] is a valid download target" name="Test.Validate Get-VideoLanVlcPlayer.Get-VideoLanVlcPlayer: [vlc-3.0.8-win64.msi] is a valid download target" time="0.2422" asserts="0" success="True" result="Success" executed="True" />
                  <test-case description="Get-VideoLanVlcPlayer: URI is a valid URL" name="Test.Validate Get-VideoLanVlcPlayer.Get-VideoLanVlcPlayer: URI is a valid URL" time="0.0021" asserts="0" success="True" result="Success" executed="True" />
                  <test-case description="Get-VideoLanVlcPlayer: [vlc-3.0.8-win64.zip] is a valid download target" name="Test.Validate Get-VideoLanVlcPlayer.Get-VideoLanVlcPlayer: [vlc-3.0.8-win64.zip] is a valid download target" time="0.2434" asserts="0" success="True" result="Success" executed="True" />
                </results>
              </test-suite>
              <test-suite type="TestFixture" name="Validate Get-VMwareTools" executed="True" result="Success" success="True" time="0.3766" asserts="0" description="Validate Get-VMwareTools">
                <results>
                  <test-case description="Get-VMwareTools: Fuction returns something" name="Test.Validate Get-VMwareTools.Get-VMwareTools: Fuction returns something" time="0.0036" asserts="0" success="True" result="Success" executed="True" />
                  <test-case description="Get-VMwareTools: Function returns the expected output type" name="Test.Validate Get-VMwareTools.Get-VMwareTools: Function returns the expected output type" time="0.0027" asserts="0" success="True" result="Success" executed="True" />
                  <test-case description="Get-VMwareTools: [10.3.10] is a valid version number" name="Test.Validate Get-VMwareTools.Get-VMwareTools: [10.3.10] is a valid version number" time="0.0023" asserts="0" success="True" result="Success" executed="True" />
                  <test-case description="Get-VMwareTools: URI is a valid URL" name="Test.Validate Get-VMwareTools.Get-VMwareTools: URI is a valid URL" time="0.0024" asserts="0" success="True" result="Success" executed="True" />
                  <test-case description="Get-VMwareTools: [VMware-tools-10.3.10-12406962-x86_64.exe] is a valid download target" name="Test.Validate Get-VMwareTools.Get-VMwareTools: [VMware-tools-10.3.10-12406962-x86_64.exe] is a valid download target" time="0.1291" asserts="0" success="True" result="Success" executed="True" />
                </results>
              </test-suite>
              <test-suite type="TestFixture" name="Validate Get-WinMerge" executed="True" result="Success" success="True" time="1.1364" asserts="0" description="Validate Get-WinMerge">
                <results>
                  <test-case description="Get-WinMerge: Fuction returns something" name="Test.Validate Get-WinMerge.Get-WinMerge: Fuction returns something" time="0.002" asserts="0" success="True" result="Success" executed="True" />
                  <test-case description="Get-WinMerge: Function returns the expected output type" name="Test.Validate Get-WinMerge.Get-WinMerge: Function returns the expected output type" time="0.0023" asserts="0" success="True" result="Success" executed="True" />
                  <test-case description="Get-WinMerge: [2.16.6] is a valid version number" name="Test.Validate Get-WinMerge.Get-WinMerge: [2.16.6] is a valid version number" time="0.002" asserts="0" success="True" result="Success" executed="True" />
                  <test-case description="Get-WinMerge: URI is a valid URL" name="Test.Validate Get-WinMerge.Get-WinMerge: URI is a valid URL" time="0.0021" asserts="0" success="True" result="Success" executed="True" />
                  <test-case description="Get-WinMerge: [WinMerge-2.16.6-x64-Setup_no_support_for_per-user_installation.exe] is a valid download target" name="Test.Validate Get-WinMerge.Get-WinMerge: [WinMerge-2.16.6-x64-Setup_no_support_for_per-user_installation.exe] is a valid download target" time="0.9537" asserts="0" success="True" result="Success" executed="True" />
                </results>
              </test-suite>
              <test-suite type="TestFixture" name="Validate Get-Zoom" executed="True" result="Success" success="True" time="7.8169" asserts="0" description="Validate Get-Zoom">
                <results>
                  <test-case description="Get-Zoom: Fuction returns something" name="Test.Validate Get-Zoom.Get-Zoom: Fuction returns something" time="0.0023" asserts="0" success="True" result="Success" executed="True" />
                  <test-case description="Get-Zoom: Function returns the expected output type" name="Test.Validate Get-Zoom.Get-Zoom: Function returns the expected output type" time="0.0087" asserts="0" success="True" result="Success" executed="True" />
                  <test-case description="Get-Zoom: [4.6.18374] is a valid version number" name="Test.Validate Get-Zoom.Get-Zoom: [4.6.18374] is a valid version number" time="0.0021" asserts="0" success="True" result="Success" executed="True" />
                  <test-case description="Get-Zoom: [4.7.52180] is a valid version number" name="Test.Validate Get-Zoom.Get-Zoom: [4.7.52180] is a valid version number" time="0.0023" asserts="0" success="True" result="Success" executed="True" />
                  <test-case description="Get-Zoom: [4.6.20613] is a valid version number" name="Test.Validate Get-Zoom.Get-Zoom: [4.6.20613] is a valid version number" time="0.002" asserts="0" success="True" result="Success" executed="True" />
                  <test-case description="Get-Zoom: [4.6.20613] is a valid version number" name="Test.Validate Get-Zoom.Get-Zoom: [4.6.20613] is a valid version number" time="0.0019" asserts="0" success="True" result="Success" executed="True" />
                  <test-case description="Get-Zoom: [4.8.20547] is a valid version number" name="Test.Validate Get-Zoom.Get-Zoom: [4.8.20547] is a valid version number" time="0.0019" asserts="0" success="True" result="Success" executed="True" />
                  <test-case description="Get-Zoom: [4.8.13207] is a valid version number" name="Test.Validate Get-Zoom.Get-Zoom: [4.8.13207] is a valid version number" time="0.0019" asserts="0" success="True" result="Success" executed="True" />
                  <test-case description="Get-Zoom: [Unknown] is a valid version number" name="Test.Validate Get-Zoom.Get-Zoom: [Unknown] is a valid version number" time="0.0021" asserts="0" success="True" result="Success" executed="True" />
                  <test-case description="Get-Zoom: [Unknown] is a valid version number" name="Test.Validate Get-Zoom.Get-Zoom: [Unknown] is a valid version number" time="0.002" asserts="0" success="True" result="Success" executed="True" />
                  <test-case description="Get-Zoom: [Unknown] is a valid version number" name="Test.Validate Get-Zoom.Get-Zoom: [Unknown] is a valid version number" time="0.002" asserts="0" success="True" result="Success" executed="True" />
                  <test-case description="Get-Zoom: [Unknown] is a valid version number" name="Test.Validate Get-Zoom.Get-Zoom: [Unknown] is a valid version number" time="0.0022" asserts="0" success="True" result="Success" executed="True" />
                  <test-case description="Get-Zoom: [Unknown] is a valid version number" name="Test.Validate Get-Zoom.Get-Zoom: [Unknown] is a valid version number" time="0.002" asserts="0" success="True" result="Success" executed="True" />
                  <test-case description="Get-Zoom: [Unknown] is a valid version number" name="Test.Validate Get-Zoom.Get-Zoom: [Unknown] is a valid version number" time="0.002" asserts="0" success="True" result="Success" executed="True" />
                  <test-case description="Get-Zoom: [Unknown] is a valid version number" name="Test.Validate Get-Zoom.Get-Zoom: [Unknown] is a valid version number" time="0.0022" asserts="0" success="True" result="Success" executed="True" />
                  <test-case description="Get-Zoom: [Unknown] is a valid version number" name="Test.Validate Get-Zoom.Get-Zoom: [Unknown] is a valid version number" time="0.0019" asserts="0" success="True" result="Success" executed="True" />
                  <test-case description="Get-Zoom: URI is a valid URL" name="Test.Validate Get-Zoom.Get-Zoom: URI is a valid URL" time="0.0019" asserts="0" success="True" result="Success" executed="True" />
                  <test-case description="Get-Zoom: [ZoomRooms.exe] is a valid download target" name="Test.Validate Get-Zoom.Get-Zoom: [ZoomRooms.exe] is a valid download target" time="0.0555" asserts="0" success="True" result="Success" executed="True" />
                  <test-case description="Get-Zoom: URI is a valid URL" name="Test.Validate Get-Zoom.Get-Zoom: URI is a valid URL" time="0.0019" asserts="0" success="True" result="Success" executed="True" />
                  <test-case description="Get-Zoom: [ZoomNotesPluginSetup.msi] is a valid download target" name="Test.Validate Get-Zoom.Get-Zoom: [ZoomNotesPluginSetup.msi] is a valid download target" time="0.0295" asserts="0" success="True" result="Success" executed="True" />
                  <test-case description="Get-Zoom: URI is a valid URL" name="Test.Validate Get-Zoom.Get-Zoom: URI is a valid URL" time="0.002" asserts="0" success="True" result="Success" executed="True" />
                  <test-case description="Get-Zoom: [ZoomInstaller.exe] is a valid download target" name="Test.Validate Get-Zoom.Get-Zoom: [ZoomInstaller.exe] is a valid download target" time="0.0161" asserts="0" success="True" result="Success" executed="True" />
                  <test-case description="Get-Zoom: URI is a valid URL" name="Test.Validate Get-Zoom.Get-Zoom: URI is a valid URL" time="0.0021" asserts="0" success="True" result="Success" executed="True" />
                  <test-case description="Get-Zoom: [ZoomInstallerFull.msi] is a valid download target" name="Test.Validate Get-Zoom.Get-Zoom: [ZoomInstallerFull.msi] is a valid download target" time="0.0221" asserts="0" success="True" result="Success" executed="True" />
                  <test-case description="Get-Zoom: URI is a valid URL" name="Test.Validate Get-Zoom.Get-Zoom: URI is a valid URL" time="0.0021" asserts="0" success="True" result="Success" executed="True" />
                  <test-case description="Get-Zoom: [ZoomOutlookPluginSetup.msi] is a valid download target" name="Test.Validate Get-Zoom.Get-Zoom: [ZoomOutlookPluginSetup.msi] is a valid download target" time="0.014" asserts="0" success="True" result="Success" executed="True" />
                  <test-case description="Get-Zoom: URI is a valid URL" name="Test.Validate Get-Zoom.Get-Zoom: URI is a valid URL" time="0.0021" asserts="0" success="True" result="Success" executed="True" />
                  <test-case description="Get-Zoom: [ZoomLyncPluginSetup.msi] is a valid download target" name="Test.Validate Get-Zoom.Get-Zoom: [ZoomLyncPluginSetup.msi] is a valid download target" time="0.0151" asserts="0" success="True" result="Success" executed="True" />
                  <test-case description="Get-Zoom: URI is a valid URL" name="Test.Validate Get-Zoom.Get-Zoom: URI is a valid URL" time="0.0019" asserts="0" success="True" result="Success" executed="True" />
                  <test-case description="Get-Zoom: [zoomcitrixplugin_library_RP5.zip] is a valid download target" name="Test.Validate Get-Zoom.Get-Zoom: [zoomcitrixplugin_library_RP5.zip] is a valid download target" time="0.0155" asserts="0" success="True" result="Success" executed="True" />
                  <test-case description="Get-Zoom: URI is a valid URL" name="Test.Validate Get-Zoom.Get-Zoom: URI is a valid URL" time="0.002" asserts="0" success="True" result="Success" executed="True" />
                  <test-case description="Get-Zoom: [ZoomInstallerVDI.msi] is a valid download target" name="Test.Validate Get-Zoom.Get-Zoom: [ZoomInstallerVDI.msi] is a valid download target" time="0.0135" asserts="0" success="True" result="Success" executed="True" />
                  <test-case description="Get-Zoom: URI is a valid URL" name="Test.Validate Get-Zoom.Get-Zoom: URI is a valid URL" time="0.002" asserts="0" success="True" result="Success" executed="True" />
                  <test-case description="Get-Zoom: [zoomcitrixplugin-hp_amd64.deb] is a valid download target" name="Test.Validate Get-Zoom.Get-Zoom: [zoomcitrixplugin-hp_amd64.deb] is a valid download target" time="2.3236" asserts="0" success="True" result="Success" executed="True" />
                  <test-case description="Get-Zoom: URI is a valid URL" name="Test.Validate Get-Zoom.Get-Zoom: URI is a valid URL" time="0.0022" asserts="0" success="True" result="Success" executed="True" />
                  <test-case description="Get-Zoom: [zoomcitrixplugin-igel_64.zip] is a valid download target" name="Test.Validate Get-Zoom.Get-Zoom: [zoomcitrixplugin-igel_64.zip] is a valid download target" time="0.0177" asserts="0" success="True" result="Success" executed="True" />
                  <test-case description="Get-Zoom: URI is a valid URL" name="Test.Validate Get-Zoom.Get-Zoom: URI is a valid URL" time="0.0021" asserts="0" success="True" result="Success" executed="True" />
                  <test-case description="Get-Zoom: [zoomcitrixplugin-hp_i386.deb] is a valid download target" name="Test.Validate Get-Zoom.Get-Zoom: [zoomcitrixplugin-hp_i386.deb] is a valid download target" time="0.0206" asserts="0" success="True" result="Success" executed="True" />
                  <test-case description="Get-Zoom: URI is a valid URL" name="Test.Validate Get-Zoom.Get-Zoom: URI is a valid URL" time="0.0045" asserts="0" success="True" result="Success" executed="True" />
                  <test-case description="Get-Zoom: [ZoomCitrixHDXMediaPlugin.msi] is a valid download target" name="Test.Validate Get-Zoom.Get-Zoom: [ZoomCitrixHDXMediaPlugin.msi] is a valid download target" time="0.0311" asserts="0" success="True" result="Success" executed="True" />
                  <test-case description="Get-Zoom: URI is a valid URL" name="Test.Validate Get-Zoom.Get-Zoom: URI is a valid URL" time="0.002" asserts="0" success="True" result="Success" executed="True" />
                  <test-case description="Get-Zoom: [zoomcitrixplugin_library_RP6.zip] is a valid download target" name="Test.Validate Get-Zoom.Get-Zoom: [zoomcitrixplugin_library_RP6.zip] is a valid download target" time="0.018" asserts="0" success="True" result="Success" executed="True" />
                  <test-case description="Get-Zoom: URI is a valid URL" name="Test.Validate Get-Zoom.Get-Zoom: URI is a valid URL" time="0.0019" asserts="0" success="True" result="Success" executed="True" />
                  <test-case description="Get-Zoom: [ZoomVmwareMediaPlugin.msi] is a valid download target" name="Test.Validate Get-Zoom.Get-Zoom: [ZoomVmwareMediaPlugin.msi] is a valid download target" time="0.0166" asserts="0" success="True" result="Success" executed="True" />
                </results>
              </test-suite>
            </results>
          </test-suite>
        </results>
      </test-suite>
    </results>
  </test-suite>
</test-results>