<?xml version="1.0" encoding="UTF-8" standalone="no"?>
<!DOCTYPE report PUBLIC "-//JACOCO//DTD Report 1.1//EN" "report.dtd"[]>
<report name="Pester (11/28/2022 03:28:00)">
  <sessioninfo id="this" start="1669605011255" dump="1669606080076" />
  <package name="Evergreen/Apps">
    <class name="Evergreen/Apps/Get-1Password" sourcefilename="Apps/Get-1Password.ps1">
      <method name="Get-1Password" desc="()" line="17">
        <counter type="INSTRUCTION" missed="9" covered="14" />
        <counter type="LINE" missed="3" covered="11" />
        <counter type="METHOD" missed="1" covered="0" />
      </method>
      <counter type="INSTRUCTION" missed="9" covered="14" />
      <counter type="LINE" missed="3" covered="11" />
      <counter type="METHOD" missed="1" covered="0" />
      <counter type="CLASS" missed="1" covered="0" />
    </class>
    <class name="Evergreen/Apps/Get-1Password7" sourcefilename="Apps/Get-1Password7.ps1">
      <method name="Get-1Password7" desc="()" line="17">
        <counter type="INSTRUCTION" missed="6" covered="16" />
        <counter type="LINE" missed="2" covered="12" />
        <counter type="METHOD" missed="1" covered="0" />
      </method>
      <counter type="INSTRUCTION" missed="6" covered="16" />
      <counter type="LINE" missed="2" covered="12" />
      <counter type="METHOD" missed="1" covered="0" />
      <counter type="CLASS" missed="1" covered="0" />
    </class>
    <class name="Evergreen/Apps/Get-7zip" sourcefilename="Apps/Get-7zip.ps1">
      <method name="Get-7zip" desc="()" line="17">
        <counter type="INSTRUCTION" missed="3" covered="6" />
        <counter type="LINE" missed="1" covered="6" />
        <counter type="METHOD" missed="1" covered="0" />
      </method>
      <counter type="INSTRUCTION" missed="3" covered="6" />
      <counter type="LINE" missed="1" covered="6" />
      <counter type="METHOD" missed="1" covered="0" />
      <counter type="CLASS" missed="1" covered="0" />
    </class>
    <class name="Evergreen/Apps/Get-7ZipZS" sourcefilename="Apps/Get-7ZipZS.ps1">
      <method name="Get-7ZipZS" desc="()" line="17">
        <counter type="INSTRUCTION" missed="3" covered="6" />
        <counter type="LINE" missed="1" covered="6" />
        <counter type="METHOD" missed="1" covered="0" />
      </method>
      <counter type="INSTRUCTION" missed="3" covered="6" />
      <counter type="LINE" missed="1" covered="6" />
      <counter type="METHOD" missed="1" covered="0" />
      <counter type="CLASS" missed="1" covered="0" />
    </class>
    <class name="Evergreen/Apps/Get-AdobeAcrobat" sourcefilename="Apps/Get-AdobeAcrobat.ps1">
      <method name="Get-AdobeAcrobat" desc="()" line="16">
        <counter type="INSTRUCTION" missed="6" covered="55" />
        <counter type="LINE" missed="2" covered="30" />
        <counter type="METHOD" missed="1" covered="0" />
      </method>
      <counter type="INSTRUCTION" missed="6" covered="55" />
      <counter type="LINE" missed="2" covered="30" />
      <counter type="METHOD" missed="1" covered="0" />
      <counter type="CLASS" missed="1" covered="0" />
    </class>
    <class name="Evergreen/Apps/Get-AdobeAcrobatDC" sourcefilename="Apps/Get-AdobeAcrobatDC.ps1">
      <method name="Get-AdobeAcrobatDC" desc="()" line="19">
        <counter type="INSTRUCTION" missed="11" covered="26" />
        <counter type="LINE" missed="5" covered="19" />
        <counter type="METHOD" missed="1" covered="0" />
      </method>
      <counter type="INSTRUCTION" missed="11" covered="26" />
      <counter type="LINE" missed="5" covered="19" />
      <counter type="METHOD" missed="1" covered="0" />
      <counter type="CLASS" missed="1" covered="0" />
    </class>
    <class name="Evergreen/Apps/Get-AdobeAcrobatProStdDC" sourcefilename="Apps/Get-AdobeAcrobatProStdDC.ps1">
      <method name="Get-AdobeAcrobatProStdDC" desc="()" line="19">
        <counter type="INSTRUCTION" missed="3" covered="12" />
        <counter type="LINE" missed="1" covered="12" />
        <counter type="METHOD" missed="1" covered="0" />
      </method>
      <counter type="INSTRUCTION" missed="3" covered="12" />
      <counter type="LINE" missed="1" covered="12" />
      <counter type="METHOD" missed="1" covered="0" />
      <counter type="CLASS" missed="1" covered="0" />
    </class>
    <class name="Evergreen/Apps/Get-AdobeAcrobatReaderDC" sourcefilename="Apps/Get-AdobeAcrobatReaderDC.ps1">
      <method name="Get-AdobeAcrobatReaderDC" desc="()" line="19">
        <counter type="INSTRUCTION" missed="12" covered="24" />
        <counter type="LINE" missed="4" covered="19" />
        <counter type="METHOD" missed="1" covered="0" />
      </method>
      <counter type="INSTRUCTION" missed="12" covered="24" />
      <counter type="LINE" missed="4" covered="19" />
      <counter type="METHOD" missed="1" covered="0" />
      <counter type="CLASS" missed="1" covered="0" />
    </class>
    <class name="Evergreen/Apps/Get-AdobeBrackets" sourcefilename="Apps/Get-AdobeBrackets.ps1">
      <method name="Get-AdobeBrackets" desc="()" line="17">
        <counter type="INSTRUCTION" missed="3" covered="6" />
        <counter type="LINE" missed="1" covered="6" />
        <counter type="METHOD" missed="1" covered="0" />
      </method>
      <counter type="INSTRUCTION" missed="3" covered="6" />
      <counter type="LINE" missed="1" covered="6" />
      <counter type="METHOD" missed="1" covered="0" />
      <counter type="CLASS" missed="1" covered="0" />
    </class>
    <class name="Evergreen/Apps/Get-AdobeConnect" sourcefilename="Apps/Get-AdobeConnect.ps1">
      <method name="Get-AdobeConnect" desc="()" line="13">
        <counter type="INSTRUCTION" missed="4" covered="20" />
        <counter type="LINE" missed="2" covered="13" />
        <counter type="METHOD" missed="1" covered="0" />
      </method>
      <counter type="INSTRUCTION" missed="4" covered="20" />
      <counter type="LINE" missed="2" covered="13" />
      <counter type="METHOD" missed="1" covered="0" />
      <counter type="CLASS" missed="1" covered="0" />
    </class>
    <class name="Evergreen/Apps/Get-AdoptiumTemurin11" sourcefilename="Apps/Get-AdoptiumTemurin11.ps1">
      <method name="Get-AdoptiumTemurin11" desc="()" line="13">
        <counter type="INSTRUCTION" missed="3" covered="15" />
        <counter type="LINE" missed="1" covered="12" />
        <counter type="METHOD" missed="1" covered="0" />
      </method>
      <counter type="INSTRUCTION" missed="3" covered="15" />
      <counter type="LINE" missed="1" covered="12" />
      <counter type="METHOD" missed="1" covered="0" />
      <counter type="CLASS" missed="1" covered="0" />
    </class>
    <class name="Evergreen/Apps/Get-AdoptiumTemurin16" sourcefilename="Apps/Get-AdoptiumTemurin16.ps1">
      <method name="Get-AdoptiumTemurin16" desc="()" line="13">
        <counter type="INSTRUCTION" missed="3" covered="15" />
        <counter type="LINE" missed="1" covered="12" />
        <counter type="METHOD" missed="1" covered="0" />
      </method>
      <counter type="INSTRUCTION" missed="3" covered="15" />
      <counter type="LINE" missed="1" covered="12" />
      <counter type="METHOD" missed="1" covered="0" />
      <counter type="CLASS" missed="1" covered="0" />
    </class>
    <class name="Evergreen/Apps/Get-AdoptiumTemurin17" sourcefilename="Apps/Get-AdoptiumTemurin17.ps1">
      <method name="Get-AdoptiumTemurin17" desc="()" line="13">
        <counter type="INSTRUCTION" missed="3" covered="15" />
        <counter type="LINE" missed="1" covered="12" />
        <counter type="METHOD" missed="1" covered="0" />
      </method>
      <counter type="INSTRUCTION" missed="3" covered="15" />
      <counter type="LINE" missed="1" covered="12" />
      <counter type="METHOD" missed="1" covered="0" />
      <counter type="CLASS" missed="1" covered="0" />
    </class>
    <class name="Evergreen/Apps/Get-AdoptiumTemurin18" sourcefilename="Apps/Get-AdoptiumTemurin18.ps1">
      <method name="Get-AdoptiumTemurin18" desc="()" line="13">
        <counter type="INSTRUCTION" missed="3" covered="15" />
        <counter type="LINE" missed="1" covered="12" />
        <counter type="METHOD" missed="1" covered="0" />
      </method>
      <counter type="INSTRUCTION" missed="3" covered="15" />
      <counter type="LINE" missed="1" covered="12" />
      <counter type="METHOD" missed="1" covered="0" />
      <counter type="CLASS" missed="1" covered="0" />
    </class>
    <class name="Evergreen/Apps/Get-AdoptiumTemurin8" sourcefilename="Apps/Get-AdoptiumTemurin8.ps1">
      <method name="Get-AdoptiumTemurin8" desc="()" line="13">
        <counter type="INSTRUCTION" missed="3" covered="15" />
        <counter type="LINE" missed="1" covered="12" />
        <counter type="METHOD" missed="1" covered="0" />
      </method>
      <counter type="INSTRUCTION" missed="3" covered="15" />
      <counter type="LINE" missed="1" covered="12" />
      <counter type="METHOD" missed="1" covered="0" />
      <counter type="CLASS" missed="1" covered="0" />
    </class>
    <class name="Evergreen/Apps/Get-AdoptOpenJDK11" sourcefilename="Apps/Get-AdoptOpenJDK11.ps1">
      <method name="Get-AdoptOpenJDK11" desc="()" line="13">
        <counter type="INSTRUCTION" missed="3" covered="6" />
        <counter type="LINE" missed="1" covered="6" />
        <counter type="METHOD" missed="1" covered="0" />
      </method>
      <counter type="INSTRUCTION" missed="3" covered="6" />
      <counter type="LINE" missed="1" covered="6" />
      <counter type="METHOD" missed="1" covered="0" />
      <counter type="CLASS" missed="1" covered="0" />
    </class>
    <class name="Evergreen/Apps/Get-AdoptOpenJDK16" sourcefilename="Apps/Get-AdoptOpenJDK16.ps1">
      <method name="Get-AdoptOpenJDK16" desc="()" line="13">
        <counter type="INSTRUCTION" missed="3" covered="6" />
        <counter type="LINE" missed="1" covered="6" />
        <counter type="METHOD" missed="1" covered="0" />
      </method>
      <counter type="INSTRUCTION" missed="3" covered="6" />
      <counter type="LINE" missed="1" covered="6" />
      <counter type="METHOD" missed="1" covered="0" />
      <counter type="CLASS" missed="1" covered="0" />
    </class>
    <class name="Evergreen/Apps/Get-AdoptOpenJDK8" sourcefilename="Apps/Get-AdoptOpenJDK8.ps1">
      <method name="Get-AdoptOpenJDK8" desc="()" line="13">
        <counter type="INSTRUCTION" missed="3" covered="6" />
        <counter type="LINE" missed="1" covered="6" />
        <counter type="METHOD" missed="1" covered="0" />
      </method>
      <counter type="INSTRUCTION" missed="3" covered="6" />
      <counter type="LINE" missed="1" covered="6" />
      <counter type="METHOD" missed="1" covered="0" />
      <counter type="CLASS" missed="1" covered="0" />
    </class>
    <class name="Evergreen/Apps/Get-AdoptOpenJDKIcedTeaWeb" sourcefilename="Apps/Get-AdoptOpenJDKIcedTeaWeb.ps1">
      <method name="Get-AdoptOpenJDKIcedTeaWeb" desc="()" line="14">
        <counter type="INSTRUCTION" missed="3" covered="6" />
        <counter type="LINE" missed="1" covered="6" />
        <counter type="METHOD" missed="1" covered="0" />
      </method>
      <counter type="INSTRUCTION" missed="3" covered="6" />
      <counter type="LINE" missed="1" covered="6" />
      <counter type="METHOD" missed="1" covered="0" />
      <counter type="CLASS" missed="1" covered="0" />
    </class>
    <class name="Evergreen/Apps/Get-AdoptOpenJDKSemuru11" sourcefilename="Apps/Get-AdoptOpenJDKSemuru11.ps1">
      <method name="Get-AdoptOpenJDKSemuru11" desc="()" line="13">
        <counter type="INSTRUCTION" missed="3" covered="6" />
        <counter type="LINE" missed="1" covered="6" />
        <counter type="METHOD" missed="1" covered="0" />
      </method>
      <counter type="INSTRUCTION" missed="3" covered="6" />
      <counter type="LINE" missed="1" covered="6" />
      <counter type="METHOD" missed="1" covered="0" />
      <counter type="CLASS" missed="1" covered="0" />
    </class>
    <class name="Evergreen/Apps/Get-AdoptOpenJDKSemuru17" sourcefilename="Apps/Get-AdoptOpenJDKSemuru17.ps1">
      <method name="Get-AdoptOpenJDKSemuru17" desc="()" line="13">
        <counter type="INSTRUCTION" missed="3" covered="6" />
        <counter type="LINE" missed="1" covered="6" />
        <counter type="METHOD" missed="1" covered="0" />
      </method>
      <counter type="INSTRUCTION" missed="3" covered="6" />
      <counter type="LINE" missed="1" covered="6" />
      <counter type="METHOD" missed="1" covered="0" />
      <counter type="CLASS" missed="1" covered="0" />
    </class>
    <class name="Evergreen/Apps/Get-AdoptOpenJDKSemuru18" sourcefilename="Apps/Get-AdoptOpenJDKSemuru18.ps1">
      <method name="Get-AdoptOpenJDKSemuru18" desc="()" line="13">
        <counter type="INSTRUCTION" missed="3" covered="6" />
        <counter type="LINE" missed="1" covered="6" />
        <counter type="METHOD" missed="1" covered="0" />
      </method>
      <counter type="INSTRUCTION" missed="3" covered="6" />
      <counter type="LINE" missed="1" covered="6" />
      <counter type="METHOD" missed="1" covered="0" />
      <counter type="CLASS" missed="1" covered="0" />
    </class>
    <class name="Evergreen/Apps/Get-AdoptOpenJDKSemuru8" sourcefilename="Apps/Get-AdoptOpenJDKSemuru8.ps1">
      <method name="Get-AdoptOpenJDKSemuru8" desc="()" line="13">
        <counter type="INSTRUCTION" missed="3" covered="6" />
        <counter type="LINE" missed="1" covered="6" />
        <counter type="METHOD" missed="1" covered="0" />
      </method>
      <counter type="INSTRUCTION" missed="3" covered="6" />
      <counter type="LINE" missed="1" covered="6" />
      <counter type="METHOD" missed="1" covered="0" />
      <counter type="CLASS" missed="1" covered="0" />
    </class>
    <class name="Evergreen/Apps/Get-AirtameApp" sourcefilename="Apps/Get-AirtameApp.ps1">
      <method name="Get-AirtameApp" desc="()" line="13">
        <counter type="INSTRUCTION" missed="3" covered="9" />
        <counter type="LINE" missed="1" covered="9" />
        <counter type="METHOD" missed="1" covered="0" />
      </method>
      <counter type="INSTRUCTION" missed="3" covered="9" />
      <counter type="LINE" missed="1" covered="9" />
      <counter type="METHOD" missed="1" covered="0" />
      <counter type="CLASS" missed="1" covered="0" />
    </class>
    <class name="Evergreen/Apps/Get-AkeoRufus" sourcefilename="Apps/Get-AkeoRufus.ps1">
      <method name="Get-AkeoRufus" desc="()" line="17">
        <counter type="INSTRUCTION" missed="3" covered="6" />
        <counter type="LINE" missed="1" covered="6" />
        <counter type="METHOD" missed="1" covered="0" />
      </method>
      <counter type="INSTRUCTION" missed="3" covered="6" />
      <counter type="LINE" missed="1" covered="6" />
      <counter type="METHOD" missed="1" covered="0" />
      <counter type="CLASS" missed="1" covered="0" />
    </class>
    <class name="Evergreen/Apps/Get-AmazonCorretto" sourcefilename="Apps/Get-AmazonCorretto.ps1">
      <method name="Get-AmazonCorretto" desc="()" line="16">
        <counter type="INSTRUCTION" missed="3" covered="16" />
        <counter type="LINE" missed="1" covered="13" />
        <counter type="METHOD" missed="1" covered="0" />
      </method>
      <counter type="INSTRUCTION" missed="3" covered="16" />
      <counter type="LINE" missed="1" covered="13" />
      <counter type="METHOD" missed="1" covered="0" />
      <counter type="CLASS" missed="1" covered="0" />
    </class>
    <class name="Evergreen/Apps/Get-Anaconda" sourcefilename="Apps/Get-Anaconda.ps1">
      <method name="Get-Anaconda" desc="()" line="16">
        <counter type="INSTRUCTION" missed="7" covered="26" />
        <counter type="LINE" missed="3" covered="19" />
        <counter type="METHOD" missed="1" covered="0" />
      </method>
      <counter type="INSTRUCTION" missed="7" covered="26" />
      <counter type="LINE" missed="3" covered="19" />
      <counter type="METHOD" missed="1" covered="0" />
      <counter type="CLASS" missed="1" covered="0" />
    </class>
    <class name="Evergreen/Apps/Get-Anki" sourcefilename="Apps/Get-Anki.ps1">
      <method name="Get-Anki" desc="()" line="16">
        <counter type="INSTRUCTION" missed="3" covered="7" />
        <counter type="LINE" missed="1" covered="7" />
        <counter type="METHOD" missed="1" covered="0" />
      </method>
      <counter type="INSTRUCTION" missed="3" covered="7" />
      <counter type="LINE" missed="1" covered="7" />
      <counter type="METHOD" missed="1" covered="0" />
      <counter type="CLASS" missed="1" covered="0" />
    </class>
    <class name="Evergreen/Apps/Get-AppVentiX" sourcefilename="Apps/Get-AppVentiX.ps1">
      <method name="Get-AppVentix" desc="()" line="16">
        <counter type="INSTRUCTION" missed="3" covered="10" />
        <counter type="LINE" missed="1" covered="10" />
        <counter type="METHOD" missed="1" covered="0" />
      </method>
      <counter type="INSTRUCTION" missed="3" covered="10" />
      <counter type="LINE" missed="1" covered="10" />
      <counter type="METHOD" missed="1" covered="0" />
      <counter type="CLASS" missed="1" covered="0" />
    </class>
    <class name="Evergreen/Apps/Get-ArtifexGhostscript" sourcefilename="Apps/Get-ArtifexGhostscript.ps1">
      <method name="Get-ArtifexGhostscript" desc="()" line="16">
        <counter type="INSTRUCTION" missed="3" covered="7" />
        <counter type="LINE" missed="1" covered="7" />
        <counter type="METHOD" missed="1" covered="0" />
      </method>
      <counter type="INSTRUCTION" missed="3" covered="7" />
      <counter type="LINE" missed="1" covered="7" />
      <counter type="METHOD" missed="1" covered="0" />
      <counter type="CLASS" missed="1" covered="0" />
    </class>
    <class name="Evergreen/Apps/Get-AtlassianSourcetree" sourcefilename="Apps/Get-AtlassianSourcetree.ps1">
      <method name="Get-AtlassianSourcetree" desc="()" line="16">
        <counter type="INSTRUCTION" missed="4" covered="12" />
        <counter type="LINE" missed="2" covered="12" />
        <counter type="METHOD" missed="1" covered="0" />
      </method>
      <counter type="INSTRUCTION" missed="4" covered="12" />
      <counter type="LINE" missed="2" covered="12" />
      <counter type="METHOD" missed="1" covered="0" />
      <counter type="CLASS" missed="1" covered="0" />
    </class>
    <class name="Evergreen/Apps/Get-Audacity" sourcefilename="Apps/Get-Audacity.ps1">
      <method name="Get-Audacity" desc="()" line="16">
        <counter type="INSTRUCTION" missed="3" covered="6" />
        <counter type="LINE" missed="1" covered="6" />
        <counter type="METHOD" missed="1" covered="0" />
      </method>
      <counter type="INSTRUCTION" missed="3" covered="6" />
      <counter type="LINE" missed="1" covered="6" />
      <counter type="METHOD" missed="1" covered="0" />
      <counter type="CLASS" missed="1" covered="0" />
    </class>
    <class name="Evergreen/Apps/Get-AutoDarkMode" sourcefilename="Apps/Get-AutoDarkMode.ps1">
      <method name="Get-AutoDarkMode" desc="()" line="16">
        <counter type="INSTRUCTION" missed="3" covered="6" />
        <counter type="LINE" missed="1" covered="6" />
        <counter type="METHOD" missed="1" covered="0" />
      </method>
      <counter type="INSTRUCTION" missed="3" covered="6" />
      <counter type="LINE" missed="1" covered="6" />
      <counter type="METHOD" missed="1" covered="0" />
      <counter type="CLASS" missed="1" covered="0" />
    </class>
    <class name="Evergreen/Apps/Get-AWSCLI" sourcefilename="Apps/Get-AWSCLI.ps1">
      <method name="Get-AWSCLI" desc="()" line="15">
        <counter type="INSTRUCTION" missed="3" covered="16" />
        <counter type="LINE" missed="1" covered="12" />
        <counter type="METHOD" missed="1" covered="0" />
      </method>
      <counter type="INSTRUCTION" missed="3" covered="16" />
      <counter type="LINE" missed="1" covered="12" />
      <counter type="METHOD" missed="1" covered="0" />
      <counter type="CLASS" missed="1" covered="0" />
    </class>
    <class name="Evergreen/Apps/Get-AWSSAMCLI" sourcefilename="Apps/Get-AWSSAMCLI.ps1">
      <method name="Get-AWSSAMCLI" desc="()" line="15">
        <counter type="INSTRUCTION" missed="3" covered="6" />
        <counter type="LINE" missed="1" covered="6" />
        <counter type="METHOD" missed="1" covered="0" />
      </method>
      <counter type="INSTRUCTION" missed="3" covered="6" />
      <counter type="LINE" missed="1" covered="6" />
      <counter type="METHOD" missed="1" covered="0" />
      <counter type="CLASS" missed="1" covered="0" />
    </class>
    <class name="Evergreen/Apps/Get-BeekeeperStudio" sourcefilename="Apps/Get-BeekeeperStudio.ps1">
      <method name="Get-BeekeeperStudio" desc="()" line="13">
        <counter type="INSTRUCTION" missed="3" covered="6" />
        <counter type="LINE" missed="1" covered="6" />
        <counter type="METHOD" missed="1" covered="0" />
      </method>
      <counter type="INSTRUCTION" missed="3" covered="6" />
      <counter type="LINE" missed="1" covered="6" />
      <counter type="METHOD" missed="1" covered="0" />
      <counter type="CLASS" missed="1" covered="0" />
    </class>
    <class name="Evergreen/Apps/Get-BISF" sourcefilename="Apps/Get-BISF.ps1">
      <method name="Get-BISF" desc="()" line="16">
        <counter type="INSTRUCTION" missed="3" covered="6" />
        <counter type="LINE" missed="1" covered="6" />
        <counter type="METHOD" missed="1" covered="0" />
      </method>
      <counter type="INSTRUCTION" missed="3" covered="6" />
      <counter type="LINE" missed="1" covered="6" />
      <counter type="METHOD" missed="1" covered="0" />
      <counter type="CLASS" missed="1" covered="0" />
    </class>
    <class name="Evergreen/Apps/Get-BitwardenDesktop" sourcefilename="Apps/Get-BitwardenDesktop.ps1">
      <method name="Get-BitwardenDesktop" desc="()" line="15">
        <counter type="INSTRUCTION" missed="6" covered="15" />
        <counter type="LINE" missed="3" covered="13" />
        <counter type="METHOD" missed="1" covered="0" />
      </method>
      <counter type="INSTRUCTION" missed="6" covered="15" />
      <counter type="LINE" missed="3" covered="13" />
      <counter type="METHOD" missed="1" covered="0" />
      <counter type="CLASS" missed="1" covered="0" />
    </class>
    <class name="Evergreen/Apps/Get-BlenderLauncher" sourcefilename="Apps/Get-BlenderLauncher.ps1">
      <method name="Get-BlenderLauncher" desc="()" line="16">
        <counter type="INSTRUCTION" missed="3" covered="6" />
        <counter type="LINE" missed="1" covered="6" />
        <counter type="METHOD" missed="1" covered="0" />
      </method>
      <counter type="INSTRUCTION" missed="3" covered="6" />
      <counter type="LINE" missed="1" covered="6" />
      <counter type="METHOD" missed="1" covered="0" />
      <counter type="CLASS" missed="1" covered="0" />
    </class>
    <class name="Evergreen/Apps/Get-BlueJ" sourcefilename="Apps/Get-BlueJ.ps1">
      <method name="Get-BlueJ" desc="()" line="16">
        <counter type="INSTRUCTION" missed="7" covered="13" />
        <counter type="LINE" missed="3" covered="12" />
        <counter type="METHOD" missed="1" covered="0" />
      </method>
      <counter type="INSTRUCTION" missed="7" covered="13" />
      <counter type="LINE" missed="3" covered="12" />
      <counter type="METHOD" missed="1" covered="0" />
      <counter type="CLASS" missed="1" covered="0" />
    </class>
    <class name="Evergreen/Apps/Get-CendioThinLinc" sourcefilename="Apps/Get-CendioThinLinc.ps1">
      <method name="Get-CendioThinLinc" desc="()" line="16">
        <counter type="INSTRUCTION" missed="3" covered="6" />
        <counter type="LINE" missed="1" covered="6" />
        <counter type="METHOD" missed="1" covered="0" />
      </method>
      <counter type="INSTRUCTION" missed="3" covered="6" />
      <counter type="LINE" missed="1" covered="6" />
      <counter type="METHOD" missed="1" covered="0" />
      <counter type="CLASS" missed="1" covered="0" />
    </class>
    <class name="Evergreen/Apps/Get-ChromiumChromeDriver" sourcefilename="Apps/Get-ChromiumChromeDriver.ps1">
      <method name="Get-ChromiumChromeDriver" desc="()" line="13">
        <counter type="INSTRUCTION" missed="3" covered="33" />
        <counter type="LINE" missed="1" covered="21" />
        <counter type="METHOD" missed="1" covered="0" />
      </method>
      <counter type="INSTRUCTION" missed="3" covered="33" />
      <counter type="LINE" missed="1" covered="21" />
      <counter type="METHOD" missed="1" covered="0" />
      <counter type="CLASS" missed="1" covered="0" />
    </class>
    <class name="Evergreen/Apps/Get-CitrixVMTools" sourcefilename="Apps/Get-CitrixVMTools.ps1">
      <method name="Get-CitrixVMTools" desc="()" line="20">
        <counter type="INSTRUCTION" missed="3" covered="14" />
        <counter type="LINE" missed="1" covered="14" />
        <counter type="METHOD" missed="1" covered="0" />
      </method>
      <counter type="INSTRUCTION" missed="3" covered="14" />
      <counter type="LINE" missed="1" covered="14" />
      <counter type="METHOD" missed="1" covered="0" />
      <counter type="CLASS" missed="1" covered="0" />
    </class>
    <class name="Evergreen/Apps/Get-CitrixWorkspaceApp" sourcefilename="Apps/Get-CitrixWorkspaceApp.ps1">
      <method name="Get-CitrixWorkspaceApp" desc="()" line="16">
        <counter type="INSTRUCTION" missed="4" covered="24" />
        <counter type="LINE" missed="1" covered="17" />
        <counter type="METHOD" missed="1" covered="0" />
      </method>
      <counter type="INSTRUCTION" missed="4" covered="24" />
      <counter type="LINE" missed="1" covered="17" />
      <counter type="METHOD" missed="1" covered="0" />
      <counter type="CLASS" missed="1" covered="0" />
    </class>
    <class name="Evergreen/Apps/Get-CodelerityApacheNetBeans" sourcefilename="Apps/Get-CodelerityApacheNetBeans.ps1">
      <method name="Get-CodelerityApacheNetBeans" desc="()" line="17">
        <counter type="INSTRUCTION" missed="3" covered="6" />
        <counter type="LINE" missed="1" covered="6" />
        <counter type="METHOD" missed="1" covered="0" />
      </method>
      <counter type="INSTRUCTION" missed="3" covered="6" />
      <counter type="LINE" missed="1" covered="6" />
      <counter type="METHOD" missed="1" covered="0" />
      <counter type="CLASS" missed="1" covered="0" />
    </class>
    <class name="Evergreen/Apps/Get-ConnectionExperienceIndicator" sourcefilename="Apps/Get-ConnectionExperienceIndicator.ps1">
      <method name="Get-ConnectionExperienceIndicator" desc="()" line="16">
        <counter type="INSTRUCTION" missed="3" covered="6" />
        <counter type="LINE" missed="1" covered="6" />
        <counter type="METHOD" missed="1" covered="0" />
      </method>
      <counter type="INSTRUCTION" missed="3" covered="6" />
      <counter type="LINE" missed="1" covered="6" />
      <counter type="METHOD" missed="1" covered="0" />
      <counter type="CLASS" missed="1" covered="0" />
    </class>
    <class name="Evergreen/Apps/Get-ControlUpAgent" sourcefilename="Apps/Get-ControlUpAgent.ps1">
      <method name="Get-ControlUpAgent" desc="()" line="16">
        <counter type="INSTRUCTION" missed="3" covered="15" />
        <counter type="LINE" missed="1" covered="9" />
        <counter type="METHOD" missed="1" covered="0" />
      </method>
      <counter type="INSTRUCTION" missed="3" covered="15" />
      <counter type="LINE" missed="1" covered="9" />
      <counter type="METHOD" missed="1" covered="0" />
      <counter type="CLASS" missed="1" covered="0" />
    </class>
    <class name="Evergreen/Apps/Get-ControlUpConsole" sourcefilename="Apps/Get-ControlUpConsole.ps1">
      <method name="Get-ControlUpConsole" desc="()" line="16">
        <counter type="INSTRUCTION" missed="3" covered="9" />
        <counter type="LINE" missed="1" covered="7" />
        <counter type="METHOD" missed="1" covered="0" />
      </method>
      <counter type="INSTRUCTION" missed="3" covered="9" />
      <counter type="LINE" missed="1" covered="7" />
      <counter type="METHOD" missed="1" covered="0" />
      <counter type="CLASS" missed="1" covered="0" />
    </class>
    <class name="Evergreen/Apps/Get-Cyberduck" sourcefilename="Apps/Get-Cyberduck.ps1">
      <method name="Get-Cyberduck" desc="()" line="17">
        <counter type="INSTRUCTION" missed="4" covered="17" />
        <counter type="LINE" missed="2" covered="14" />
        <counter type="METHOD" missed="1" covered="0" />
      </method>
      <counter type="INSTRUCTION" missed="4" covered="17" />
      <counter type="LINE" missed="2" covered="14" />
      <counter type="METHOD" missed="1" covered="0" />
      <counter type="CLASS" missed="1" covered="0" />
    </class>
    <class name="Evergreen/Apps/Get-dbeaver" sourcefilename="Apps/Get-dbeaver.ps1">
      <method name="Get-dbeaver" desc="()" line="16">
        <counter type="INSTRUCTION" missed="3" covered="6" />
        <counter type="LINE" missed="1" covered="6" />
        <counter type="METHOD" missed="1" covered="0" />
      </method>
      <counter type="INSTRUCTION" missed="3" covered="6" />
      <counter type="LINE" missed="1" covered="6" />
      <counter type="METHOD" missed="1" covered="0" />
      <counter type="CLASS" missed="1" covered="0" />
    </class>
    <class name="Evergreen/Apps/Get-DebaucheeBarrier" sourcefilename="Apps/Get-DebaucheeBarrier.ps1">
      <method name="Get-DebaucheeBarrier" desc="()" line="16">
        <counter type="INSTRUCTION" missed="3" covered="6" />
        <counter type="LINE" missed="1" covered="6" />
        <counter type="METHOD" missed="1" covered="0" />
      </method>
      <counter type="INSTRUCTION" missed="3" covered="6" />
      <counter type="LINE" missed="1" covered="6" />
      <counter type="METHOD" missed="1" covered="0" />
      <counter type="CLASS" missed="1" covered="0" />
    </class>
    <class name="Evergreen/Apps/Get-deviceTRUST" sourcefilename="Apps/Get-deviceTRUST.ps1">
      <method name="Get-deviceTRUST" desc="()" line="17">
        <counter type="INSTRUCTION" missed="3" covered="15" />
        <counter type="LINE" missed="1" covered="13" />
        <counter type="METHOD" missed="1" covered="0" />
      </method>
      <counter type="INSTRUCTION" missed="3" covered="15" />
      <counter type="LINE" missed="1" covered="13" />
      <counter type="METHOD" missed="1" covered="0" />
      <counter type="CLASS" missed="1" covered="0" />
    </class>
    <class name="Evergreen/Apps/Get-DevToys" sourcefilename="Apps/Get-DevToys.ps1">
      <method name="Get-DevToys" desc="()" line="17">
        <counter type="INSTRUCTION" missed="3" covered="6" />
        <counter type="LINE" missed="1" covered="6" />
        <counter type="METHOD" missed="1" covered="0" />
      </method>
      <counter type="INSTRUCTION" missed="3" covered="6" />
      <counter type="LINE" missed="1" covered="6" />
      <counter type="METHOD" missed="1" covered="0" />
      <counter type="CLASS" missed="1" covered="0" />
    </class>
    <class name="Evergreen/Apps/Get-diagrams.net" sourcefilename="Apps/Get-diagrams.net.ps1">
      <method name="Get-diagrams.net" desc="()" line="16">
        <counter type="INSTRUCTION" missed="3" covered="6" />
        <counter type="LINE" missed="1" covered="6" />
        <counter type="METHOD" missed="1" covered="0" />
      </method>
      <counter type="INSTRUCTION" missed="3" covered="6" />
      <counter type="LINE" missed="1" covered="6" />
      <counter type="METHOD" missed="1" covered="0" />
      <counter type="CLASS" missed="1" covered="0" />
    </class>
    <class name="Evergreen/Apps/Get-dnGrep" sourcefilename="Apps/Get-dnGrep.ps1">
      <method name="Get-dnGrep" desc="()" line="16">
        <counter type="INSTRUCTION" missed="3" covered="6" />
        <counter type="LINE" missed="1" covered="6" />
        <counter type="METHOD" missed="1" covered="0" />
      </method>
      <counter type="INSTRUCTION" missed="3" covered="6" />
      <counter type="LINE" missed="1" covered="6" />
      <counter type="METHOD" missed="1" covered="0" />
      <counter type="CLASS" missed="1" covered="0" />
    </class>
    <class name="Evergreen/Apps/Get-DockerDesktop" sourcefilename="Apps/Get-DockerDesktop.ps1">
      <method name="Get-DockerDesktop" desc="()" line="16">
        <counter type="INSTRUCTION" missed="3" covered="16" />
        <counter type="LINE" missed="1" covered="9" />
        <counter type="METHOD" missed="1" covered="0" />
      </method>
      <counter type="INSTRUCTION" missed="3" covered="16" />
      <counter type="LINE" missed="1" covered="9" />
      <counter type="METHOD" missed="1" covered="0" />
      <counter type="CLASS" missed="1" covered="0" />
    </class>
    <class name="Evergreen/Apps/Get-DoubleCommander" sourcefilename="Apps/Get-DoubleCommander.ps1">
      <method name="Get-DoubleCommander" desc="()" line="15">
        <counter type="INSTRUCTION" missed="3" covered="6" />
        <counter type="LINE" missed="1" covered="6" />
        <counter type="METHOD" missed="1" covered="0" />
      </method>
      <counter type="INSTRUCTION" missed="3" covered="6" />
      <counter type="LINE" missed="1" covered="6" />
      <counter type="METHOD" missed="1" covered="0" />
      <counter type="CLASS" missed="1" covered="0" />
    </class>
    <class name="Evergreen/Apps/Get-EgnyteDesktopApp" sourcefilename="Apps/Get-EgnyteDesktopApp.ps1">
      <method name="Get-EgnyteDesktopApp" desc="()" line="17">
        <counter type="INSTRUCTION" missed="3" covered="7" />
        <counter type="LINE" missed="1" covered="7" />
        <counter type="METHOD" missed="1" covered="0" />
      </method>
      <counter type="INSTRUCTION" missed="3" covered="7" />
      <counter type="LINE" missed="1" covered="7" />
      <counter type="METHOD" missed="1" covered="0" />
      <counter type="CLASS" missed="1" covered="0" />
    </class>
    <class name="Evergreen/Apps/Get-ESETEndpointAntivirus" sourcefilename="Apps/Get-ESETEndpointAntivirus.ps1">
      <method name="Get-ESETEndpointAntivirus" desc="()" line="14">
        <counter type="INSTRUCTION" missed="6" covered="52" />
        <counter type="LINE" missed="2" covered="26" />
        <counter type="METHOD" missed="1" covered="0" />
      </method>
      <counter type="INSTRUCTION" missed="6" covered="52" />
      <counter type="LINE" missed="2" covered="26" />
      <counter type="METHOD" missed="1" covered="0" />
      <counter type="CLASS" missed="1" covered="0" />
    </class>
    <class name="Evergreen/Apps/Get-ESETEndpointSecurity" sourcefilename="Apps/Get-ESETEndpointSecurity.ps1">
      <method name="Get-ESETEndpointSecurity" desc="()" line="14">
        <counter type="INSTRUCTION" missed="6" covered="52" />
        <counter type="LINE" missed="2" covered="26" />
        <counter type="METHOD" missed="1" covered="0" />
      </method>
      <counter type="INSTRUCTION" missed="6" covered="52" />
      <counter type="LINE" missed="2" covered="26" />
      <counter type="METHOD" missed="1" covered="0" />
      <counter type="CLASS" missed="1" covered="0" />
    </class>
    <class name="Evergreen/Apps/Get-ESETFullDiskEncryption" sourcefilename="Apps/Get-ESETFullDiskEncryption.ps1">
      <method name="Get-ESETFullDiskEncryption" desc="()" line="14">
        <counter type="INSTRUCTION" missed="6" covered="52" />
        <counter type="LINE" missed="2" covered="26" />
        <counter type="METHOD" missed="1" covered="0" />
      </method>
      <counter type="INSTRUCTION" missed="6" covered="52" />
      <counter type="LINE" missed="2" covered="26" />
      <counter type="METHOD" missed="1" covered="0" />
      <counter type="CLASS" missed="1" covered="0" />
    </class>
    <class name="Evergreen/Apps/Get-ESETInspectConnector" sourcefilename="Apps/Get-ESETInspectConnector.ps1">
      <method name="Get-ESETInspectConnector" desc="()" line="14">
        <counter type="INSTRUCTION" missed="6" covered="52" />
        <counter type="LINE" missed="2" covered="26" />
        <counter type="METHOD" missed="1" covered="0" />
      </method>
      <counter type="INSTRUCTION" missed="6" covered="52" />
      <counter type="LINE" missed="2" covered="26" />
      <counter type="METHOD" missed="1" covered="0" />
      <counter type="CLASS" missed="1" covered="0" />
    </class>
    <class name="Evergreen/Apps/Get-ESETPROTECTServer" sourcefilename="Apps/Get-ESETPROTECTServer.ps1">
      <method name="Get-ESETPROTECTServer" desc="()" line="14">
        <counter type="INSTRUCTION" missed="6" covered="52" />
        <counter type="LINE" missed="2" covered="26" />
        <counter type="METHOD" missed="1" covered="0" />
      </method>
      <counter type="INSTRUCTION" missed="6" covered="52" />
      <counter type="LINE" missed="2" covered="26" />
      <counter type="METHOD" missed="1" covered="0" />
      <counter type="CLASS" missed="1" covered="0" />
    </class>
    <class name="Evergreen/Apps/Get-ESETSecureAuthentication" sourcefilename="Apps/Get-ESETSecureAuthentication.ps1">
      <method name="Get-ESETSecureAuthentication" desc="()" line="14">
        <counter type="INSTRUCTION" missed="6" covered="52" />
        <counter type="LINE" missed="2" covered="26" />
        <counter type="METHOD" missed="1" covered="0" />
      </method>
      <counter type="INSTRUCTION" missed="6" covered="52" />
      <counter type="LINE" missed="2" covered="26" />
      <counter type="METHOD" missed="1" covered="0" />
      <counter type="CLASS" missed="1" covered="0" />
    </class>
    <class name="Evergreen/Apps/Get-ESETServerSecurity" sourcefilename="Apps/Get-ESETServerSecurity.ps1">
      <method name="Get-ESETServerSecurity" desc="()" line="14">
        <counter type="INSTRUCTION" missed="6" covered="52" />
        <counter type="LINE" missed="2" covered="26" />
        <counter type="METHOD" missed="1" covered="0" />
      </method>
      <counter type="INSTRUCTION" missed="6" covered="52" />
      <counter type="LINE" missed="2" covered="26" />
      <counter type="METHOD" missed="1" covered="0" />
      <counter type="CLASS" missed="1" covered="0" />
    </class>
    <class name="Evergreen/Apps/Get-FileZilla" sourcefilename="Apps/Get-FileZilla.ps1">
      <method name="Get-FileZilla" desc="()" line="17">
        <counter type="INSTRUCTION" missed="25" covered="0" />
        <counter type="LINE" missed="17" covered="0" />
        <counter type="METHOD" missed="1" covered="0" />
      </method>
      <counter type="INSTRUCTION" missed="25" covered="0" />
      <counter type="LINE" missed="17" covered="0" />
      <counter type="METHOD" missed="1" covered="0" />
      <counter type="CLASS" missed="1" covered="0" />
    </class>
    <class name="Evergreen/Apps/Get-Fork" sourcefilename="Apps/Get-Fork.ps1">
      <method name="Get-Fork" desc="()" line="17">
        <counter type="INSTRUCTION" missed="8" covered="13" />
        <counter type="LINE" missed="4" covered="11" />
        <counter type="METHOD" missed="1" covered="0" />
      </method>
      <counter type="INSTRUCTION" missed="8" covered="13" />
      <counter type="LINE" missed="4" covered="11" />
      <counter type="METHOD" missed="1" covered="0" />
      <counter type="CLASS" missed="1" covered="0" />
    </class>
    <class name="Evergreen/Apps/Get-FoxitPDFEditor" sourcefilename="Apps/Get-FoxitPDFEditor.ps1">
      <method name="Get-FoxitPDFEditor" desc="()" line="17">
        <counter type="INSTRUCTION" missed="5" covered="38" />
        <counter type="LINE" missed="3" covered="21" />
        <counter type="METHOD" missed="1" covered="0" />
      </method>
      <counter type="INSTRUCTION" missed="5" covered="38" />
      <counter type="LINE" missed="3" covered="21" />
      <counter type="METHOD" missed="1" covered="0" />
      <counter type="CLASS" missed="1" covered="0" />
    </class>
    <class name="Evergreen/Apps/Get-FoxitReader" sourcefilename="Apps/Get-FoxitReader.ps1">
      <method name="Get-FoxitReader" desc="()" line="17">
        <counter type="INSTRUCTION" missed="5" covered="38" />
        <counter type="LINE" missed="3" covered="21" />
        <counter type="METHOD" missed="1" covered="0" />
      </method>
      <counter type="INSTRUCTION" missed="5" covered="38" />
      <counter type="LINE" missed="3" covered="21" />
      <counter type="METHOD" missed="1" covered="0" />
      <counter type="CLASS" missed="1" covered="0" />
    </class>
    <class name="Evergreen/Apps/Get-FreedomScientificFusion" sourcefilename="Apps/Get-FreedomScientificFusion.ps1">
      <method name="Get-FreedomScientificFusion" desc="()" line="16">
        <counter type="INSTRUCTION" missed="8" covered="23" />
        <counter type="LINE" missed="3" covered="15" />
        <counter type="METHOD" missed="1" covered="0" />
      </method>
      <counter type="INSTRUCTION" missed="8" covered="23" />
      <counter type="LINE" missed="3" covered="15" />
      <counter type="METHOD" missed="1" covered="0" />
      <counter type="CLASS" missed="1" covered="0" />
    </class>
    <class name="Evergreen/Apps/Get-FreedomScientificJAWS" sourcefilename="Apps/Get-FreedomScientificJAWS.ps1">
      <method name="Get-FreedomScientificJAWS" desc="()" line="17">
        <counter type="INSTRUCTION" missed="8" covered="24" />
        <counter type="LINE" missed="3" covered="16" />
        <counter type="METHOD" missed="1" covered="0" />
      </method>
      <counter type="INSTRUCTION" missed="8" covered="24" />
      <counter type="LINE" missed="3" covered="16" />
      <counter type="METHOD" missed="1" covered="0" />
      <counter type="CLASS" missed="1" covered="0" />
    </class>
    <class name="Evergreen/Apps/Get-FreedomScientificZoomText" sourcefilename="Apps/Get-FreedomScientificZoomText.ps1">
      <method name="Get-FreedomScientificZoomText" desc="()" line="16">
        <counter type="INSTRUCTION" missed="8" covered="25" />
        <counter type="LINE" missed="3" covered="16" />
        <counter type="METHOD" missed="1" covered="0" />
      </method>
      <counter type="INSTRUCTION" missed="8" covered="25" />
      <counter type="LINE" missed="3" covered="16" />
      <counter type="METHOD" missed="1" covered="0" />
      <counter type="CLASS" missed="1" covered="0" />
    </class>
    <class name="Evergreen/Apps/Get-FreeFem" sourcefilename="Apps/Get-FreeFem.ps1">
      <method name="Get-FreeFem" desc="()" line="16">
        <counter type="INSTRUCTION" missed="3" covered="6" />
        <counter type="LINE" missed="1" covered="6" />
        <counter type="METHOD" missed="1" covered="0" />
      </method>
      <counter type="INSTRUCTION" missed="3" covered="6" />
      <counter type="LINE" missed="1" covered="6" />
      <counter type="METHOD" missed="1" covered="0" />
      <counter type="CLASS" missed="1" covered="0" />
    </class>
    <class name="Evergreen/Apps/Get-GeekSoftwarePDF24Creator" sourcefilename="Apps/Get-GeekSoftwarePDF24Creator.ps1">
      <method name="Get-GeekSoftwarePDF24Creator" desc="()" line="17">
        <counter type="INSTRUCTION" missed="3" covered="12" />
        <counter type="LINE" missed="1" covered="12" />
        <counter type="METHOD" missed="1" covered="0" />
      </method>
      <counter type="INSTRUCTION" missed="3" covered="12" />
      <counter type="LINE" missed="1" covered="12" />
      <counter type="METHOD" missed="1" covered="0" />
      <counter type="CLASS" missed="1" covered="0" />
    </class>
    <class name="Evergreen/Apps/Get-Gephi" sourcefilename="Apps/Get-Gephi.ps1">
      <method name="Get-Gephi" desc="()" line="16">
        <counter type="INSTRUCTION" missed="3" covered="6" />
        <counter type="LINE" missed="1" covered="6" />
        <counter type="METHOD" missed="1" covered="0" />
      </method>
      <counter type="INSTRUCTION" missed="3" covered="6" />
      <counter type="LINE" missed="1" covered="6" />
      <counter type="METHOD" missed="1" covered="0" />
      <counter type="CLASS" missed="1" covered="0" />
    </class>
    <class name="Evergreen/Apps/Get-GhislerTotalCommander" sourcefilename="Apps/Get-GhislerTotalCommander.ps1">
      <method name="Get-GhislerTotalCommander" desc="()" line="16">
        <counter type="INSTRUCTION" missed="4" covered="14" />
        <counter type="LINE" missed="2" covered="13" />
        <counter type="METHOD" missed="1" covered="0" />
      </method>
      <counter type="INSTRUCTION" missed="4" covered="14" />
      <counter type="LINE" missed="2" covered="13" />
      <counter type="METHOD" missed="1" covered="0" />
      <counter type="CLASS" missed="1" covered="0" />
    </class>
    <class name="Evergreen/Apps/Get-Gimp" sourcefilename="Apps/Get-Gimp.ps1">
      <method name="Get-Gimp" desc="()" line="17">
        <counter type="INSTRUCTION" missed="16" covered="31" />
        <counter type="LINE" missed="7" covered="21" />
        <counter type="METHOD" missed="1" covered="0" />
      </method>
      <counter type="INSTRUCTION" missed="16" covered="31" />
      <counter type="LINE" missed="7" covered="21" />
      <counter type="METHOD" missed="1" covered="0" />
      <counter type="CLASS" missed="1" covered="0" />
    </class>
    <class name="Evergreen/Apps/Get-GitExtensions" sourcefilename="Apps/Get-GitExtensions.ps1">
      <method name="Get-GitExtensions" desc="()" line="16">
        <counter type="INSTRUCTION" missed="3" covered="6" />
        <counter type="LINE" missed="1" covered="6" />
        <counter type="METHOD" missed="1" covered="0" />
      </method>
      <counter type="INSTRUCTION" missed="3" covered="6" />
      <counter type="LINE" missed="1" covered="6" />
      <counter type="METHOD" missed="1" covered="0" />
      <counter type="CLASS" missed="1" covered="0" />
    </class>
    <class name="Evergreen/Apps/Get-GitForWindows" sourcefilename="Apps/Get-GitForWindows.ps1">
      <method name="Get-GitForWindows" desc="()" line="17">
        <counter type="INSTRUCTION" missed="3" covered="6" />
        <counter type="LINE" missed="1" covered="6" />
        <counter type="METHOD" missed="1" covered="0" />
      </method>
      <counter type="INSTRUCTION" missed="3" covered="6" />
      <counter type="LINE" missed="1" covered="6" />
      <counter type="METHOD" missed="1" covered="0" />
      <counter type="CLASS" missed="1" covered="0" />
    </class>
    <class name="Evergreen/Apps/Get-GitHubAtom" sourcefilename="Apps/Get-GitHubAtom.ps1">
      <method name="Get-GitHubAtom" desc="()" line="16">
        <counter type="INSTRUCTION" missed="3" covered="6" />
        <counter type="LINE" missed="1" covered="6" />
        <counter type="METHOD" missed="1" covered="0" />
      </method>
      <counter type="INSTRUCTION" missed="3" covered="6" />
      <counter type="LINE" missed="1" covered="6" />
      <counter type="METHOD" missed="1" covered="0" />
      <counter type="CLASS" missed="1" covered="0" />
    </class>
    <class name="Evergreen/Apps/Get-GitHubRelease" sourcefilename="Apps/Get-GitHubRelease.ps1">
      <method name="Get-GitHubRelease" desc="()" line="26">
        <counter type="INSTRUCTION" missed="6" covered="13" />
        <counter type="LINE" missed="4" covered="9" />
        <counter type="METHOD" missed="1" covered="0" />
      </method>
      <counter type="INSTRUCTION" missed="6" covered="13" />
      <counter type="LINE" missed="4" covered="9" />
      <counter type="METHOD" missed="1" covered="0" />
      <counter type="CLASS" missed="1" covered="0" />
    </class>
    <class name="Evergreen/Apps/Get-GoogleChrome" sourcefilename="Apps/Get-GoogleChrome.ps1">
      <method name="Get-GoogleChrome" desc="()" line="16">
        <counter type="INSTRUCTION" missed="5" covered="29" />
        <counter type="LINE" missed="1" covered="17" />
        <counter type="METHOD" missed="1" covered="0" />
      </method>
      <counter type="INSTRUCTION" missed="5" covered="29" />
      <counter type="LINE" missed="1" covered="17" />
      <counter type="METHOD" missed="1" covered="0" />
      <counter type="CLASS" missed="1" covered="0" />
    </class>
    <class name="Evergreen/Apps/Get-Gpg4win" sourcefilename="Apps/Get-Gpg4win.ps1">
      <method name="Get-Gpg4win" desc="()" line="16">
        <counter type="INSTRUCTION" missed="3" covered="15" />
        <counter type="LINE" missed="1" covered="10" />
        <counter type="METHOD" missed="1" covered="0" />
      </method>
      <counter type="INSTRUCTION" missed="3" covered="15" />
      <counter type="LINE" missed="1" covered="10" />
      <counter type="METHOD" missed="1" covered="0" />
      <counter type="CLASS" missed="1" covered="0" />
    </class>
    <class name="Evergreen/Apps/Get-Greenshot" sourcefilename="Apps/Get-Greenshot.ps1">
      <method name="Get-Greenshot" desc="()" line="16">
        <counter type="INSTRUCTION" missed="3" covered="6" />
        <counter type="LINE" missed="1" covered="6" />
        <counter type="METHOD" missed="1" covered="0" />
      </method>
      <counter type="INSTRUCTION" missed="3" covered="6" />
      <counter type="LINE" missed="1" covered="6" />
      <counter type="METHOD" missed="1" covered="0" />
      <counter type="CLASS" missed="1" covered="0" />
    </class>
    <class name="Evergreen/Apps/Get-gretl" sourcefilename="Apps/Get-gretl.ps1">
      <method name="Get-gretl" desc="()" line="16">
        <counter type="INSTRUCTION" missed="3" covered="6" />
        <counter type="LINE" missed="1" covered="6" />
        <counter type="METHOD" missed="1" covered="0" />
      </method>
      <counter type="INSTRUCTION" missed="3" covered="6" />
      <counter type="LINE" missed="1" covered="6" />
      <counter type="METHOD" missed="1" covered="0" />
      <counter type="CLASS" missed="1" covered="0" />
    </class>
    <class name="Evergreen/Apps/Get-Handbrake" sourcefilename="Apps/Get-Handbrake.ps1">
      <method name="Get-Handbrake" desc="()" line="16">
        <counter type="INSTRUCTION" missed="3" covered="6" />
        <counter type="LINE" missed="1" covered="6" />
        <counter type="METHOD" missed="1" covered="0" />
      </method>
      <counter type="INSTRUCTION" missed="3" covered="6" />
      <counter type="LINE" missed="1" covered="6" />
      <counter type="METHOD" missed="1" covered="0" />
      <counter type="CLASS" missed="1" covered="0" />
    </class>
    <class name="Evergreen/Apps/Get-HashicorpBoundary" sourcefilename="Apps/Get-HashicorpBoundary.ps1">
      <method name="Get-HashicorpBoundary" desc="()" line="16">
        <counter type="INSTRUCTION" missed="3" covered="15" />
        <counter type="LINE" missed="1" covered="15" />
        <counter type="METHOD" missed="1" covered="0" />
      </method>
      <counter type="INSTRUCTION" missed="3" covered="15" />
      <counter type="LINE" missed="1" covered="15" />
      <counter type="METHOD" missed="1" covered="0" />
      <counter type="CLASS" missed="1" covered="0" />
    </class>
    <class name="Evergreen/Apps/Get-HashicorpConsul" sourcefilename="Apps/Get-HashicorpConsul.ps1">
      <method name="Get-HashicorpConsul" desc="()" line="16">
        <counter type="INSTRUCTION" missed="3" covered="15" />
        <counter type="LINE" missed="1" covered="15" />
        <counter type="METHOD" missed="1" covered="0" />
      </method>
      <counter type="INSTRUCTION" missed="3" covered="15" />
      <counter type="LINE" missed="1" covered="15" />
      <counter type="METHOD" missed="1" covered="0" />
      <counter type="CLASS" missed="1" covered="0" />
    </class>
    <class name="Evergreen/Apps/Get-HashicorpNomad" sourcefilename="Apps/Get-HashicorpNomad.ps1">
      <method name="Get-HashicorpNomad" desc="()" line="16">
        <counter type="INSTRUCTION" missed="3" covered="15" />
        <counter type="LINE" missed="1" covered="15" />
        <counter type="METHOD" missed="1" covered="0" />
      </method>
      <counter type="INSTRUCTION" missed="3" covered="15" />
      <counter type="LINE" missed="1" covered="15" />
      <counter type="METHOD" missed="1" covered="0" />
      <counter type="CLASS" missed="1" covered="0" />
    </class>
    <class name="Evergreen/Apps/Get-HashicorpPacker" sourcefilename="Apps/Get-HashicorpPacker.ps1">
      <method name="Get-HashicorpPacker" desc="()" line="16">
        <counter type="INSTRUCTION" missed="3" covered="15" />
        <counter type="LINE" missed="1" covered="15" />
        <counter type="METHOD" missed="1" covered="0" />
      </method>
      <counter type="INSTRUCTION" missed="3" covered="15" />
      <counter type="LINE" missed="1" covered="15" />
      <counter type="METHOD" missed="1" covered="0" />
      <counter type="CLASS" missed="1" covered="0" />
    </class>
    <class name="Evergreen/Apps/Get-HashicorpTerraform" sourcefilename="Apps/Get-HashicorpTerraform.ps1">
      <method name="Get-HashicorpTerraform" desc="()" line="16">
        <counter type="INSTRUCTION" missed="3" covered="15" />
        <counter type="LINE" missed="1" covered="15" />
        <counter type="METHOD" missed="1" covered="0" />
      </method>
      <counter type="INSTRUCTION" missed="3" covered="15" />
      <counter type="LINE" missed="1" covered="15" />
      <counter type="METHOD" missed="1" covered="0" />
      <counter type="CLASS" missed="1" covered="0" />
    </class>
    <class name="Evergreen/Apps/Get-HashicorpVault" sourcefilename="Apps/Get-HashicorpVault.ps1">
      <method name="Get-HashicorpVault" desc="()" line="16">
        <counter type="INSTRUCTION" missed="3" covered="15" />
        <counter type="LINE" missed="1" covered="15" />
        <counter type="METHOD" missed="1" covered="0" />
      </method>
      <counter type="INSTRUCTION" missed="3" covered="15" />
      <counter type="LINE" missed="1" covered="15" />
      <counter type="METHOD" missed="1" covered="0" />
      <counter type="CLASS" missed="1" covered="0" />
    </class>
    <class name="Evergreen/Apps/Get-HashicorpWaypoint" sourcefilename="Apps/Get-HashicorpWaypoint.ps1">
      <method name="Get-HashicorpWaypoint" desc="()" line="16">
        <counter type="INSTRUCTION" missed="3" covered="15" />
        <counter type="LINE" missed="1" covered="15" />
        <counter type="METHOD" missed="1" covered="0" />
      </method>
      <counter type="INSTRUCTION" missed="3" covered="15" />
      <counter type="LINE" missed="1" covered="15" />
      <counter type="METHOD" missed="1" covered="0" />
      <counter type="CLASS" missed="1" covered="0" />
    </class>
    <class name="Evergreen/Apps/Get-ImageGlass" sourcefilename="Apps/Get-ImageGlass.ps1">
      <method name="Get-ImageGlass" desc="()" line="16">
        <counter type="INSTRUCTION" missed="3" covered="6" />
        <counter type="LINE" missed="1" covered="6" />
        <counter type="METHOD" missed="1" covered="0" />
      </method>
      <counter type="INSTRUCTION" missed="3" covered="6" />
      <counter type="LINE" missed="1" covered="6" />
      <counter type="METHOD" missed="1" covered="0" />
      <counter type="CLASS" missed="1" covered="0" />
    </class>
    <class name="Evergreen/Apps/Get-ImageMagickStudioImageMagick" sourcefilename="Apps/Get-ImageMagickStudioImageMagick.ps1">
      <method name="Get-ImageMagickStudioImageMagick" desc="()" line="16">
        <counter type="INSTRUCTION" missed="3" covered="11" />
        <counter type="LINE" missed="1" covered="11" />
        <counter type="METHOD" missed="1" covered="0" />
      </method>
      <counter type="INSTRUCTION" missed="3" covered="11" />
      <counter type="LINE" missed="1" covered="11" />
      <counter type="METHOD" missed="1" covered="0" />
      <counter type="CLASS" missed="1" covered="0" />
    </class>
    <class name="Evergreen/Apps/Get-JamTreeSizeFree" sourcefilename="Apps/Get-JamTreeSizeFree.ps1">
      <method name="Get-JamTreeSizeFree" desc="()" line="17">
        <counter type="INSTRUCTION" missed="3" covered="8" />
        <counter type="LINE" missed="1" covered="8" />
        <counter type="METHOD" missed="1" covered="0" />
      </method>
      <counter type="INSTRUCTION" missed="3" covered="8" />
      <counter type="LINE" missed="1" covered="8" />
      <counter type="METHOD" missed="1" covered="0" />
      <counter type="CLASS" missed="1" covered="0" />
    </class>
    <class name="Evergreen/Apps/Get-JamTreeSizeProfessional" sourcefilename="Apps/Get-JamTreeSizeProfessional.ps1">
      <method name="Get-JamTreeSizeProfessional" desc="()" line="17">
        <counter type="INSTRUCTION" missed="3" covered="8" />
        <counter type="LINE" missed="1" covered="8" />
        <counter type="METHOD" missed="1" covered="0" />
      </method>
      <counter type="INSTRUCTION" missed="3" covered="8" />
      <counter type="LINE" missed="1" covered="8" />
      <counter type="METHOD" missed="1" covered="0" />
      <counter type="CLASS" missed="1" covered="0" />
    </class>
    <class name="Evergreen/Apps/Get-JASP" sourcefilename="Apps/Get-JASP.ps1">
      <method name="Get-JASP" desc="()" line="16">
        <counter type="INSTRUCTION" missed="3" covered="11" />
        <counter type="LINE" missed="1" covered="11" />
        <counter type="METHOD" missed="1" covered="0" />
      </method>
      <counter type="INSTRUCTION" missed="3" covered="11" />
      <counter type="LINE" missed="1" covered="11" />
      <counter type="METHOD" missed="1" covered="0" />
      <counter type="CLASS" missed="1" covered="0" />
    </class>
    <class name="Evergreen/Apps/Get-JeremyMainGPUProfiler" sourcefilename="Apps/Get-JeremyMainGPUProfiler.ps1">
      <method name="Get-JeremyMainGPUProfiler" desc="()" line="16">
        <counter type="INSTRUCTION" missed="3" covered="6" />
        <counter type="LINE" missed="1" covered="6" />
        <counter type="METHOD" missed="1" covered="0" />
      </method>
      <counter type="INSTRUCTION" missed="3" covered="6" />
      <counter type="LINE" missed="1" covered="6" />
      <counter type="METHOD" missed="1" covered="0" />
      <counter type="CLASS" missed="1" covered="0" />
    </class>
    <class name="Evergreen/Apps/Get-JetBrainsIntelliJIDEA" sourcefilename="Apps/Get-JetBrainsIntelliJIDEA.ps1">
      <method name="Get-JetBrainsIntelliJIDEA" desc="()" line="16">
        <counter type="INSTRUCTION" missed="6" covered="19" />
        <counter type="LINE" missed="2" covered="13" />
        <counter type="METHOD" missed="1" covered="0" />
      </method>
      <counter type="INSTRUCTION" missed="6" covered="19" />
      <counter type="LINE" missed="2" covered="13" />
      <counter type="METHOD" missed="1" covered="0" />
      <counter type="CLASS" missed="1" covered="0" />
    </class>
    <class name="Evergreen/Apps/Get-JetBrainsPyCharm" sourcefilename="Apps/Get-JetBrainsPyCharm.ps1">
      <method name="Get-JetBrainsPyCharm" desc="()" line="16">
        <counter type="INSTRUCTION" missed="6" covered="19" />
        <counter type="LINE" missed="2" covered="13" />
        <counter type="METHOD" missed="1" covered="0" />
      </method>
      <counter type="INSTRUCTION" missed="6" covered="19" />
      <counter type="LINE" missed="2" covered="13" />
      <counter type="METHOD" missed="1" covered="0" />
      <counter type="CLASS" missed="1" covered="0" />
    </class>
    <class name="Evergreen/Apps/Get-jq" sourcefilename="Apps/Get-jq.ps1">
      <method name="Get-jq" desc="()" line="16">
        <counter type="INSTRUCTION" missed="3" covered="6" />
        <counter type="LINE" missed="1" covered="6" />
        <counter type="METHOD" missed="1" covered="0" />
      </method>
      <counter type="INSTRUCTION" missed="3" covered="6" />
      <counter type="LINE" missed="1" covered="6" />
      <counter type="METHOD" missed="1" covered="0" />
      <counter type="CLASS" missed="1" covered="0" />
    </class>
    <class name="Evergreen/Apps/Get-jrsoftwareInnoSetup" sourcefilename="Apps/Get-jrsoftwareInnoSetup.ps1">
      <method name="Get-jrsoftwareInnoSetup" desc="()" line="17">
        <counter type="INSTRUCTION" missed="5" covered="7" />
        <counter type="LINE" missed="2" covered="7" />
        <counter type="METHOD" missed="1" covered="0" />
      </method>
      <counter type="INSTRUCTION" missed="5" covered="7" />
      <counter type="LINE" missed="2" covered="7" />
      <counter type="METHOD" missed="1" covered="0" />
      <counter type="CLASS" missed="1" covered="0" />
    </class>
    <class name="Evergreen/Apps/Get-KarakunOpenWebStart" sourcefilename="Apps/Get-KarakunOpenWebStart.ps1">
      <method name="Get-KarakunOpenWebStart" desc="()" line="16">
        <counter type="INSTRUCTION" missed="3" covered="6" />
        <counter type="LINE" missed="1" covered="6" />
        <counter type="METHOD" missed="1" covered="0" />
      </method>
      <counter type="INSTRUCTION" missed="3" covered="6" />
      <counter type="LINE" missed="1" covered="6" />
      <counter type="METHOD" missed="1" covered="0" />
      <counter type="CLASS" missed="1" covered="0" />
    </class>
    <class name="Evergreen/Apps/Get-KDiff3" sourcefilename="Apps/Get-KDiff3.ps1">
      <method name="Get-KDiff3" desc="()" line="14">
        <counter type="INSTRUCTION" missed="3" covered="6" />
        <counter type="LINE" missed="1" covered="6" />
        <counter type="METHOD" missed="1" covered="0" />
      </method>
      <counter type="INSTRUCTION" missed="3" covered="6" />
      <counter type="LINE" missed="1" covered="6" />
      <counter type="METHOD" missed="1" covered="0" />
      <counter type="CLASS" missed="1" covered="0" />
    </class>
    <class name="Evergreen/Apps/Get-KeePass" sourcefilename="Apps/Get-KeePass.ps1">
      <method name="Get-KeePass" desc="()" line="17">
        <counter type="INSTRUCTION" missed="3" covered="6" />
        <counter type="LINE" missed="1" covered="6" />
        <counter type="METHOD" missed="1" covered="0" />
      </method>
      <counter type="INSTRUCTION" missed="3" covered="6" />
      <counter type="LINE" missed="1" covered="6" />
      <counter type="METHOD" missed="1" covered="0" />
      <counter type="CLASS" missed="1" covered="0" />
    </class>
    <class name="Evergreen/Apps/Get-KeePassXCTeamKeePassXC" sourcefilename="Apps/Get-KeePassXCTeamKeePassXC.ps1">
      <method name="Get-KeePassXCTeamKeePassXC" desc="()" line="16">
        <counter type="INSTRUCTION" missed="3" covered="6" />
        <counter type="LINE" missed="1" covered="6" />
        <counter type="METHOD" missed="1" covered="0" />
      </method>
      <counter type="INSTRUCTION" missed="3" covered="6" />
      <counter type="LINE" missed="1" covered="6" />
      <counter type="METHOD" missed="1" covered="0" />
      <counter type="CLASS" missed="1" covered="0" />
    </class>
    <class name="Evergreen/Apps/Get-KeeWeb" sourcefilename="Apps/Get-KeeWeb.ps1">
      <method name="Get-KeeWeb" desc="()" line="15">
        <counter type="INSTRUCTION" missed="3" covered="6" />
        <counter type="LINE" missed="1" covered="6" />
        <counter type="METHOD" missed="1" covered="0" />
      </method>
      <counter type="INSTRUCTION" missed="3" covered="6" />
      <counter type="LINE" missed="1" covered="6" />
      <counter type="METHOD" missed="1" covered="0" />
      <counter type="CLASS" missed="1" covered="0" />
    </class>
    <class name="Evergreen/Apps/Get-LogMeInGoToMeeting" sourcefilename="Apps/Get-LogMeInGoToMeeting.ps1">
      <method name="Get-LogMeInGoToMeeting" desc="()" line="16">
        <counter type="INSTRUCTION" missed="4" covered="10" />
        <counter type="LINE" missed="2" covered="8" />
        <counter type="METHOD" missed="1" covered="0" />
      </method>
      <counter type="INSTRUCTION" missed="4" covered="10" />
      <counter type="LINE" missed="2" covered="8" />
      <counter type="METHOD" missed="1" covered="0" />
      <counter type="CLASS" missed="1" covered="0" />
    </class>
    <class name="Evergreen/Apps/Get-LogMeInGoToOpener" sourcefilename="Apps/Get-LogMeInGoToOpener.ps1">
      <method name="Get-LogMeInGoToOpener" desc="()" line="16">
        <counter type="INSTRUCTION" missed="4" covered="7" />
        <counter type="LINE" missed="2" covered="7" />
        <counter type="METHOD" missed="1" covered="0" />
      </method>
      <counter type="INSTRUCTION" missed="4" covered="7" />
      <counter type="LINE" missed="2" covered="7" />
      <counter type="METHOD" missed="1" covered="0" />
      <counter type="CLASS" missed="1" covered="0" />
    </class>
    <class name="Evergreen/Apps/Get-MasterPackager" sourcefilename="Apps/Get-MasterPackager.ps1">
      <method name="Get-MasterPackager" desc="()" line="16">
        <counter type="INSTRUCTION" missed="3" covered="10" />
        <counter type="LINE" missed="1" covered="10" />
        <counter type="METHOD" missed="1" covered="0" />
      </method>
      <counter type="INSTRUCTION" missed="3" covered="10" />
      <counter type="LINE" missed="1" covered="10" />
      <counter type="METHOD" missed="1" covered="0" />
      <counter type="CLASS" missed="1" covered="0" />
    </class>
    <class name="Evergreen/Apps/Get-MattermostDesktop" sourcefilename="Apps/Get-MattermostDesktop.ps1">
      <method name="Get-MattermostDesktop" desc="()" line="16">
        <counter type="INSTRUCTION" missed="3" covered="27" />
        <counter type="LINE" missed="1" covered="18" />
        <counter type="METHOD" missed="1" covered="0" />
      </method>
      <counter type="INSTRUCTION" missed="3" covered="27" />
      <counter type="LINE" missed="1" covered="18" />
      <counter type="METHOD" missed="1" covered="0" />
      <counter type="CLASS" missed="1" covered="0" />
    </class>
    <class name="Evergreen/Apps/Get-Maximus5ConEmu" sourcefilename="Apps/Get-Maximus5ConEmu.ps1">
      <method name="Get-Maximus5ConEmu" desc="()" line="15">
        <counter type="INSTRUCTION" missed="3" covered="6" />
        <counter type="LINE" missed="1" covered="6" />
        <counter type="METHOD" missed="1" covered="0" />
      </method>
      <counter type="INSTRUCTION" missed="3" covered="6" />
      <counter type="LINE" missed="1" covered="6" />
      <counter type="METHOD" missed="1" covered="0" />
      <counter type="CLASS" missed="1" covered="0" />
    </class>
    <class name="Evergreen/Apps/Get-McNeelRhino" sourcefilename="Apps/Get-McNeelRhino.ps1">
      <method name="Get-McNeelRhino" desc="()" line="16">
        <counter type="INSTRUCTION" missed="3" covered="9" />
        <counter type="LINE" missed="1" covered="9" />
        <counter type="METHOD" missed="1" covered="0" />
      </method>
      <counter type="INSTRUCTION" missed="3" covered="9" />
      <counter type="LINE" missed="1" covered="9" />
      <counter type="METHOD" missed="1" covered="0" />
      <counter type="CLASS" missed="1" covered="0" />
    </class>
    <class name="Evergreen/Apps/Get-MendeleyDesktop" sourcefilename="Apps/Get-MendeleyDesktop.ps1">
      <method name="Get-MendeleyDesktop" desc="()" line="17">
        <counter type="INSTRUCTION" missed="3" covered="6" />
        <counter type="LINE" missed="1" covered="6" />
        <counter type="METHOD" missed="1" covered="0" />
      </method>
      <counter type="INSTRUCTION" missed="3" covered="6" />
      <counter type="LINE" missed="1" covered="6" />
      <counter type="METHOD" missed="1" covered="0" />
      <counter type="CLASS" missed="1" covered="0" />
    </class>
    <class name="Evergreen/Apps/Get-MestrelabMnova" sourcefilename="Apps/Get-MestrelabMnova.ps1">
      <method name="Get-MestrelabMnova" desc="()" line="17">
        <counter type="INSTRUCTION" missed="8" covered="12" />
        <counter type="LINE" missed="3" covered="10" />
        <counter type="METHOD" missed="1" covered="0" />
      </method>
      <counter type="INSTRUCTION" missed="8" covered="12" />
      <counter type="LINE" missed="3" covered="10" />
      <counter type="METHOD" missed="1" covered="0" />
      <counter type="CLASS" missed="1" covered="0" />
    </class>
    <class name="Evergreen/Apps/Get-Microsoft.NET" sourcefilename="Apps/Get-Microsoft.NET.ps1">
      <method name="Get-Microsoft.NET" desc="()" line="16">
        <counter type="INSTRUCTION" missed="6" covered="37" />
        <counter type="LINE" missed="2" covered="23" />
        <counter type="METHOD" missed="1" covered="0" />
      </method>
      <counter type="INSTRUCTION" missed="6" covered="37" />
      <counter type="LINE" missed="2" covered="23" />
      <counter type="METHOD" missed="1" covered="0" />
      <counter type="CLASS" missed="1" covered="0" />
    </class>
    <class name="Evergreen/Apps/Get-Microsoft365Apps" sourcefilename="Apps/Get-Microsoft365Apps.ps1">
      <method name="Get-Microsoft365Apps" desc="()" line="17">
        <counter type="INSTRUCTION" missed="3" covered="17" />
        <counter type="LINE" missed="1" covered="13" />
        <counter type="METHOD" missed="1" covered="0" />
      </method>
      <counter type="INSTRUCTION" missed="3" covered="17" />
      <counter type="LINE" missed="1" covered="13" />
      <counter type="METHOD" missed="1" covered="0" />
      <counter type="CLASS" missed="1" covered="0" />
    </class>
    <class name="Evergreen/Apps/Get-MicrosoftAzureDataStudio" sourcefilename="Apps/Get-MicrosoftAzureDataStudio.ps1">
      <method name="Get-MicrosoftAzureDataStudio" desc="()" line="17">
        <counter type="INSTRUCTION" missed="6" covered="21" />
        <counter type="LINE" missed="2" covered="15" />
        <counter type="METHOD" missed="1" covered="0" />
      </method>
      <counter type="INSTRUCTION" missed="6" covered="21" />
      <counter type="LINE" missed="2" covered="15" />
      <counter type="METHOD" missed="1" covered="0" />
      <counter type="CLASS" missed="1" covered="0" />
    </class>
    <class name="Evergreen/Apps/Get-MicrosoftAzureFunctionsCoreTools" sourcefilename="Apps/Get-MicrosoftAzureFunctionsCoreTools.ps1">
      <method name="Get-MicrosoftAzureFunctionsCoreTools" desc="()" line="17">
        <counter type="INSTRUCTION" missed="3" covered="13" />
        <counter type="LINE" missed="1" covered="13" />
        <counter type="METHOD" missed="1" covered="0" />
      </method>
      <counter type="INSTRUCTION" missed="3" covered="13" />
      <counter type="LINE" missed="1" covered="13" />
      <counter type="METHOD" missed="1" covered="0" />
      <counter type="CLASS" missed="1" covered="0" />
    </class>
    <class name="Evergreen/Apps/Get-MicrosoftAzureStorageExplorer" sourcefilename="Apps/Get-MicrosoftAzureStorageExplorer.ps1">
      <method name="Get-MicrosoftAzureStorageExplorer" desc="()" line="16">
        <counter type="INSTRUCTION" missed="3" covered="6" />
        <counter type="LINE" missed="1" covered="6" />
        <counter type="METHOD" missed="1" covered="0" />
      </method>
      <counter type="INSTRUCTION" missed="3" covered="6" />
      <counter type="LINE" missed="1" covered="6" />
      <counter type="METHOD" missed="1" covered="0" />
      <counter type="CLASS" missed="1" covered="0" />
    </class>
    <class name="Evergreen/Apps/Get-MicrosoftAzureWindowsVMAgent" sourcefilename="Apps/Get-MicrosoftAzureWindowsVMAgent.ps1">
      <method name="Get-MicrosoftAzureWindowsVMAgent" desc="()" line="14">
        <counter type="INSTRUCTION" missed="3" covered="6" />
        <counter type="LINE" missed="1" covered="6" />
        <counter type="METHOD" missed="1" covered="0" />
      </method>
      <counter type="INSTRUCTION" missed="3" covered="6" />
      <counter type="LINE" missed="1" covered="6" />
      <counter type="METHOD" missed="1" covered="0" />
      <counter type="CLASS" missed="1" covered="0" />
    </class>
    <class name="Evergreen/Apps/Get-MicrosoftBicep" sourcefilename="Apps/Get-MicrosoftBicep.ps1">
      <method name="Get-MicrosoftBicep" desc="()" line="16">
        <counter type="INSTRUCTION" missed="3" covered="6" />
        <counter type="LINE" missed="1" covered="6" />
        <counter type="METHOD" missed="1" covered="0" />
      </method>
      <counter type="INSTRUCTION" missed="3" covered="6" />
      <counter type="LINE" missed="1" covered="6" />
      <counter type="METHOD" missed="1" covered="0" />
      <counter type="CLASS" missed="1" covered="0" />
    </class>
    <class name="Evergreen/Apps/Get-MicrosoftBotFrameworkEmulator" sourcefilename="Apps/Get-MicrosoftBotFrameworkEmulator.ps1">
      <method name="Get-MicrosoftBotFrameworkEmulator" desc="()" line="16">
        <counter type="INSTRUCTION" missed="3" covered="6" />
        <counter type="LINE" missed="1" covered="6" />
        <counter type="METHOD" missed="1" covered="0" />
      </method>
      <counter type="INSTRUCTION" missed="3" covered="6" />
      <counter type="LINE" missed="1" covered="6" />
      <counter type="METHOD" missed="1" covered="0" />
      <counter type="CLASS" missed="1" covered="0" />
    </class>
    <class name="Evergreen/Apps/Get-MicrosoftEdge" sourcefilename="Apps/Get-MicrosoftEdge.ps1">
      <method name="Get-MicrosoftEdge" desc="()" line="16">
        <counter type="INSTRUCTION" missed="9" covered="34" />
        <counter type="LINE" missed="2" covered="22" />
        <counter type="METHOD" missed="1" covered="0" />
      </method>
      <counter type="INSTRUCTION" missed="9" covered="34" />
      <counter type="LINE" missed="2" covered="22" />
      <counter type="METHOD" missed="1" covered="0" />
      <counter type="CLASS" missed="1" covered="0" />
    </class>
    <class name="Evergreen/Apps/Get-MicrosoftEdgeDriver" sourcefilename="Apps/Get-MicrosoftEdgeDriver.ps1">
      <method name="Get-MicrosoftEdgeDriver" desc="()" line="16">
        <counter type="INSTRUCTION" missed="6" covered="27" />
        <counter type="LINE" missed="2" covered="19" />
        <counter type="METHOD" missed="1" covered="0" />
      </method>
      <counter type="INSTRUCTION" missed="6" covered="27" />
      <counter type="LINE" missed="2" covered="19" />
      <counter type="METHOD" missed="1" covered="0" />
      <counter type="CLASS" missed="1" covered="0" />
    </class>
    <class name="Evergreen/Apps/Get-MicrosoftEdgeWebView2Runtime" sourcefilename="Apps/Get-MicrosoftEdgeWebView2Runtime.ps1">
      <method name="Get-MicrosoftEdgeWebView2Runtime" desc="()" line="16">
        <counter type="INSTRUCTION" missed="6" covered="25" />
        <counter type="LINE" missed="2" covered="18" />
        <counter type="METHOD" missed="1" covered="0" />
      </method>
      <counter type="INSTRUCTION" missed="6" covered="25" />
      <counter type="LINE" missed="2" covered="18" />
      <counter type="METHOD" missed="1" covered="0" />
      <counter type="CLASS" missed="1" covered="0" />
    </class>
    <class name="Evergreen/Apps/Get-MicrosoftFSLogixApps" sourcefilename="Apps/Get-MicrosoftFSLogixApps.ps1">
      <method name="Get-MicrosoftFSLogixApps" desc="()" line="18">
        <counter type="INSTRUCTION" missed="4" covered="9" />
        <counter type="LINE" missed="1" covered="9" />
        <counter type="METHOD" missed="1" covered="0" />
      </method>
      <counter type="INSTRUCTION" missed="4" covered="9" />
      <counter type="LINE" missed="1" covered="9" />
      <counter type="METHOD" missed="1" covered="0" />
      <counter type="CLASS" missed="1" covered="0" />
    </class>
    <class name="Evergreen/Apps/Get-MicrosoftOneDrive" sourcefilename="Apps/Get-MicrosoftOneDrive.ps1">
      <method name="Get-MicrosoftOneDrive" desc="()" line="17">
        <counter type="INSTRUCTION" missed="16" covered="28" />
        <counter type="LINE" missed="10" covered="24" />
        <counter type="METHOD" missed="1" covered="0" />
      </method>
      <counter type="INSTRUCTION" missed="16" covered="28" />
      <counter type="LINE" missed="10" covered="24" />
      <counter type="METHOD" missed="1" covered="0" />
      <counter type="CLASS" missed="1" covered="0" />
    </class>
    <class name="Evergreen/Apps/Get-MicrosoftOutlook" sourcefilename="Apps/Get-MicrosoftOutlook.ps1">
      <method name="Get-MicrosoftOutlook" desc="()" line="16">
        <counter type="INSTRUCTION" missed="3" covered="14" />
        <counter type="LINE" missed="1" covered="13" />
        <counter type="METHOD" missed="1" covered="0" />
      </method>
      <counter type="INSTRUCTION" missed="3" covered="14" />
      <counter type="LINE" missed="1" covered="13" />
      <counter type="METHOD" missed="1" covered="0" />
      <counter type="CLASS" missed="1" covered="0" />
    </class>
    <class name="Evergreen/Apps/Get-MicrosoftPowerShell" sourcefilename="Apps/Get-MicrosoftPowerShell.ps1">
      <method name="Get-MicrosoftPowerShell" desc="()" line="16">
        <counter type="INSTRUCTION" missed="5" covered="17" />
        <counter type="LINE" missed="2" covered="12" />
        <counter type="METHOD" missed="1" covered="0" />
      </method>
      <counter type="INSTRUCTION" missed="5" covered="17" />
      <counter type="LINE" missed="2" covered="12" />
      <counter type="METHOD" missed="1" covered="0" />
      <counter type="CLASS" missed="1" covered="0" />
    </class>
    <class name="Evergreen/Apps/Get-MicrosoftPowerToys" sourcefilename="Apps/Get-MicrosoftPowerToys.ps1">
      <method name="Get-MicrosoftPowerToys" desc="()" line="17">
        <counter type="INSTRUCTION" missed="3" covered="6" />
        <counter type="LINE" missed="1" covered="6" />
        <counter type="METHOD" missed="1" covered="0" />
      </method>
      <counter type="INSTRUCTION" missed="3" covered="6" />
      <counter type="LINE" missed="1" covered="6" />
      <counter type="METHOD" missed="1" covered="0" />
      <counter type="CLASS" missed="1" covered="0" />
    </class>
    <class name="Evergreen/Apps/Get-MicrosoftSsms" sourcefilename="Apps/Get-MicrosoftSsms.ps1">
      <method name="Get-MicrosoftSsms" desc="()" line="17">
        <counter type="INSTRUCTION" missed="3" covered="21" />
        <counter type="LINE" missed="1" covered="17" />
        <counter type="METHOD" missed="1" covered="0" />
      </method>
      <counter type="INSTRUCTION" missed="3" covered="21" />
      <counter type="LINE" missed="1" covered="17" />
      <counter type="METHOD" missed="1" covered="0" />
      <counter type="CLASS" missed="1" covered="0" />
    </class>
    <class name="Evergreen/Apps/Get-MicrosoftTeams" sourcefilename="Apps/Get-MicrosoftTeams.ps1">
      <method name="Get-MicrosoftTeams" desc="()" line="21">
        <counter type="INSTRUCTION" missed="3" covered="30" />
        <counter type="LINE" missed="1" covered="25" />
        <counter type="METHOD" missed="1" covered="0" />
      </method>
      <counter type="INSTRUCTION" missed="3" covered="30" />
      <counter type="LINE" missed="1" covered="25" />
      <counter type="METHOD" missed="1" covered="0" />
      <counter type="CLASS" missed="1" covered="0" />
    </class>
    <class name="Evergreen/Apps/Get-MicrosoftTerminal" sourcefilename="Apps/Get-MicrosoftTerminal.ps1">
      <method name="Get-MicrosoftTerminal" desc="()" line="15">
        <counter type="INSTRUCTION" missed="3" covered="6" />
        <counter type="LINE" missed="1" covered="6" />
        <counter type="METHOD" missed="1" covered="0" />
      </method>
      <counter type="INSTRUCTION" missed="3" covered="6" />
      <counter type="LINE" missed="1" covered="6" />
      <counter type="METHOD" missed="1" covered="0" />
      <counter type="CLASS" missed="1" covered="0" />
    </class>
    <class name="Evergreen/Apps/Get-MicrosoftVisualStudio" sourcefilename="Apps/Get-MicrosoftVisualStudio.ps1">
      <method name="Get-MicrosoftVisualStudio" desc="()" line="17">
[...]
    </class>
    <class name="Evergreen/Public/Save-EvergreenApp" sourcefilename="Public/Save-EvergreenApp.ps1">
      <method name="Save-EvergreenApp" desc="()" line="49">
        <counter type="INSTRUCTION" missed="22" covered="56" />
        <counter type="LINE" missed="16" covered="45" />
        <counter type="METHOD" missed="0" covered="1" />
      </method>
      <counter type="INSTRUCTION" missed="22" covered="56" />
      <counter type="LINE" missed="16" covered="45" />
      <counter type="METHOD" missed="0" covered="1" />
      <counter type="CLASS" missed="0" covered="1" />
    </class>
    <class name="Evergreen/Public/Test-EvergreenApp" sourcefilename="Public/Test-EvergreenApp.ps1">
      <method name="Test-EvergreenApp" desc="()" line="33">
        <counter type="INSTRUCTION" missed="5" covered="25" />
        <counter type="LINE" missed="5" covered="21" />
        <counter type="METHOD" missed="0" covered="1" />
      </method>
      <counter type="INSTRUCTION" missed="5" covered="25" />
      <counter type="LINE" missed="5" covered="21" />
      <counter type="METHOD" missed="0" covered="1" />
      <counter type="CLASS" missed="0" covered="1" />
    </class>
    <sourcefile name="Public/Export-EvergreenApp.ps1">
      <line nr="28" mi="0" ci="1" mb="0" cb="0" />
      <line nr="31" mi="0" ci="2" mb="0" cb="0" />
      <line nr="32" mi="1" ci="0" mb="0" cb="0" />
      <line nr="35" mi="0" ci="1" mb="0" cb="0" />
      <line nr="40" mi="0" ci="2" mb="0" cb="0" />
      <line nr="41" mi="0" ci="3" mb="0" cb="0" />
      <line nr="42" mi="0" ci="1" mb="0" cb="0" />
      <line nr="43" mi="0" ci="2" mb="0" cb="0" />
      <line nr="46" mi="0" ci="5" mb="0" cb="0" />
      <line nr="47" mi="0" ci="1" mb="0" cb="0" />
      <line nr="48" mi="0" ci="1" mb="0" cb="0" />
      <line nr="50" mi="0" ci="1" mb="0" cb="0" />
      <line nr="51" mi="0" ci="1" mb="0" cb="0" />
      <line nr="52" mi="0" ci="1" mb="0" cb="0" />
      <line nr="54" mi="0" ci="1" mb="0" cb="0" />
      <counter type="INSTRUCTION" missed="1" covered="23" />
      <counter type="LINE" missed="1" covered="14" />
      <counter type="METHOD" missed="0" covered="1" />
      <counter type="CLASS" missed="0" covered="1" />
    </sourcefile>
    <sourcefile name="Public/Export-EvergreenManifest.ps1">
      <line nr="14" mi="0" ci="1" mb="0" cb="0" />
      <line nr="17" mi="0" ci="1" mb="0" cb="0" />
      <line nr="18" mi="0" ci="1" mb="0" cb="0" />
      <line nr="19" mi="0" ci="2" mb="0" cb="0" />
      <line nr="20" mi="0" ci="1" mb="0" cb="0" />
      <line nr="21" mi="1" ci="0" mb="0" cb="0" />
      <line nr="22" mi="1" ci="0" mb="0" cb="0" />
      <line nr="23" mi="1" ci="0" mb="0" cb="0" />
      <line nr="24" mi="3" ci="0" mb="0" cb="0" />
      <line nr="25" mi="1" ci="0" mb="0" cb="0" />
      <line nr="27" mi="1" ci="0" mb="0" cb="0" />
      <line nr="29" mi="0" ci="1" mb="0" cb="0" />
      <line nr="30" mi="0" ci="1" mb="0" cb="0" />
      <counter type="INSTRUCTION" missed="8" covered="8" />
      <counter type="LINE" missed="6" covered="7" />
      <counter type="METHOD" missed="0" covered="1" />
      <counter type="CLASS" missed="0" covered="1" />
    </sourcefile>
    <sourcefile name="Public/Find-EvergreenApp.ps1">
      <line nr="21" mi="0" ci="1" mb="0" cb="0" />
      <line nr="22" mi="0" ci="1" mb="0" cb="0" />
      <line nr="23" mi="0" ci="1" mb="0" cb="0" />
      <line nr="24" mi="0" ci="1" mb="0" cb="0" />
      <line nr="26" mi="0" ci="2" mb="0" cb="0" />
      <line nr="27" mi="0" ci="1" mb="0" cb="0" />
      <line nr="30" mi="1" ci="0" mb="0" cb="0" />
      <line nr="36" mi="0" ci="1" mb="0" cb="0" />
      <line nr="39" mi="0" ci="1" mb="0" cb="0" />
      <line nr="40" mi="0" ci="3" mb="0" cb="0" />
      <line nr="43" mi="1" ci="0" mb="0" cb="0" />
      <line nr="45" mi="0" ci="1" mb="0" cb="0" />
      <line nr="46" mi="0" ci="1" mb="0" cb="0" />
      <line nr="47" mi="0" ci="2" mb="0" cb="0" />
      <line nr="48" mi="0" ci="1" mb="0" cb="0" />
      <line nr="53" mi="0" ci="1" mb="0" cb="0" />
      <line nr="54" mi="0" ci="1" mb="0" cb="0" />
      <line nr="57" mi="0" ci="2" mb="0" cb="0" />
      <line nr="60" mi="1" ci="0" mb="0" cb="0" />
      <line nr="63" mi="0" ci="1" mb="0" cb="0" />
      <line nr="65" mi="0" ci="1" mb="0" cb="0" />
      <line nr="66" mi="0" ci="1" mb="0" cb="0" />
      <line nr="67" mi="0" ci="1" mb="0" cb="0" />
      <line nr="68" mi="0" ci="1" mb="0" cb="0" />
      <line nr="70" mi="0" ci="1" mb="0" cb="0" />
      <line nr="75" mi="1" ci="0" mb="0" cb="0" />
      <line nr="76" mi="2" ci="0" mb="0" cb="0" />
      <line nr="77" mi="1" ci="0" mb="0" cb="0" />
      <line nr="84" mi="0" ci="1" mb="0" cb="0" />
      <counter type="INSTRUCTION" missed="7" covered="28" />
      <counter type="LINE" missed="6" covered="23" />
      <counter type="METHOD" missed="0" covered="1" />
      <counter type="CLASS" missed="0" covered="1" />
    </sourcefile>
    <sourcefile name="Public/Get-EvergreenApp.ps1">
      <line nr="36" mi="0" ci="1" mb="0" cb="0" />
      <line nr="37" mi="1" ci="0" mb="0" cb="0" />
      <line nr="39" mi="1" ci="0" mb="0" cb="0" />
      <line nr="40" mi="1" ci="0" mb="0" cb="0" />
      <line nr="45" mi="0" ci="1" mb="0" cb="0" />
      <line nr="46" mi="1" ci="0" mb="0" cb="0" />
      <line nr="53" mi="0" ci="1" mb="0" cb="0" />
      <line nr="54" mi="0" ci="1" mb="0" cb="0" />
      <line nr="57" mi="0" ci="1" mb="0" cb="0" />
      <line nr="58" mi="0" ci="1" mb="0" cb="0" />
      <line nr="64" mi="0" ci="1" mb="0" cb="0" />
      <line nr="65" mi="0" ci="1" mb="0" cb="0" />
      <line nr="68" mi="2" ci="0" mb="0" cb="0" />
      <line nr="74" mi="0" ci="1" mb="0" cb="0" />
      <line nr="75" mi="0" ci="2" mb="0" cb="0" />
      <line nr="77" mi="0" ci="1" mb="0" cb="0" />
      <line nr="78" mi="1" ci="0" mb="0" cb="0" />
      <line nr="79" mi="1" ci="0" mb="0" cb="0" />
      <line nr="81" mi="0" ci="1" mb="0" cb="0" />
      <line nr="82" mi="0" ci="1" mb="0" cb="0" />
      <line nr="85" mi="2" ci="0" mb="0" cb="0" />
      <line nr="88" mi="0" ci="1" mb="0" cb="0" />
      <line nr="89" mi="1" ci="0" mb="0" cb="0" />
      <line nr="95" mi="0" ci="1" mb="0" cb="0" />
      <line nr="96" mi="0" ci="1" mb="0" cb="0" />
      <line nr="97" mi="0" ci="1" mb="0" cb="0" />
      <line nr="98" mi="0" ci="6" mb="0" cb="0" />
      <line nr="101" mi="1" ci="0" mb="0" cb="0" />
      <line nr="106" mi="0" ci="1" mb="0" cb="0" />
      <line nr="107" mi="0" ci="1" mb="0" cb="0" />
      <line nr="108" mi="0" ci="2" mb="0" cb="0" />
      <line nr="109" mi="0" ci="1" mb="0" cb="0" />
      <line nr="110" mi="1" ci="0" mb="0" cb="0" />
      <line nr="111" mi="1" ci="0" mb="0" cb="0" />
      <line nr="112" mi="1" ci="0" mb="0" cb="0" />
      <line nr="113" mi="3" ci="0" mb="0" cb="0" />
      <line nr="114" mi="1" ci="0" mb="0" cb="0" />
      <line nr="116" mi="1" ci="0" mb="0" cb="0" />
      <line nr="123" mi="0" ci="1" mb="0" cb="0" />
      <line nr="124" mi="0" ci="1" mb="0" cb="0" />
      <line nr="125" mi="1" ci="0" mb="0" cb="0" />
      <counter type="INSTRUCTION" missed="21" covered="31" />
      <counter type="LINE" missed="17" covered="24" />
      <counter type="METHOD" missed="0" covered="1" />
      <counter type="CLASS" missed="0" covered="1" />
    </sourcefile>
    <sourcefile name="Public/Get-EvergreenLibrary.ps1">
      <line nr="21" mi="0" ci="1" mb="0" cb="0" />
      <line nr="22" mi="0" ci="2" mb="0" cb="0" />
      <line nr="24" mi="0" ci="1" mb="0" cb="0" />
      <line nr="25" mi="0" ci="1" mb="0" cb="0" />
      <line nr="29" mi="0" ci="1" mb="0" cb="0" />
      <line nr="30" mi="0" ci="2" mb="0" cb="0" />
      <line nr="33" mi="2" ci="0" mb="0" cb="0" />
      <line nr="36" mi="0" ci="1" mb="0" cb="0" />
      <line nr="39" mi="0" ci="1" mb="0" cb="0" />
      <line nr="40" mi="0" ci="1" mb="0" cb="0" />
      <line nr="41" mi="0" ci="2" mb="0" cb="0" />
      <line nr="44" mi="0" ci="1" mb="0" cb="0" />
      <line nr="47" mi="0" ci="2" mb="0" cb="0" />
      <line nr="48" mi="0" ci="1" mb="0" cb="0" />
      <line nr="50" mi="0" ci="3" mb="0" cb="0" />
      <line nr="51" mi="0" ci="1" mb="0" cb="0" />
      <line nr="54" mi="0" ci="1" mb="0" cb="0" />
      <line nr="55" mi="0" ci="2" mb="0" cb="0" />
      <line nr="58" mi="0" ci="2" mb="0" cb="0" />
      <line nr="63" mi="0" ci="1" mb="0" cb="0" />
      <line nr="64" mi="0" ci="1" mb="0" cb="0" />
      <line nr="65" mi="0" ci="1" mb="0" cb="0" />
      <line nr="67" mi="0" ci="2" mb="0" cb="0" />
      <line nr="70" mi="3" ci="0" mb="0" cb="0" />
      <line nr="75" mi="1" ci="0" mb="0" cb="0" />
      <line nr="79" mi="1" ci="0" mb="0" cb="0" />
      <line nr="84" mi="0" ci="1" mb="0" cb="0" />
      <line nr="88" mi="1" ci="0" mb="0" cb="0" />
      <line nr="92" mi="1" ci="0" mb="0" cb="0" />
      <counter type="INSTRUCTION" missed="9" covered="32" />
      <counter type="LINE" missed="6" covered="23" />
      <counter type="METHOD" missed="0" covered="1" />
      <counter type="CLASS" missed="0" covered="1" />
    </sourcefile>
    <sourcefile name="Public/Invoke-EvergreenApp.ps1">
      <line nr="20" mi="1" ci="0" mb="0" cb="0" />
      <line nr="21" mi="1" ci="0" mb="0" cb="0" />
      <counter type="INSTRUCTION" missed="2" covered="0" />
      <counter type="LINE" missed="2" covered="0" />
      <counter type="METHOD" missed="1" covered="0" />
      <counter type="CLASS" missed="1" covered="0" />
    </sourcefile>
    <sourcefile name="Public/Invoke-EvergreenLibraryUpdate.ps1">
      <line nr="25" mi="0" ci="1" mb="0" cb="0" />
      <line nr="26" mi="0" ci="1" mb="0" cb="0" />
      <line nr="27" mi="1" ci="0" mb="0" cb="0" />
      <line nr="29" mi="0" ci="1" mb="0" cb="0" />
      <line nr="30" mi="1" ci="0" mb="0" cb="0" />
      <line nr="36" mi="0" ci="1" mb="0" cb="0" />
      <line nr="37" mi="0" ci="2" mb="0" cb="0" />
      <line nr="39" mi="0" ci="1" mb="0" cb="0" />
      <line nr="40" mi="0" ci="1" mb="0" cb="0" />
      <line nr="42" mi="0" ci="2" mb="0" cb="0" />
      <line nr="45" mi="2" ci="0" mb="0" cb="0" />
      <line nr="48" mi="0" ci="1" mb="0" cb="0" />
      <line nr="51" mi="0" ci="2" mb="0" cb="0" />
      <line nr="52" mi="0" ci="1" mb="0" cb="0" />
      <line nr="53" mi="0" ci="2" mb="0" cb="0" />
      <line nr="56" mi="0" ci="2" mb="0" cb="0" />
      <line nr="57" mi="0" ci="1" mb="0" cb="0" />
      <line nr="60" mi="2" ci="0" mb="0" cb="0" />
      <line nr="64" mi="0" ci="2" mb="0" cb="0" />
      <line nr="67" mi="0" ci="1" mb="0" cb="0" />
      <line nr="68" mi="0" ci="3" mb="0" cb="0" />
      <line nr="71" mi="0" ci="2" mb="0" cb="0" />
      <line nr="72" mi="0" ci="2" mb="0" cb="0" />
      <line nr="76" mi="0" ci="1" mb="0" cb="0" />
      <line nr="77" mi="3" ci="0" mb="0" cb="0" />
      <line nr="78" mi="3" ci="0" mb="0" cb="0" />
      <line nr="79" mi="2" ci="0" mb="0" cb="0" />
      <line nr="80" mi="2" ci="0" mb="0" cb="0" />
      <line nr="84" mi="0" ci="2" mb="0" cb="0" />
      <line nr="85" mi="0" ci="2" mb="0" cb="0" />
      <line nr="89" mi="0" ci="3" mb="0" cb="0" />
      <line nr="94" mi="1" ci="0" mb="0" cb="0" />
      <line nr="98" mi="1" ci="0" mb="0" cb="0" />
      <counter type="INSTRUCTION" missed="18" covered="37" />
      <counter type="LINE" missed="10" covered="23" />
      <counter type="METHOD" missed="0" covered="1" />
      <counter type="CLASS" missed="0" covered="1" />
    </sourcefile>
    <sourcefile name="Public/New-EvergreenLibrary.ps1">
      <line nr="27" mi="0" ci="1" mb="0" cb="0" />
      <line nr="28" mi="0" ci="2" mb="0" cb="0" />
      <line nr="31" mi="1" ci="0" mb="0" cb="0" />
      <line nr="37" mi="0" ci="1" mb="0" cb="0" />
      <line nr="38" mi="1" ci="0" mb="0" cb="0" />
      <line nr="42" mi="0" ci="1" mb="0" cb="0" />
      <line nr="43" mi="0" ci="1" mb="0" cb="0" />
      <line nr="44" mi="0" ci="1" mb="0" cb="0" />
      <line nr="45" mi="0" ci="1" mb="0" cb="0" />
      <line nr="46" mi="0" ci="1" mb="0" cb="0" />
      <line nr="48" mi="0" ci="1" mb="0" cb="0" />
      <line nr="49" mi="0" ci="1" mb="0" cb="0" />
      <line nr="50" mi="0" ci="2" mb="0" cb="0" />
      <line nr="53" mi="2" ci="0" mb="0" cb="0" />
      <line nr="58" mi="0" ci="2" mb="0" cb="0" />
      <line nr="59" mi="0" ci="1" mb="0" cb="0" />
      <line nr="60" mi="1" ci="0" mb="0" cb="0" />
      <line nr="64" mi="0" ci="1" mb="0" cb="0" />
      <line nr="65" mi="0" ci="3" mb="0" cb="0" />
      <line nr="68" mi="1" ci="0" mb="0" cb="0" />
      <counter type="INSTRUCTION" missed="6" covered="20" />
      <counter type="LINE" missed="5" covered="15" />
      <counter type="METHOD" missed="0" covered="1" />
      <counter type="CLASS" missed="0" covered="1" />
    </sourcefile>
    <sourcefile name="Public/Save-EvergreenApp.ps1">
      <line nr="49" mi="0" ci="2" mb="0" cb="0" />
      <line nr="50" mi="1" ci="0" mb="0" cb="0" />
      <line nr="53" mi="0" ci="1" mb="0" cb="0" />
      <line nr="57" mi="0" ci="1" mb="0" cb="0" />
      <line nr="59" mi="1" ci="1" mb="0" cb="0" />
      <line nr="60" mi="0" ci="1" mb="0" cb="0" />
      <line nr="63" mi="2" ci="0" mb="0" cb="0" />
      <line nr="64" mi="1" ci="0" mb="0" cb="0" />
      <line nr="69" mi="0" ci="1" mb="0" cb="0" />
      <line nr="70" mi="0" ci="1" mb="0" cb="0" />
      <line nr="73" mi="0" ci="1" mb="0" cb="0" />
      <line nr="75" mi="0" ci="1" mb="0" cb="0" />
      <line nr="76" mi="0" ci="1" mb="0" cb="0" />
      <line nr="77" mi="0" ci="1" mb="0" cb="0" />
      <line nr="78" mi="0" ci="1" mb="0" cb="0" />
      <line nr="79" mi="0" ci="1" mb="0" cb="0" />
      <line nr="81" mi="0" ci="2" mb="0" cb="0" />
      <line nr="84" mi="2" ci="0" mb="0" cb="0" />
      <line nr="90" mi="0" ci="1" mb="0" cb="0" />
      <line nr="95" mi="0" ci="1" mb="0" cb="0" />
      <line nr="98" mi="0" ci="2" mb="0" cb="0" />
      <line nr="99" mi="0" ci="2" mb="0" cb="0" />
      <line nr="100" mi="0" ci="2" mb="0" cb="0" />
      <line nr="101" mi="1" ci="0" mb="0" cb="0" />
      <line nr="103" mi="0" ci="2" mb="0" cb="0" />
      <line nr="104" mi="0" ci="1" mb="0" cb="0" />
      <line nr="108" mi="1" ci="0" mb="0" cb="0" />
      <line nr="113" mi="0" ci="1" mb="0" cb="0" />
      <line nr="116" mi="0" ci="1" mb="0" cb="0" />
      <line nr="117" mi="0" ci="1" mb="0" cb="0" />
      <line nr="120" mi="0" ci="2" mb="0" cb="0" />
      <line nr="123" mi="0" ci="1" mb="0" cb="0" />
      <line nr="126" mi="1" ci="0" mb="0" cb="0" />
      <line nr="131" mi="1" ci="0" mb="0" cb="0" />
      <line nr="135" mi="1" ci="0" mb="0" cb="0" />
      <line nr="139" mi="0" ci="2" mb="0" cb="0" />
      <line nr="140" mi="0" ci="2" mb="0" cb="0" />
      <line nr="144" mi="0" ci="1" mb="0" cb="0" />
      <line nr="145" mi="0" ci="1" mb="0" cb="0" />
      <line nr="146" mi="0" ci="1" mb="0" cb="0" />
      <line nr="147" mi="0" ci="1" mb="0" cb="0" />
      <line nr="148" mi="0" ci="1" mb="0" cb="0" />
      <line nr="150" mi="0" ci="1" mb="0" cb="0" />
      <line nr="151" mi="1" ci="0" mb="0" cb="0" />
      <line nr="153" mi="0" ci="1" mb="0" cb="0" />
      <line nr="154" mi="1" ci="0" mb="0" cb="0" />
      <line nr="157" mi="0" ci="1" mb="0" cb="0" />
      <line nr="158" mi="0" ci="1" mb="0" cb="0" />
      <line nr="163" mi="0" ci="1" mb="0" cb="0" />
      <line nr="164" mi="0" ci="1" mb="0" cb="0" />
      <line nr="165" mi="0" ci="1" mb="0" cb="0" />
      <line nr="166" mi="0" ci="2" mb="0" cb="0" />
      <line nr="172" mi="2" ci="0" mb="0" cb="0" />
      <line nr="173" mi="2" ci="0" mb="0" cb="0" />
      <line nr="178" mi="1" ci="0" mb="0" cb="0" />
      <line nr="179" mi="1" ci="0" mb="0" cb="0" />
      <line nr="180" mi="2" ci="0" mb="0" cb="0" />
      <line nr="188" mi="0" ci="1" mb="0" cb="0" />
      <line nr="189" mi="0" ci="1" mb="0" cb="0" />
      <line nr="190" mi="0" ci="2" mb="0" cb="0" />
      <line nr="191" mi="0" ci="1" mb="0" cb="0" />
      <counter type="INSTRUCTION" missed="22" covered="56" />
      <counter type="LINE" missed="16" covered="45" />
      <counter type="METHOD" missed="0" covered="1" />
      <counter type="CLASS" missed="0" covered="1" />
    </sourcefile>
    <sourcefile name="Public/Test-EvergreenApp.ps1">
      <line nr="33" mi="0" ci="2" mb="0" cb="0" />
      <line nr="34" mi="1" ci="0" mb="0" cb="0" />
      <line nr="37" mi="0" ci="1" mb="0" cb="0" />
      <line nr="41" mi="0" ci="1" mb="0" cb="0" />
      <line nr="46" mi="0" ci="1" mb="0" cb="0" />
      <line nr="49" mi="0" ci="2" mb="0" cb="0" />
      <line nr="52" mi="1" ci="0" mb="0" cb="0" />
      <line nr="57" mi="0" ci="1" mb="0" cb="0" />
      <line nr="58" mi="0" ci="1" mb="0" cb="0" />
      <line nr="59" mi="0" ci="1" mb="0" cb="0" />
      <line nr="60" mi="0" ci="1" mb="0" cb="0" />
      <line nr="61" mi="0" ci="1" mb="0" cb="0" />
      <line nr="63" mi="0" ci="1" mb="0" cb="0" />
      <line nr="64" mi="1" ci="0" mb="0" cb="0" />
      <line nr="66" mi="0" ci="1" mb="0" cb="0" />
      <line nr="67" mi="1" ci="0" mb="0" cb="0" />
      <line nr="69" mi="0" ci="1" mb="0" cb="0" />
      <line nr="70" mi="0" ci="2" mb="0" cb="0" />
      <line nr="73" mi="1" ci="0" mb="0" cb="0" />
      <line nr="75" mi="0" ci="1" mb="0" cb="0" />
      <line nr="76" mi="0" ci="1" mb="0" cb="0" />
      <line nr="77" mi="0" ci="1" mb="0" cb="0" />
      <line nr="79" mi="0" ci="1" mb="0" cb="0" />
      <line nr="84" mi="0" ci="1" mb="0" cb="0" />
      <line nr="85" mi="0" ci="2" mb="0" cb="0" />
      <line nr="86" mi="0" ci="1" mb="0" cb="0" />
      <counter type="INSTRUCTION" missed="5" covered="25" />
      <counter type="LINE" missed="5" covered="21" />
      <counter type="METHOD" missed="0" covered="1" />
      <counter type="CLASS" missed="0" covered="1" />
    </sourcefile>
    <counter type="INSTRUCTION" missed="99" covered="260" />
    <counter type="LINE" missed="74" covered="195" />
    <counter type="METHOD" missed="1" covered="9" />
    <counter type="CLASS" missed="1" covered="9" />
  </package>
  <package name="Evergreen">
    <class name="Evergreen/Evergreen" sourcefilename="Evergreen.psm1">
      <method name="&lt;script&gt;" desc="()" line="9">
        <counter type="INSTRUCTION" missed="2" covered="13" />
        <counter type="LINE" missed="1" covered="8" />
        <counter type="METHOD" missed="0" covered="1" />
      </method>
      <counter type="INSTRUCTION" missed="2" covered="13" />
      <counter type="LINE" missed="1" covered="8" />
      <counter type="METHOD" missed="0" covered="1" />
      <counter type="CLASS" missed="0" covered="1" />
    </class>
    <sourcefile name="Evergreen.psm1">
      <line nr="9" mi="0" ci="1" mb="0" cb="0" />
      <line nr="10" mi="0" ci="1" mb="0" cb="0" />
      <line nr="11" mi="0" ci="3" mb="0" cb="0" />
      <line nr="12" mi="0" ci="3" mb="0" cb="0" />
      <line nr="15" mi="0" ci="2" mb="0" cb="0" />
      <line nr="17" mi="0" ci="1" mb="0" cb="0" />
      <line nr="20" mi="2" ci="0" mb="0" cb="0" />
      <line nr="25" mi="0" ci="1" mb="0" cb="0" />
      <line nr="29" mi="0" ci="1" mb="0" cb="0" />
      <counter type="INSTRUCTION" missed="2" covered="13" />
      <counter type="LINE" missed="1" covered="8" />
      <counter type="METHOD" missed="0" covered="1" />
      <counter type="CLASS" missed="0" covered="1" />
    </sourcefile>
    <counter type="INSTRUCTION" missed="2" covered="13" />
    <counter type="LINE" missed="1" covered="8" />
    <counter type="METHOD" missed="0" covered="1" />
    <counter type="CLASS" missed="0" covered="1" />
  </package>
  <counter type="INSTRUCTION" missed="1623" covered="4254" />
  <counter type="LINE" missed="804" covered="3237" />
  <counter type="METHOD" missed="250" covered="31" />
  <counter type="CLASS" missed="250" covered="31" />
</report>
